2018-05-11 00:10:18,234 INFO o.a.j.u.JMeterUtils: Setting Locale to es_ES
2018-05-11 00:10:18,245 INFO o.a.j.u.JMeterUtils: Could not find resources for 'es_ES', using 'es'
2018-05-11 00:10:18,246 INFO o.a.j.JMeter: Loading user properties from: user.properties
2018-05-11 00:10:18,247 INFO o.a.j.JMeter: Loading system properties from: system.properties
2018-05-11 00:10:18,250 INFO o.a.j.JMeter: Copyright (c) 1998-2017 The Apache Software Foundation
2018-05-11 00:10:18,250 INFO o.a.j.JMeter: Version 3.3 r1808647
2018-05-11 00:10:18,251 INFO o.a.j.JMeter: java.version=1.8.0_162
2018-05-11 00:10:18,251 INFO o.a.j.JMeter: java.vm.name=OpenJDK 64-Bit Server VM
2018-05-11 00:10:18,251 INFO o.a.j.JMeter: os.name=Linux
2018-05-11 00:10:18,251 INFO o.a.j.JMeter: os.arch=amd64
2018-05-11 00:10:18,251 INFO o.a.j.JMeter: os.version=4.13.0-39-generic
2018-05-11 00:10:18,251 INFO o.a.j.JMeter: file.encoding=UTF-8
2018-05-11 00:10:18,251 INFO o.a.j.JMeter: Max memory     =536870912
2018-05-11 00:10:18,251 INFO o.a.j.JMeter: Available Processors =8
2018-05-11 00:10:18,257 INFO o.a.j.JMeter: Default Locale=español (España)
2018-05-11 00:10:18,257 INFO o.a.j.JMeter: JMeter  Locale=español (España)
2018-05-11 00:10:18,257 INFO o.a.j.JMeter: JMeterHome=/home/sergio/Dropbox/Universidad/TerceroIngenieria/SegundoCuatrimestre/ESI/laboratorio/apache-jmeter-3.3
2018-05-11 00:10:18,257 INFO o.a.j.JMeter: user.dir  =/home/sergio/Dropbox/Universidad/TerceroIngenieria/SegundoCuatrimestre/ESI/laboratorio/apache-jmeter-3.3/bin
2018-05-11 00:10:18,257 INFO o.a.j.JMeter: PWD       =/home/sergio/Dropbox/Universidad/TerceroIngenieria/SegundoCuatrimestre/ESI/laboratorio/apache-jmeter-3.3/bin
2018-05-11 00:10:18,258 INFO o.a.j.JMeter: IP: 127.0.1.1 Name: sergio-Alienware-17-R2 FullName: sergio-Alienware-17-R2
2018-05-11 00:10:18,260 INFO o.a.j.s.FileServer: Default base='/home/sergio/Dropbox/Universidad/TerceroIngenieria/SegundoCuatrimestre/ESI/laboratorio/apache-jmeter-3.3/bin'
2018-05-11 00:10:18,260 INFO o.a.j.s.FileServer: Set new base='/home/sergio/Dropbox/Universidad/TerceroIngenieria/SegundoCuatrimestre/ESI/laboratorio/apache-jmeter-3.3/bin/../../lab1/Práctica2/Escenarios Jmeter'
2018-05-11 00:10:18,359 INFO o.a.j.s.SaveService: Testplan (JMX) version: 2.2. Testlog (JTL) version: 2.2
2018-05-11 00:10:18,368 INFO o.a.j.s.SaveService: Using SaveService properties file encoding UTF-8
2018-05-11 00:10:18,372 INFO o.a.j.s.SaveService: Using SaveService properties version 3.2
2018-05-11 00:10:18,376 INFO o.a.j.s.SaveService: Loading file: ../../lab1/Práctica2/Escenarios Jmeter/ModificarApunte.jmx
2018-05-11 00:10:18,411 INFO o.a.j.p.h.s.HTTPSamplerBase: Parser for text/html is org.apache.jmeter.protocol.http.parser.LagartoBasedHtmlParser
2018-05-11 00:10:18,411 INFO o.a.j.p.h.s.HTTPSamplerBase: Parser for application/xhtml+xml is org.apache.jmeter.protocol.http.parser.LagartoBasedHtmlParser
2018-05-11 00:10:18,412 INFO o.a.j.p.h.s.HTTPSamplerBase: Parser for application/xml is org.apache.jmeter.protocol.http.parser.LagartoBasedHtmlParser
2018-05-11 00:10:18,412 INFO o.a.j.p.h.s.HTTPSamplerBase: Parser for text/xml is org.apache.jmeter.protocol.http.parser.LagartoBasedHtmlParser
2018-05-11 00:10:18,412 INFO o.a.j.p.h.s.HTTPSamplerBase: Parser for text/vnd.wap.wml is org.apache.jmeter.protocol.http.parser.RegexpHTMLParser
2018-05-11 00:10:18,412 INFO o.a.j.p.h.s.HTTPSamplerBase: Parser for text/css is org.apache.jmeter.protocol.http.parser.CssParser
2018-05-11 00:10:18,578 INFO o.a.j.e.KeyToolUtils: keytool found at 'keytool'
2018-05-11 00:10:18,579 INFO o.a.j.p.h.p.ProxyControl: HTTP(S) Test Script Recorder SSL Proxy will use keys that support embedded 3rd party resources in file /home/sergio/Dropbox/Universidad/TerceroIngenieria/SegundoCuatrimestre/ESI/laboratorio/apache-jmeter-3.3/bin/proxyserver.jks
2018-05-11 00:10:18,588 INFO o.a.j.JMeter: Creating summariser <summary>
2018-05-11 00:10:18,593 INFO o.a.j.e.StandardJMeterEngine: Running the test!
2018-05-11 00:10:18,593 INFO o.a.j.s.SampleEvent: List of sample_variables: []
2018-05-11 00:10:18,594 INFO o.a.j.s.SampleEvent: List of sample_variables: []
2018-05-11 00:10:18,598 INFO o.a.j.e.u.CompoundVariable: Note: Function class names must contain the string: '.functions.'
2018-05-11 00:10:18,598 INFO o.a.j.e.u.CompoundVariable: Note: Function class names must not contain the string: '.gui.'
2018-05-11 00:10:18,929 INFO o.a.j.JMeter: Test lanzado (1525990218928)
2018-05-11 00:10:18,956 INFO o.a.j.e.StandardJMeterEngine: Starting ThreadGroup: 1 : Hilos de Modificar Apunte
2018-05-11 00:10:18,956 INFO o.a.j.e.StandardJMeterEngine: Starting 440 threads for group Hilos de Modificar Apunte.
2018-05-11 00:10:18,956 INFO o.a.j.e.StandardJMeterEngine: Thread will continue on error
2018-05-11 00:10:18,956 INFO o.a.j.t.ThreadGroup: Starting thread group... number=1 threads=440 ramp-up=12 perThread=27.272728 delayedStart=false
2018-05-11 00:10:18,966 INFO o.a.j.t.JMeterThread: Thread started: Hilos de Modificar Apunte 1-1
2018-05-11 00:10:18,982 INFO o.a.j.p.h.s.HTTPJavaImpl: Maximum connection retries = 0
2018-05-11 00:10:18,984 INFO o.a.j.s.SampleResult: Note: Sample TimeStamps are START times
2018-05-11 00:10:18,984 INFO o.a.j.s.SampleResult: sampleresult.default.encoding is set to ISO-8859-1
2018-05-11 00:10:18,984 INFO o.a.j.s.SampleResult: sampleresult.useNanoTime=true
2018-05-11 00:10:18,985 INFO o.a.j.s.SampleResult: sampleresult.nanoThreadSleep=5000
2018-05-11 00:10:18,994 INFO o.a.j.t.JMeterThread: Thread started: Hilos de Modificar Apunte 1-2
2018-05-11 00:10:19,023 INFO o.a.j.t.JMeterThread: Thread started: Hilos de Modificar Apunte 1-3
2018-05-11 00:10:19,053 INFO o.a.j.t.JMeterThread: Thread started: Hilos de Modificar Apunte 1-4
2018-05-11 00:10:19,086 INFO o.a.j.t.JMeterThread: Thread started: Hilos de Modificar Apunte 1-5
2018-05-11 00:10:19,117 INFO o.a.j.t.JMeterThread: Thread started: Hilos de Modificar Apunte 1-6
2018-05-11 00:10:19,146 INFO o.a.j.t.JMeterThread: Thread started: Hilos de Modificar Apunte 1-7
2018-05-11 00:10:19,174 INFO o.a.j.t.JMeterThread: Thread started: Hilos de Modificar Apunte 1-8
2018-05-11 00:10:19,204 INFO o.a.j.t.JMeterThread: Thread started: Hilos de Modificar Apunte 1-9
2018-05-11 00:10:19,234 INFO o.a.j.t.JMeterThread: Thread started: Hilos de Modificar Apunte 1-10
2018-05-11 00:10:19,268 INFO o.a.j.t.JMeterThread: Thread started: Hilos de Modificar Apunte 1-11
2018-05-11 00:10:19,298 INFO o.a.j.t.JMeterThread: Thread started: Hilos de Modificar Apunte 1-12
2018-05-11 00:10:19,326 INFO o.a.j.t.JMeterThread: Thread started: Hilos de Modificar Apunte 1-13
2018-05-11 00:10:19,354 INFO o.a.j.t.JMeterThread: Thread started: Hilos de Modificar Apunte 1-14
2018-05-11 00:10:19,414 INFO o.a.j.t.JMeterThread: Thread started: Hilos de Modificar Apunte 1-15
2018-05-11 00:10:19,414 INFO o.a.j.t.JMeterThread: Thread started: Hilos de Modificar Apunte 1-16
2018-05-11 00:10:19,433 INFO o.a.j.t.ThreadGroup: Started thread group number 1
2018-05-11 00:10:19,433 INFO o.a.j.e.StandardJMeterEngine: All thread groups have been started
2018-05-11 00:10:19,439 INFO o.a.j.t.JMeterThread: Thread started: Hilos de Modificar Apunte 1-17
2018-05-11 00:10:19,467 INFO o.a.j.t.JMeterThread: Thread started: Hilos de Modificar Apunte 1-18
2018-05-11 00:10:19,495 INFO o.a.j.t.JMeterThread: Thread started: Hilos de Modificar Apunte 1-19
2018-05-11 00:10:19,524 INFO o.a.j.t.JMeterThread: Thread started: Hilos de Modificar Apunte 1-20
2018-05-11 00:10:19,551 INFO o.a.j.t.JMeterThread: Thread started: Hilos de Modificar Apunte 1-21
2018-05-11 00:10:19,579 INFO o.a.j.t.JMeterThread: Thread started: Hilos de Modificar Apunte 1-22
2018-05-11 00:10:19,607 INFO o.a.j.t.JMeterThread: Thread started: Hilos de Modificar Apunte 1-23
2018-05-11 00:10:19,635 INFO o.a.j.t.JMeterThread: Thread started: Hilos de Modificar Apunte 1-24
2018-05-11 00:10:19,662 INFO o.a.j.t.JMeterThread: Thread started: Hilos de Modificar Apunte 1-25
2018-05-11 00:10:19,690 INFO o.a.j.t.JMeterThread: Thread started: Hilos de Modificar Apunte 1-26
2018-05-11 00:10:19,718 INFO o.a.j.t.JMeterThread: Thread started: Hilos de Modificar Apunte 1-27
2018-05-11 00:10:19,746 INFO o.a.j.t.JMeterThread: Thread started: Hilos de Modificar Apunte 1-28
2018-05-11 00:10:19,774 INFO o.a.j.t.JMeterThread: Thread started: Hilos de Modificar Apunte 1-29
2018-05-11 00:10:19,801 INFO o.a.j.t.JMeterThread: Thread started: Hilos de Modificar Apunte 1-30
2018-05-11 00:10:19,830 INFO o.a.j.t.JMeterThread: Thread started: Hilos de Modificar Apunte 1-31
2018-05-11 00:10:19,858 INFO o.a.j.t.JMeterThread: Thread started: Hilos de Modificar Apunte 1-32
2018-05-11 00:10:19,886 INFO o.a.j.t.JMeterThread: Thread started: Hilos de Modificar Apunte 1-33
2018-05-11 00:10:19,914 INFO o.a.j.t.JMeterThread: Thread started: Hilos de Modificar Apunte 1-34
2018-05-11 00:10:19,942 INFO o.a.j.t.JMeterThread: Thread started: Hilos de Modificar Apunte 1-35
2018-05-11 00:10:19,969 INFO o.a.j.t.JMeterThread: Thread started: Hilos de Modificar Apunte 1-36
2018-05-11 00:10:19,996 INFO o.a.j.t.JMeterThread: Thread started: Hilos de Modificar Apunte 1-37
2018-05-11 00:10:20,025 INFO o.a.j.t.JMeterThread: Thread started: Hilos de Modificar Apunte 1-38
2018-05-11 00:10:20,060 INFO o.a.j.t.JMeterThread: Thread started: Hilos de Modificar Apunte 1-39
2018-05-11 00:10:20,088 INFO o.a.j.t.JMeterThread: Thread started: Hilos de Modificar Apunte 1-40
2018-05-11 00:10:20,116 INFO o.a.j.t.JMeterThread: Thread started: Hilos de Modificar Apunte 1-41
2018-05-11 00:10:20,145 INFO o.a.j.t.JMeterThread: Thread started: Hilos de Modificar Apunte 1-42
2018-05-11 00:10:20,174 INFO o.a.j.t.JMeterThread: Thread started: Hilos de Modificar Apunte 1-43
2018-05-11 00:10:20,201 INFO o.a.j.t.JMeterThread: Thread started: Hilos de Modificar Apunte 1-44
2018-05-11 00:10:20,233 INFO o.a.j.t.JMeterThread: Thread started: Hilos de Modificar Apunte 1-45
2018-05-11 00:10:20,263 INFO o.a.j.t.JMeterThread: Thread started: Hilos de Modificar Apunte 1-46
2018-05-11 00:10:20,292 INFO o.a.j.t.JMeterThread: Thread started: Hilos de Modificar Apunte 1-47
2018-05-11 00:10:20,321 INFO o.a.j.t.JMeterThread: Thread started: Hilos de Modificar Apunte 1-48
2018-05-11 00:10:20,350 INFO o.a.j.t.JMeterThread: Thread started: Hilos de Modificar Apunte 1-49
2018-05-11 00:10:20,378 INFO o.a.j.t.JMeterThread: Thread started: Hilos de Modificar Apunte 1-50
2018-05-11 00:10:20,405 INFO o.a.j.t.JMeterThread: Thread started: Hilos de Modificar Apunte 1-51
2018-05-11 00:10:20,433 INFO o.a.j.t.JMeterThread: Thread started: Hilos de Modificar Apunte 1-52
2018-05-11 00:10:20,462 INFO o.a.j.t.JMeterThread: Thread started: Hilos de Modificar Apunte 1-53
2018-05-11 00:10:20,489 INFO o.a.j.t.JMeterThread: Thread started: Hilos de Modificar Apunte 1-54
2018-05-11 00:10:20,517 INFO o.a.j.t.JMeterThread: Thread started: Hilos de Modificar Apunte 1-55
2018-05-11 00:10:20,547 INFO o.a.j.t.JMeterThread: Thread started: Hilos de Modificar Apunte 1-56
2018-05-11 00:10:20,574 INFO o.a.j.t.JMeterThread: Thread started: Hilos de Modificar Apunte 1-57
2018-05-11 00:10:20,602 INFO o.a.j.t.JMeterThread: Thread started: Hilos de Modificar Apunte 1-58
2018-05-11 00:10:20,630 INFO o.a.j.t.JMeterThread: Thread started: Hilos de Modificar Apunte 1-59
2018-05-11 00:10:20,661 INFO o.a.j.t.JMeterThread: Thread started: Hilos de Modificar Apunte 1-60
2018-05-11 00:10:20,689 INFO o.a.j.t.JMeterThread: Thread started: Hilos de Modificar Apunte 1-61
2018-05-11 00:10:20,717 INFO o.a.j.t.JMeterThread: Thread started: Hilos de Modificar Apunte 1-62
2018-05-11 00:10:20,745 INFO o.a.j.t.JMeterThread: Thread started: Hilos de Modificar Apunte 1-63
2018-05-11 00:10:20,774 INFO o.a.j.t.JMeterThread: Thread started: Hilos de Modificar Apunte 1-64
2018-05-11 00:10:20,801 INFO o.a.j.t.JMeterThread: Thread started: Hilos de Modificar Apunte 1-65
2018-05-11 00:10:20,829 INFO o.a.j.t.JMeterThread: Thread started: Hilos de Modificar Apunte 1-66
2018-05-11 00:10:20,861 INFO o.a.j.t.JMeterThread: Thread started: Hilos de Modificar Apunte 1-67
2018-05-11 00:10:20,888 INFO o.a.j.t.JMeterThread: Thread started: Hilos de Modificar Apunte 1-68
2018-05-11 00:10:20,918 INFO o.a.j.t.JMeterThread: Thread started: Hilos de Modificar Apunte 1-69
2018-05-11 00:10:20,946 INFO o.a.j.t.JMeterThread: Thread started: Hilos de Modificar Apunte 1-70
2018-05-11 00:10:20,974 INFO o.a.j.t.JMeterThread: Thread started: Hilos de Modificar Apunte 1-71
2018-05-11 00:10:21,002 INFO o.a.j.t.JMeterThread: Thread started: Hilos de Modificar Apunte 1-72
2018-05-11 00:10:21,029 INFO o.a.j.t.JMeterThread: Thread started: Hilos de Modificar Apunte 1-73
2018-05-11 00:10:21,057 INFO o.a.j.t.JMeterThread: Thread started: Hilos de Modificar Apunte 1-74
2018-05-11 00:10:21,086 INFO o.a.j.t.JMeterThread: Thread started: Hilos de Modificar Apunte 1-75
2018-05-11 00:10:21,113 INFO o.a.j.t.JMeterThread: Thread started: Hilos de Modificar Apunte 1-76
2018-05-11 00:10:21,140 INFO o.a.j.t.JMeterThread: Thread started: Hilos de Modificar Apunte 1-77
2018-05-11 00:10:21,169 INFO o.a.j.t.JMeterThread: Thread started: Hilos de Modificar Apunte 1-78
2018-05-11 00:10:21,196 INFO o.a.j.t.JMeterThread: Thread started: Hilos de Modificar Apunte 1-79
2018-05-11 00:10:21,224 INFO o.a.j.t.JMeterThread: Thread started: Hilos de Modificar Apunte 1-80
2018-05-11 00:10:21,251 INFO o.a.j.t.JMeterThread: Thread started: Hilos de Modificar Apunte 1-81
2018-05-11 00:10:21,280 INFO o.a.j.t.JMeterThread: Thread started: Hilos de Modificar Apunte 1-82
2018-05-11 00:10:21,307 INFO o.a.j.t.JMeterThread: Thread started: Hilos de Modificar Apunte 1-83
2018-05-11 00:10:21,334 INFO o.a.j.t.JMeterThread: Thread started: Hilos de Modificar Apunte 1-84
2018-05-11 00:10:21,361 INFO o.a.j.t.JMeterThread: Thread started: Hilos de Modificar Apunte 1-85
2018-05-11 00:10:21,390 INFO o.a.j.t.JMeterThread: Thread started: Hilos de Modificar Apunte 1-86
2018-05-11 00:10:21,418 INFO o.a.j.t.JMeterThread: Thread started: Hilos de Modificar Apunte 1-87
2018-05-11 00:10:21,446 INFO o.a.j.t.JMeterThread: Thread started: Hilos de Modificar Apunte 1-88
2018-05-11 00:10:21,474 INFO o.a.j.t.JMeterThread: Thread started: Hilos de Modificar Apunte 1-89
2018-05-11 00:10:21,501 INFO o.a.j.t.JMeterThread: Thread started: Hilos de Modificar Apunte 1-90
2018-05-11 00:10:21,528 INFO o.a.j.t.JMeterThread: Thread started: Hilos de Modificar Apunte 1-91
2018-05-11 00:10:21,556 INFO o.a.j.t.JMeterThread: Thread started: Hilos de Modificar Apunte 1-92
2018-05-11 00:10:21,584 INFO o.a.j.t.JMeterThread: Thread started: Hilos de Modificar Apunte 1-93
2018-05-11 00:10:21,612 INFO o.a.j.t.JMeterThread: Thread started: Hilos de Modificar Apunte 1-94
2018-05-11 00:10:21,639 INFO o.a.j.t.JMeterThread: Thread started: Hilos de Modificar Apunte 1-95
2018-05-11 00:10:21,668 INFO o.a.j.t.JMeterThread: Thread started: Hilos de Modificar Apunte 1-96
2018-05-11 00:10:21,696 INFO o.a.j.t.JMeterThread: Thread started: Hilos de Modificar Apunte 1-97
2018-05-11 00:10:21,724 INFO o.a.j.t.JMeterThread: Thread started: Hilos de Modificar Apunte 1-98
2018-05-11 00:10:21,751 INFO o.a.j.t.JMeterThread: Thread started: Hilos de Modificar Apunte 1-99
2018-05-11 00:10:21,779 INFO o.a.j.t.JMeterThread: Thread started: Hilos de Modificar Apunte 1-100
2018-05-11 00:10:21,807 INFO o.a.j.t.JMeterThread: Thread started: Hilos de Modificar Apunte 1-101
2018-05-11 00:10:21,834 INFO o.a.j.t.JMeterThread: Thread started: Hilos de Modificar Apunte 1-102
2018-05-11 00:10:21,866 INFO o.a.j.t.JMeterThread: Thread started: Hilos de Modificar Apunte 1-103
2018-05-11 00:10:21,897 INFO o.a.j.t.JMeterThread: Thread started: Hilos de Modificar Apunte 1-104
2018-05-11 00:10:21,925 INFO o.a.j.t.JMeterThread: Thread started: Hilos de Modificar Apunte 1-105
2018-05-11 00:10:21,953 INFO o.a.j.t.JMeterThread: Thread started: Hilos de Modificar Apunte 1-106
2018-05-11 00:10:21,980 INFO o.a.j.t.JMeterThread: Thread started: Hilos de Modificar Apunte 1-107
2018-05-11 00:10:22,009 INFO o.a.j.t.JMeterThread: Thread started: Hilos de Modificar Apunte 1-108
2018-05-11 00:10:22,037 INFO o.a.j.t.JMeterThread: Thread started: Hilos de Modificar Apunte 1-109
2018-05-11 00:10:22,065 INFO o.a.j.t.JMeterThread: Thread started: Hilos de Modificar Apunte 1-110
2018-05-11 00:10:22,094 INFO o.a.j.t.JMeterThread: Thread started: Hilos de Modificar Apunte 1-111
2018-05-11 00:10:22,122 INFO o.a.j.t.JMeterThread: Thread started: Hilos de Modificar Apunte 1-112
2018-05-11 00:10:22,154 INFO o.a.j.t.JMeterThread: Thread started: Hilos de Modificar Apunte 1-113
2018-05-11 00:10:22,182 INFO o.a.j.t.JMeterThread: Thread started: Hilos de Modificar Apunte 1-114
2018-05-11 00:10:22,211 INFO o.a.j.t.JMeterThread: Thread started: Hilos de Modificar Apunte 1-115
2018-05-11 00:10:22,239 INFO o.a.j.t.JMeterThread: Thread started: Hilos de Modificar Apunte 1-116
2018-05-11 00:10:22,266 INFO o.a.j.t.JMeterThread: Thread started: Hilos de Modificar Apunte 1-117
2018-05-11 00:10:22,294 INFO o.a.j.t.JMeterThread: Thread started: Hilos de Modificar Apunte 1-118
2018-05-11 00:10:22,322 INFO o.a.j.t.JMeterThread: Thread started: Hilos de Modificar Apunte 1-119
2018-05-11 00:10:22,350 INFO o.a.j.t.JMeterThread: Thread started: Hilos de Modificar Apunte 1-120
2018-05-11 00:10:22,380 INFO o.a.j.t.JMeterThread: Thread started: Hilos de Modificar Apunte 1-121
2018-05-11 00:10:22,412 INFO o.a.j.t.JMeterThread: Thread started: Hilos de Modificar Apunte 1-122
2018-05-11 00:10:22,440 INFO o.a.j.t.JMeterThread: Thread started: Hilos de Modificar Apunte 1-123
2018-05-11 00:10:22,467 INFO o.a.j.t.JMeterThread: Thread started: Hilos de Modificar Apunte 1-124
2018-05-11 00:10:22,495 INFO o.a.j.t.JMeterThread: Thread started: Hilos de Modificar Apunte 1-125
2018-05-11 00:10:22,525 INFO o.a.j.t.JMeterThread: Thread started: Hilos de Modificar Apunte 1-126
2018-05-11 00:10:22,553 INFO o.a.j.t.JMeterThread: Thread started: Hilos de Modificar Apunte 1-127
2018-05-11 00:10:22,581 INFO o.a.j.t.JMeterThread: Thread started: Hilos de Modificar Apunte 1-128
2018-05-11 00:10:22,610 INFO o.a.j.t.JMeterThread: Thread started: Hilos de Modificar Apunte 1-129
2018-05-11 00:10:22,643 INFO o.a.j.t.JMeterThread: Thread started: Hilos de Modificar Apunte 1-130
2018-05-11 00:10:22,670 INFO o.a.j.t.JMeterThread: Thread started: Hilos de Modificar Apunte 1-131
2018-05-11 00:10:22,699 INFO o.a.j.t.JMeterThread: Thread started: Hilos de Modificar Apunte 1-132
2018-05-11 00:10:22,727 INFO o.a.j.t.JMeterThread: Thread started: Hilos de Modificar Apunte 1-133
2018-05-11 00:10:22,755 INFO o.a.j.t.JMeterThread: Thread started: Hilos de Modificar Apunte 1-134
2018-05-11 00:10:22,782 INFO o.a.j.t.JMeterThread: Thread started: Hilos de Modificar Apunte 1-135
2018-05-11 00:10:22,813 INFO o.a.j.t.JMeterThread: Thread started: Hilos de Modificar Apunte 1-136
2018-05-11 00:10:22,842 INFO o.a.j.t.JMeterThread: Thread started: Hilos de Modificar Apunte 1-137
2018-05-11 00:10:22,870 INFO o.a.j.t.JMeterThread: Thread started: Hilos de Modificar Apunte 1-138
2018-05-11 00:10:22,897 INFO o.a.j.t.JMeterThread: Thread started: Hilos de Modificar Apunte 1-139
2018-05-11 00:10:22,925 INFO o.a.j.t.JMeterThread: Thread started: Hilos de Modificar Apunte 1-140
2018-05-11 00:10:22,954 INFO o.a.j.t.JMeterThread: Thread started: Hilos de Modificar Apunte 1-141
2018-05-11 00:10:22,982 INFO o.a.j.t.JMeterThread: Thread started: Hilos de Modificar Apunte 1-142
2018-05-11 00:10:23,008 INFO o.a.j.t.JMeterThread: Thread started: Hilos de Modificar Apunte 1-143
2018-05-11 00:10:23,038 INFO o.a.j.t.JMeterThread: Thread started: Hilos de Modificar Apunte 1-144
2018-05-11 00:10:23,066 INFO o.a.j.t.JMeterThread: Thread started: Hilos de Modificar Apunte 1-145
2018-05-11 00:10:23,094 INFO o.a.j.t.JMeterThread: Thread started: Hilos de Modificar Apunte 1-146
2018-05-11 00:10:23,125 INFO o.a.j.t.JMeterThread: Thread started: Hilos de Modificar Apunte 1-147
2018-05-11 00:10:23,154 INFO o.a.j.t.JMeterThread: Thread started: Hilos de Modificar Apunte 1-148
2018-05-11 00:10:23,181 INFO o.a.j.t.JMeterThread: Thread started: Hilos de Modificar Apunte 1-149
2018-05-11 00:10:23,209 INFO o.a.j.t.JMeterThread: Thread started: Hilos de Modificar Apunte 1-150
2018-05-11 00:10:23,236 INFO o.a.j.t.JMeterThread: Thread started: Hilos de Modificar Apunte 1-151
2018-05-11 00:10:23,266 INFO o.a.j.t.JMeterThread: Thread started: Hilos de Modificar Apunte 1-152
2018-05-11 00:10:23,293 INFO o.a.j.t.JMeterThread: Thread started: Hilos de Modificar Apunte 1-153
2018-05-11 00:10:23,324 INFO o.a.j.t.JMeterThread: Thread started: Hilos de Modificar Apunte 1-154
2018-05-11 00:10:23,353 INFO o.a.j.t.JMeterThread: Thread started: Hilos de Modificar Apunte 1-155
2018-05-11 00:10:23,383 INFO o.a.j.t.JMeterThread: Thread started: Hilos de Modificar Apunte 1-156
2018-05-11 00:10:23,412 INFO o.a.j.t.JMeterThread: Thread started: Hilos de Modificar Apunte 1-157
2018-05-11 00:10:23,438 INFO o.a.j.t.JMeterThread: Thread started: Hilos de Modificar Apunte 1-158
2018-05-11 00:10:23,468 INFO o.a.j.t.JMeterThread: Thread started: Hilos de Modificar Apunte 1-159
2018-05-11 00:10:23,494 INFO o.a.j.t.JMeterThread: Thread started: Hilos de Modificar Apunte 1-160
2018-05-11 00:10:23,523 INFO o.a.j.t.JMeterThread: Thread started: Hilos de Modificar Apunte 1-161
2018-05-11 00:10:23,552 INFO o.a.j.t.JMeterThread: Thread started: Hilos de Modificar Apunte 1-162
2018-05-11 00:10:23,581 INFO o.a.j.t.JMeterThread: Thread started: Hilos de Modificar Apunte 1-163
2018-05-11 00:10:23,608 INFO o.a.j.t.JMeterThread: Thread started: Hilos de Modificar Apunte 1-164
2018-05-11 00:10:23,636 INFO o.a.j.t.JMeterThread: Thread started: Hilos de Modificar Apunte 1-165
2018-05-11 00:10:23,664 INFO o.a.j.t.JMeterThread: Thread started: Hilos de Modificar Apunte 1-166
2018-05-11 00:10:23,693 INFO o.a.j.t.JMeterThread: Thread started: Hilos de Modificar Apunte 1-167
2018-05-11 00:10:23,720 INFO o.a.j.t.JMeterThread: Thread started: Hilos de Modificar Apunte 1-168
2018-05-11 00:10:23,749 INFO o.a.j.t.JMeterThread: Thread started: Hilos de Modificar Apunte 1-169
2018-05-11 00:10:23,785 INFO o.a.j.t.JMeterThread: Thread started: Hilos de Modificar Apunte 1-170
2018-05-11 00:10:23,813 INFO o.a.j.t.JMeterThread: Thread started: Hilos de Modificar Apunte 1-171
2018-05-11 00:10:23,843 INFO o.a.j.t.JMeterThread: Thread started: Hilos de Modificar Apunte 1-172
2018-05-11 00:10:23,871 INFO o.a.j.t.JMeterThread: Thread started: Hilos de Modificar Apunte 1-173
2018-05-11 00:10:23,903 INFO o.a.j.t.JMeterThread: Thread started: Hilos de Modificar Apunte 1-174
2018-05-11 00:10:23,930 INFO o.a.j.t.JMeterThread: Thread started: Hilos de Modificar Apunte 1-175
2018-05-11 00:10:23,958 INFO o.a.j.t.JMeterThread: Thread started: Hilos de Modificar Apunte 1-176
2018-05-11 00:10:23,987 INFO o.a.j.t.JMeterThread: Thread started: Hilos de Modificar Apunte 1-177
2018-05-11 00:10:24,014 INFO o.a.j.t.JMeterThread: Thread started: Hilos de Modificar Apunte 1-178
2018-05-11 00:10:24,041 INFO o.a.j.t.JMeterThread: Thread started: Hilos de Modificar Apunte 1-179
2018-05-11 00:10:24,068 INFO o.a.j.t.JMeterThread: Thread started: Hilos de Modificar Apunte 1-180
2018-05-11 00:10:24,097 INFO o.a.j.t.JMeterThread: Thread started: Hilos de Modificar Apunte 1-181
2018-05-11 00:10:24,125 INFO o.a.j.t.JMeterThread: Thread started: Hilos de Modificar Apunte 1-182
2018-05-11 00:10:24,155 INFO o.a.j.t.JMeterThread: Thread started: Hilos de Modificar Apunte 1-183
2018-05-11 00:10:24,183 INFO o.a.j.t.JMeterThread: Thread started: Hilos de Modificar Apunte 1-184
2018-05-11 00:10:24,211 INFO o.a.j.t.JMeterThread: Thread started: Hilos de Modificar Apunte 1-185
2018-05-11 00:10:24,239 INFO o.a.j.t.JMeterThread: Thread started: Hilos de Modificar Apunte 1-186
2018-05-11 00:10:24,266 INFO o.a.j.t.JMeterThread: Thread started: Hilos de Modificar Apunte 1-187
2018-05-11 00:10:24,295 INFO o.a.j.t.JMeterThread: Thread started: Hilos de Modificar Apunte 1-188
2018-05-11 00:10:24,322 INFO o.a.j.t.JMeterThread: Thread started: Hilos de Modificar Apunte 1-189
2018-05-11 00:10:24,350 INFO o.a.j.t.JMeterThread: Thread started: Hilos de Modificar Apunte 1-190
2018-05-11 00:10:24,377 INFO o.a.j.t.JMeterThread: Thread started: Hilos de Modificar Apunte 1-191
2018-05-11 00:10:24,406 INFO o.a.j.t.JMeterThread: Thread started: Hilos de Modificar Apunte 1-192
2018-05-11 00:10:24,433 INFO o.a.j.t.JMeterThread: Thread started: Hilos de Modificar Apunte 1-193
2018-05-11 00:10:24,462 INFO o.a.j.t.JMeterThread: Thread started: Hilos de Modificar Apunte 1-194
2018-05-11 00:10:24,488 INFO o.a.j.t.JMeterThread: Thread started: Hilos de Modificar Apunte 1-195
2018-05-11 00:10:24,518 INFO o.a.j.t.JMeterThread: Thread started: Hilos de Modificar Apunte 1-196
2018-05-11 00:10:24,546 INFO o.a.j.t.JMeterThread: Thread started: Hilos de Modificar Apunte 1-197
2018-05-11 00:10:24,573 INFO o.a.j.t.JMeterThread: Thread started: Hilos de Modificar Apunte 1-198
2018-05-11 00:10:24,602 INFO o.a.j.t.JMeterThread: Thread started: Hilos de Modificar Apunte 1-199
2018-05-11 00:10:24,630 INFO o.a.j.t.JMeterThread: Thread started: Hilos de Modificar Apunte 1-200
2018-05-11 00:10:24,656 INFO o.a.j.t.JMeterThread: Thread started: Hilos de Modificar Apunte 1-201
2018-05-11 00:10:24,685 INFO o.a.j.t.JMeterThread: Thread started: Hilos de Modificar Apunte 1-202
2018-05-11 00:10:24,714 INFO o.a.j.t.JMeterThread: Thread started: Hilos de Modificar Apunte 1-203
2018-05-11 00:10:24,741 INFO o.a.j.t.JMeterThread: Thread started: Hilos de Modificar Apunte 1-204
2018-05-11 00:10:24,769 INFO o.a.j.t.JMeterThread: Thread started: Hilos de Modificar Apunte 1-205
2018-05-11 00:10:24,798 INFO o.a.j.t.JMeterThread: Thread started: Hilos de Modificar Apunte 1-206
2018-05-11 00:10:24,827 INFO o.a.j.t.JMeterThread: Thread started: Hilos de Modificar Apunte 1-207
2018-05-11 00:10:24,854 INFO o.a.j.t.JMeterThread: Thread started: Hilos de Modificar Apunte 1-208
2018-05-11 00:10:24,883 INFO o.a.j.t.JMeterThread: Thread started: Hilos de Modificar Apunte 1-209
2018-05-11 00:10:24,912 INFO o.a.j.t.JMeterThread: Thread started: Hilos de Modificar Apunte 1-210
2018-05-11 00:10:24,943 INFO o.a.j.t.JMeterThread: Thread started: Hilos de Modificar Apunte 1-211
2018-05-11 00:10:24,971 INFO o.a.j.t.JMeterThread: Thread started: Hilos de Modificar Apunte 1-212
2018-05-11 00:10:24,998 INFO o.a.j.t.JMeterThread: Thread started: Hilos de Modificar Apunte 1-213
2018-05-11 00:10:25,027 INFO o.a.j.t.JMeterThread: Thread started: Hilos de Modificar Apunte 1-214
2018-05-11 00:10:25,056 INFO o.a.j.t.JMeterThread: Thread started: Hilos de Modificar Apunte 1-215
2018-05-11 00:10:25,085 INFO o.a.j.t.JMeterThread: Thread started: Hilos de Modificar Apunte 1-216
2018-05-11 00:10:25,115 INFO o.a.j.t.JMeterThread: Thread started: Hilos de Modificar Apunte 1-217
2018-05-11 00:10:25,142 INFO o.a.j.t.JMeterThread: Thread started: Hilos de Modificar Apunte 1-218
2018-05-11 00:10:25,170 INFO o.a.j.t.JMeterThread: Thread started: Hilos de Modificar Apunte 1-219
2018-05-11 00:10:25,198 INFO o.a.j.t.JMeterThread: Thread started: Hilos de Modificar Apunte 1-220
2018-05-11 00:10:25,226 INFO o.a.j.t.JMeterThread: Thread started: Hilos de Modificar Apunte 1-221
2018-05-11 00:10:25,254 INFO o.a.j.t.JMeterThread: Thread started: Hilos de Modificar Apunte 1-222
2018-05-11 00:10:25,281 INFO o.a.j.t.JMeterThread: Thread started: Hilos de Modificar Apunte 1-223
2018-05-11 00:10:25,310 INFO o.a.j.t.JMeterThread: Thread started: Hilos de Modificar Apunte 1-224
2018-05-11 00:10:25,337 INFO o.a.j.t.JMeterThread: Thread started: Hilos de Modificar Apunte 1-225
2018-05-11 00:10:25,365 INFO o.a.j.t.JMeterThread: Thread started: Hilos de Modificar Apunte 1-226
2018-05-11 00:10:25,394 INFO o.a.j.t.JMeterThread: Thread started: Hilos de Modificar Apunte 1-227
2018-05-11 00:10:25,421 INFO o.a.j.t.JMeterThread: Thread started: Hilos de Modificar Apunte 1-228
2018-05-11 00:10:25,450 INFO o.a.j.t.JMeterThread: Thread started: Hilos de Modificar Apunte 1-229
2018-05-11 00:10:25,478 INFO o.a.j.t.JMeterThread: Thread started: Hilos de Modificar Apunte 1-230
2018-05-11 00:10:25,506 INFO o.a.j.t.JMeterThread: Thread started: Hilos de Modificar Apunte 1-231
2018-05-11 00:10:25,535 INFO o.a.j.t.JMeterThread: Thread started: Hilos de Modificar Apunte 1-232
2018-05-11 00:10:25,567 INFO o.a.j.t.JMeterThread: Thread started: Hilos de Modificar Apunte 1-233
2018-05-11 00:10:25,596 INFO o.a.j.t.JMeterThread: Thread started: Hilos de Modificar Apunte 1-234
2018-05-11 00:10:25,622 INFO o.a.j.t.JMeterThread: Thread started: Hilos de Modificar Apunte 1-235
2018-05-11 00:10:25,651 INFO o.a.j.t.JMeterThread: Thread started: Hilos de Modificar Apunte 1-236
2018-05-11 00:10:25,678 INFO o.a.j.t.JMeterThread: Thread started: Hilos de Modificar Apunte 1-237
2018-05-11 00:10:25,707 INFO o.a.j.t.JMeterThread: Thread started: Hilos de Modificar Apunte 1-238
2018-05-11 00:10:25,734 INFO o.a.j.t.JMeterThread: Thread started: Hilos de Modificar Apunte 1-239
2018-05-11 00:10:25,764 INFO o.a.j.t.JMeterThread: Thread started: Hilos de Modificar Apunte 1-240
2018-05-11 00:10:25,793 INFO o.a.j.t.JMeterThread: Thread started: Hilos de Modificar Apunte 1-241
2018-05-11 00:10:25,821 INFO o.a.j.t.JMeterThread: Thread started: Hilos de Modificar Apunte 1-242
2018-05-11 00:10:25,850 INFO o.a.j.t.JMeterThread: Thread started: Hilos de Modificar Apunte 1-243
2018-05-11 00:10:25,877 INFO o.a.j.t.JMeterThread: Thread started: Hilos de Modificar Apunte 1-244
2018-05-11 00:10:25,906 INFO o.a.j.t.JMeterThread: Thread started: Hilos de Modificar Apunte 1-245
2018-05-11 00:10:25,932 INFO o.a.j.t.JMeterThread: Thread started: Hilos de Modificar Apunte 1-246
2018-05-11 00:10:25,961 INFO o.a.j.t.JMeterThread: Thread started: Hilos de Modificar Apunte 1-247
2018-05-11 00:10:25,988 INFO o.a.j.t.JMeterThread: Thread started: Hilos de Modificar Apunte 1-248
2018-05-11 00:10:26,016 INFO o.a.j.t.JMeterThread: Thread started: Hilos de Modificar Apunte 1-249
2018-05-11 00:10:26,043 INFO o.a.j.t.JMeterThread: Thread started: Hilos de Modificar Apunte 1-250
2018-05-11 00:10:26,073 INFO o.a.j.t.JMeterThread: Thread started: Hilos de Modificar Apunte 1-251
2018-05-11 00:10:26,101 INFO o.a.j.t.JMeterThread: Thread started: Hilos de Modificar Apunte 1-252
2018-05-11 00:10:26,128 INFO o.a.j.t.JMeterThread: Thread started: Hilos de Modificar Apunte 1-253
2018-05-11 00:10:26,158 INFO o.a.j.t.JMeterThread: Thread started: Hilos de Modificar Apunte 1-254
2018-05-11 00:10:26,184 INFO o.a.j.t.JMeterThread: Thread started: Hilos de Modificar Apunte 1-255
2018-05-11 00:10:26,213 INFO o.a.j.t.JMeterThread: Thread started: Hilos de Modificar Apunte 1-256
2018-05-11 00:10:26,240 INFO o.a.j.t.JMeterThread: Thread started: Hilos de Modificar Apunte 1-257
2018-05-11 00:10:26,268 INFO o.a.j.t.JMeterThread: Thread started: Hilos de Modificar Apunte 1-258
2018-05-11 00:10:26,297 INFO o.a.j.t.JMeterThread: Thread started: Hilos de Modificar Apunte 1-259
2018-05-11 00:10:26,327 INFO o.a.j.t.JMeterThread: Thread started: Hilos de Modificar Apunte 1-260
2018-05-11 00:10:26,355 INFO o.a.j.t.JMeterThread: Thread started: Hilos de Modificar Apunte 1-261
2018-05-11 00:10:26,387 INFO o.a.j.t.JMeterThread: Thread started: Hilos de Modificar Apunte 1-262
2018-05-11 00:10:26,415 INFO o.a.j.t.JMeterThread: Thread started: Hilos de Modificar Apunte 1-263
2018-05-11 00:10:26,447 INFO o.a.j.t.JMeterThread: Thread started: Hilos de Modificar Apunte 1-264
2018-05-11 00:10:26,476 INFO o.a.j.t.JMeterThread: Thread started: Hilos de Modificar Apunte 1-265
2018-05-11 00:10:26,503 INFO o.a.j.t.JMeterThread: Thread started: Hilos de Modificar Apunte 1-266
2018-05-11 00:10:26,532 INFO o.a.j.t.JMeterThread: Thread started: Hilos de Modificar Apunte 1-267
2018-05-11 00:10:26,560 INFO o.a.j.t.JMeterThread: Thread started: Hilos de Modificar Apunte 1-268
2018-05-11 00:10:26,587 INFO o.a.j.t.JMeterThread: Thread started: Hilos de Modificar Apunte 1-269
2018-05-11 00:10:26,614 INFO o.a.j.t.JMeterThread: Thread started: Hilos de Modificar Apunte 1-270
2018-05-11 00:10:26,642 INFO o.a.j.t.JMeterThread: Thread started: Hilos de Modificar Apunte 1-271
2018-05-11 00:10:26,670 INFO o.a.j.t.JMeterThread: Thread started: Hilos de Modificar Apunte 1-272
2018-05-11 00:10:26,698 INFO o.a.j.t.JMeterThread: Thread started: Hilos de Modificar Apunte 1-273
2018-05-11 00:10:26,726 INFO o.a.j.t.JMeterThread: Thread started: Hilos de Modificar Apunte 1-274
2018-05-11 00:10:26,754 INFO o.a.j.t.JMeterThread: Thread started: Hilos de Modificar Apunte 1-275
2018-05-11 00:10:26,782 INFO o.a.j.t.JMeterThread: Thread started: Hilos de Modificar Apunte 1-276
2018-05-11 00:10:26,811 INFO o.a.j.t.JMeterThread: Thread started: Hilos de Modificar Apunte 1-277
2018-05-11 00:10:26,837 INFO o.a.j.t.JMeterThread: Thread started: Hilos de Modificar Apunte 1-278
2018-05-11 00:10:26,865 INFO o.a.j.t.JMeterThread: Thread started: Hilos de Modificar Apunte 1-279
2018-05-11 00:10:26,893 INFO o.a.j.t.JMeterThread: Thread started: Hilos de Modificar Apunte 1-280
2018-05-11 00:10:26,924 INFO o.a.j.t.JMeterThread: Thread started: Hilos de Modificar Apunte 1-281
2018-05-11 00:10:26,952 INFO o.a.j.t.JMeterThread: Thread started: Hilos de Modificar Apunte 1-282
2018-05-11 00:10:26,979 INFO o.a.j.t.JMeterThread: Thread started: Hilos de Modificar Apunte 1-283
2018-05-11 00:10:27,010 INFO o.a.j.t.JMeterThread: Thread started: Hilos de Modificar Apunte 1-284
2018-05-11 00:10:27,039 INFO o.a.j.t.JMeterThread: Thread started: Hilos de Modificar Apunte 1-285
2018-05-11 00:10:27,068 INFO o.a.j.t.JMeterThread: Thread started: Hilos de Modificar Apunte 1-286
2018-05-11 00:10:27,098 INFO o.a.j.t.JMeterThread: Thread started: Hilos de Modificar Apunte 1-287
2018-05-11 00:10:27,124 INFO o.a.j.t.JMeterThread: Thread started: Hilos de Modificar Apunte 1-288
2018-05-11 00:10:27,152 INFO o.a.j.t.JMeterThread: Thread started: Hilos de Modificar Apunte 1-289
2018-05-11 00:10:27,179 INFO o.a.j.t.JMeterThread: Thread started: Hilos de Modificar Apunte 1-290
2018-05-11 00:10:27,209 INFO o.a.j.t.JMeterThread: Thread started: Hilos de Modificar Apunte 1-291
2018-05-11 00:10:27,236 INFO o.a.j.t.JMeterThread: Thread started: Hilos de Modificar Apunte 1-292
2018-05-11 00:10:27,266 INFO o.a.j.t.JMeterThread: Thread started: Hilos de Modificar Apunte 1-293
2018-05-11 00:10:27,294 INFO o.a.j.t.JMeterThread: Thread started: Hilos de Modificar Apunte 1-294
2018-05-11 00:10:27,322 INFO o.a.j.t.JMeterThread: Thread started: Hilos de Modificar Apunte 1-295
2018-05-11 00:10:27,349 INFO o.a.j.t.JMeterThread: Thread started: Hilos de Modificar Apunte 1-296
2018-05-11 00:10:27,380 INFO o.a.j.t.JMeterThread: Thread started: Hilos de Modificar Apunte 1-297
2018-05-11 00:10:27,407 INFO o.a.j.t.JMeterThread: Thread started: Hilos de Modificar Apunte 1-298
2018-05-11 00:10:27,436 INFO o.a.j.t.JMeterThread: Thread started: Hilos de Modificar Apunte 1-299
2018-05-11 00:10:27,463 INFO o.a.j.t.JMeterThread: Thread started: Hilos de Modificar Apunte 1-300
2018-05-11 00:10:27,492 INFO o.a.j.t.JMeterThread: Thread started: Hilos de Modificar Apunte 1-301
2018-05-11 00:10:27,519 INFO o.a.j.t.JMeterThread: Thread started: Hilos de Modificar Apunte 1-302
2018-05-11 00:10:27,546 INFO o.a.j.t.JMeterThread: Thread started: Hilos de Modificar Apunte 1-303
2018-05-11 00:10:27,575 INFO o.a.j.t.JMeterThread: Thread started: Hilos de Modificar Apunte 1-304
2018-05-11 00:10:27,601 INFO o.a.j.t.JMeterThread: Thread started: Hilos de Modificar Apunte 1-305
2018-05-11 00:10:27,629 INFO o.a.j.t.JMeterThread: Thread started: Hilos de Modificar Apunte 1-306
2018-05-11 00:10:27,657 INFO o.a.j.t.JMeterThread: Thread started: Hilos de Modificar Apunte 1-307
2018-05-11 00:10:27,684 INFO o.a.j.t.JMeterThread: Thread started: Hilos de Modificar Apunte 1-308
2018-05-11 00:10:27,713 INFO o.a.j.t.JMeterThread: Thread started: Hilos de Modificar Apunte 1-309
2018-05-11 00:10:27,742 INFO o.a.j.t.JMeterThread: Thread started: Hilos de Modificar Apunte 1-310
2018-05-11 00:10:27,771 INFO o.a.j.t.JMeterThread: Thread started: Hilos de Modificar Apunte 1-311
2018-05-11 00:10:27,797 INFO o.a.j.t.JMeterThread: Thread started: Hilos de Modificar Apunte 1-312
2018-05-11 00:10:27,829 INFO o.a.j.t.JMeterThread: Thread started: Hilos de Modificar Apunte 1-313
2018-05-11 00:10:27,857 INFO o.a.j.t.JMeterThread: Thread started: Hilos de Modificar Apunte 1-314
2018-05-11 00:10:27,884 INFO o.a.j.t.JMeterThread: Thread started: Hilos de Modificar Apunte 1-315
2018-05-11 00:10:27,911 INFO o.a.j.t.JMeterThread: Thread started: Hilos de Modificar Apunte 1-316
2018-05-11 00:10:27,941 INFO o.a.j.t.JMeterThread: Thread started: Hilos de Modificar Apunte 1-317
2018-05-11 00:10:27,967 INFO o.a.j.t.JMeterThread: Thread started: Hilos de Modificar Apunte 1-318
2018-05-11 00:10:27,994 INFO o.a.j.t.JMeterThread: Thread started: Hilos de Modificar Apunte 1-319
2018-05-11 00:10:28,024 INFO o.a.j.t.JMeterThread: Thread started: Hilos de Modificar Apunte 1-320
2018-05-11 00:10:28,050 INFO o.a.j.t.JMeterThread: Thread started: Hilos de Modificar Apunte 1-321
2018-05-11 00:10:28,077 INFO o.a.j.t.JMeterThread: Thread started: Hilos de Modificar Apunte 1-322
2018-05-11 00:10:28,106 INFO o.a.j.t.JMeterThread: Thread started: Hilos de Modificar Apunte 1-323
2018-05-11 00:10:28,133 INFO o.a.j.t.JMeterThread: Thread started: Hilos de Modificar Apunte 1-324
2018-05-11 00:10:28,160 INFO o.a.j.t.JMeterThread: Thread started: Hilos de Modificar Apunte 1-325
2018-05-11 00:10:28,188 INFO o.a.j.t.JMeterThread: Thread started: Hilos de Modificar Apunte 1-326
2018-05-11 00:10:28,215 INFO o.a.j.t.JMeterThread: Thread started: Hilos de Modificar Apunte 1-327
2018-05-11 00:10:28,243 INFO o.a.j.t.JMeterThread: Thread started: Hilos de Modificar Apunte 1-328
2018-05-11 00:10:28,271 INFO o.a.j.t.JMeterThread: Thread started: Hilos de Modificar Apunte 1-329
2018-05-11 00:10:28,298 INFO o.a.j.t.JMeterThread: Thread started: Hilos de Modificar Apunte 1-330
2018-05-11 00:10:28,326 INFO o.a.j.t.JMeterThread: Thread started: Hilos de Modificar Apunte 1-331
2018-05-11 00:10:28,354 INFO o.a.j.t.JMeterThread: Thread started: Hilos de Modificar Apunte 1-332
2018-05-11 00:10:28,381 INFO o.a.j.t.JMeterThread: Thread started: Hilos de Modificar Apunte 1-333
2018-05-11 00:10:28,409 INFO o.a.j.t.JMeterThread: Thread started: Hilos de Modificar Apunte 1-334
2018-05-11 00:10:28,438 INFO o.a.j.t.JMeterThread: Thread started: Hilos de Modificar Apunte 1-335
2018-05-11 00:10:28,465 INFO o.a.j.t.JMeterThread: Thread started: Hilos de Modificar Apunte 1-336
2018-05-11 00:10:28,493 INFO o.a.j.t.JMeterThread: Thread started: Hilos de Modificar Apunte 1-337
2018-05-11 00:10:28,520 INFO o.a.j.t.JMeterThread: Thread started: Hilos de Modificar Apunte 1-338
2018-05-11 00:10:28,549 INFO o.a.j.t.JMeterThread: Thread started: Hilos de Modificar Apunte 1-339
2018-05-11 00:10:28,576 INFO o.a.j.t.JMeterThread: Thread started: Hilos de Modificar Apunte 1-340
2018-05-11 00:10:28,605 INFO o.a.j.t.JMeterThread: Thread started: Hilos de Modificar Apunte 1-341
2018-05-11 00:10:28,632 INFO o.a.j.t.JMeterThread: Thread started: Hilos de Modificar Apunte 1-342
2018-05-11 00:10:28,660 INFO o.a.j.t.JMeterThread: Thread started: Hilos de Modificar Apunte 1-343
2018-05-11 00:10:28,687 INFO o.a.j.t.JMeterThread: Thread started: Hilos de Modificar Apunte 1-344
2018-05-11 00:10:28,716 INFO o.a.j.t.JMeterThread: Thread started: Hilos de Modificar Apunte 1-345
2018-05-11 00:10:28,743 INFO o.a.j.t.JMeterThread: Thread started: Hilos de Modificar Apunte 1-346
2018-05-11 00:10:28,770 INFO o.a.j.t.JMeterThread: Thread started: Hilos de Modificar Apunte 1-347
2018-05-11 00:10:28,799 INFO o.a.j.t.JMeterThread: Thread started: Hilos de Modificar Apunte 1-348
2018-05-11 00:10:28,825 INFO o.a.j.t.JMeterThread: Thread started: Hilos de Modificar Apunte 1-349
2018-05-11 00:10:28,853 INFO o.a.j.t.JMeterThread: Thread started: Hilos de Modificar Apunte 1-350
2018-05-11 00:10:28,881 INFO o.a.j.t.JMeterThread: Thread started: Hilos de Modificar Apunte 1-351
2018-05-11 00:10:28,908 INFO o.a.j.t.JMeterThread: Thread started: Hilos de Modificar Apunte 1-352
2018-05-11 00:10:28,938 INFO o.a.j.t.JMeterThread: Thread started: Hilos de Modificar Apunte 1-353
2018-05-11 00:10:28,967 INFO o.a.j.t.JMeterThread: Thread started: Hilos de Modificar Apunte 1-354
2018-05-11 00:10:28,992 INFO o.a.j.t.JMeterThread: Thread started: Hilos de Modificar Apunte 1-355
2018-05-11 00:10:29,019 INFO o.a.j.t.JMeterThread: Thread started: Hilos de Modificar Apunte 1-356
2018-05-11 00:10:29,047 INFO o.a.j.t.JMeterThread: Thread started: Hilos de Modificar Apunte 1-357
2018-05-11 00:10:29,076 INFO o.a.j.t.JMeterThread: Thread started: Hilos de Modificar Apunte 1-358
2018-05-11 00:10:29,102 INFO o.a.j.t.JMeterThread: Thread started: Hilos de Modificar Apunte 1-359
2018-05-11 00:10:29,130 INFO o.a.j.t.JMeterThread: Thread started: Hilos de Modificar Apunte 1-360
2018-05-11 00:10:29,158 INFO o.a.j.t.JMeterThread: Thread started: Hilos de Modificar Apunte 1-361
2018-05-11 00:10:29,185 INFO o.a.j.t.JMeterThread: Thread started: Hilos de Modificar Apunte 1-362
2018-05-11 00:10:29,214 INFO o.a.j.t.JMeterThread: Thread started: Hilos de Modificar Apunte 1-363
2018-05-11 00:10:29,241 INFO o.a.j.t.JMeterThread: Thread started: Hilos de Modificar Apunte 1-364
2018-05-11 00:10:29,268 INFO o.a.j.t.JMeterThread: Thread started: Hilos de Modificar Apunte 1-365
2018-05-11 00:10:29,297 INFO o.a.j.t.JMeterThread: Thread started: Hilos de Modificar Apunte 1-366
2018-05-11 00:10:29,323 INFO o.a.j.t.JMeterThread: Thread started: Hilos de Modificar Apunte 1-367
2018-05-11 00:10:29,352 INFO o.a.j.t.JMeterThread: Thread started: Hilos de Modificar Apunte 1-368
2018-05-11 00:10:29,380 INFO o.a.j.t.JMeterThread: Thread started: Hilos de Modificar Apunte 1-369
2018-05-11 00:10:29,406 INFO o.a.j.t.JMeterThread: Thread started: Hilos de Modificar Apunte 1-370
2018-05-11 00:10:29,435 INFO o.a.j.t.JMeterThread: Thread started: Hilos de Modificar Apunte 1-371
2018-05-11 00:10:29,462 INFO o.a.j.t.JMeterThread: Thread started: Hilos de Modificar Apunte 1-372
2018-05-11 00:10:29,489 INFO o.a.j.t.JMeterThread: Thread started: Hilos de Modificar Apunte 1-373
2018-05-11 00:10:29,517 INFO o.a.j.t.JMeterThread: Thread started: Hilos de Modificar Apunte 1-374
2018-05-11 00:10:29,545 INFO o.a.j.t.JMeterThread: Thread started: Hilos de Modificar Apunte 1-375
2018-05-11 00:10:29,573 INFO o.a.j.t.JMeterThread: Thread started: Hilos de Modificar Apunte 1-376
2018-05-11 00:10:29,600 INFO o.a.j.t.JMeterThread: Thread started: Hilos de Modificar Apunte 1-377
2018-05-11 00:10:29,627 INFO o.a.j.t.JMeterThread: Thread started: Hilos de Modificar Apunte 1-378
2018-05-11 00:10:29,655 INFO o.a.j.t.JMeterThread: Thread started: Hilos de Modificar Apunte 1-379
2018-05-11 00:10:29,683 INFO o.a.j.t.JMeterThread: Thread started: Hilos de Modificar Apunte 1-380
2018-05-11 00:10:29,711 INFO o.a.j.t.JMeterThread: Thread started: Hilos de Modificar Apunte 1-381
2018-05-11 00:10:29,738 INFO o.a.j.t.JMeterThread: Thread started: Hilos de Modificar Apunte 1-382
2018-05-11 00:10:29,766 INFO o.a.j.t.JMeterThread: Thread started: Hilos de Modificar Apunte 1-383
2018-05-11 00:10:29,794 INFO o.a.j.t.JMeterThread: Thread started: Hilos de Modificar Apunte 1-384
2018-05-11 00:10:29,821 INFO o.a.j.t.JMeterThread: Thread started: Hilos de Modificar Apunte 1-385
2018-05-11 00:10:29,849 INFO o.a.j.t.JMeterThread: Thread started: Hilos de Modificar Apunte 1-386
2018-05-11 00:10:29,877 INFO o.a.j.t.JMeterThread: Thread started: Hilos de Modificar Apunte 1-387
2018-05-11 00:10:29,905 INFO o.a.j.t.JMeterThread: Thread started: Hilos de Modificar Apunte 1-388
2018-05-11 00:10:29,932 INFO o.a.j.t.JMeterThread: Thread started: Hilos de Modificar Apunte 1-389
2018-05-11 00:10:29,961 INFO o.a.j.t.JMeterThread: Thread started: Hilos de Modificar Apunte 1-390
2018-05-11 00:10:29,988 INFO o.a.j.t.JMeterThread: Thread started: Hilos de Modificar Apunte 1-391
2018-05-11 00:10:30,016 INFO o.a.j.t.JMeterThread: Thread started: Hilos de Modificar Apunte 1-392
2018-05-11 00:10:30,043 INFO o.a.j.t.JMeterThread: Thread started: Hilos de Modificar Apunte 1-393
2018-05-11 00:10:30,072 INFO o.a.j.t.JMeterThread: Thread started: Hilos de Modificar Apunte 1-394
2018-05-11 00:10:30,099 INFO o.a.j.t.JMeterThread: Thread started: Hilos de Modificar Apunte 1-395
2018-05-11 00:10:30,127 INFO o.a.j.t.JMeterThread: Thread started: Hilos de Modificar Apunte 1-396
2018-05-11 00:10:30,156 INFO o.a.j.t.JMeterThread: Thread started: Hilos de Modificar Apunte 1-397
2018-05-11 00:10:30,183 INFO o.a.j.t.JMeterThread: Thread started: Hilos de Modificar Apunte 1-398
2018-05-11 00:10:30,211 INFO o.a.j.t.JMeterThread: Thread started: Hilos de Modificar Apunte 1-399
2018-05-11 00:10:30,241 INFO o.a.j.t.JMeterThread: Thread started: Hilos de Modificar Apunte 1-400
2018-05-11 00:10:30,270 INFO o.a.j.t.JMeterThread: Thread started: Hilos de Modificar Apunte 1-401
2018-05-11 00:10:30,298 INFO o.a.j.t.JMeterThread: Thread started: Hilos de Modificar Apunte 1-402
2018-05-11 00:10:30,325 INFO o.a.j.t.JMeterThread: Thread started: Hilos de Modificar Apunte 1-403
2018-05-11 00:10:30,354 INFO o.a.j.t.JMeterThread: Thread started: Hilos de Modificar Apunte 1-404
2018-05-11 00:10:30,381 INFO o.a.j.t.JMeterThread: Thread started: Hilos de Modificar Apunte 1-405
2018-05-11 00:10:30,409 INFO o.a.j.t.JMeterThread: Thread started: Hilos de Modificar Apunte 1-406
2018-05-11 00:10:30,436 INFO o.a.j.t.JMeterThread: Thread started: Hilos de Modificar Apunte 1-407
2018-05-11 00:10:30,465 INFO o.a.j.t.JMeterThread: Thread started: Hilos de Modificar Apunte 1-408
2018-05-11 00:10:30,493 INFO o.a.j.t.JMeterThread: Thread started: Hilos de Modificar Apunte 1-409
2018-05-11 00:10:30,519 INFO o.a.j.t.JMeterThread: Thread started: Hilos de Modificar Apunte 1-410
2018-05-11 00:10:30,547 INFO o.a.j.t.JMeterThread: Thread started: Hilos de Modificar Apunte 1-411
2018-05-11 00:10:30,575 INFO o.a.j.t.JMeterThread: Thread started: Hilos de Modificar Apunte 1-412
2018-05-11 00:10:30,602 INFO o.a.j.t.JMeterThread: Thread started: Hilos de Modificar Apunte 1-413
2018-05-11 00:10:30,630 INFO o.a.j.t.JMeterThread: Thread started: Hilos de Modificar Apunte 1-414
2018-05-11 00:10:30,657 INFO o.a.j.t.JMeterThread: Thread started: Hilos de Modificar Apunte 1-415
2018-05-11 00:10:30,685 INFO o.a.j.t.JMeterThread: Thread started: Hilos de Modificar Apunte 1-416
2018-05-11 00:10:30,713 INFO o.a.j.t.JMeterThread: Thread started: Hilos de Modificar Apunte 1-417
2018-05-11 00:10:30,740 INFO o.a.j.t.JMeterThread: Thread started: Hilos de Modificar Apunte 1-418
2018-05-11 00:10:30,769 INFO o.a.j.t.JMeterThread: Thread started: Hilos de Modificar Apunte 1-419
2018-05-11 00:10:30,796 INFO o.a.j.t.JMeterThread: Thread started: Hilos de Modificar Apunte 1-420
2018-05-11 00:10:30,823 INFO o.a.j.t.JMeterThread: Thread started: Hilos de Modificar Apunte 1-421
2018-05-11 00:10:30,851 INFO o.a.j.t.JMeterThread: Thread started: Hilos de Modificar Apunte 1-422
2018-05-11 00:10:30,879 INFO o.a.j.t.JMeterThread: Thread started: Hilos de Modificar Apunte 1-423
2018-05-11 00:10:30,908 INFO o.a.j.t.JMeterThread: Thread started: Hilos de Modificar Apunte 1-424
2018-05-11 00:10:30,936 INFO o.a.j.t.JMeterThread: Thread started: Hilos de Modificar Apunte 1-425
2018-05-11 00:10:30,962 INFO o.a.j.r.Summariser: summary +    142 in 00:00:12 =   11,8/s Avg:  4794 Min:    29 Max:  8090 Err:     0 (0,00%) Active: 425 Started: 425 Finished: 0
2018-05-11 00:10:30,967 INFO o.a.j.t.JMeterThread: Thread started: Hilos de Modificar Apunte 1-426
2018-05-11 00:10:30,997 INFO o.a.j.t.JMeterThread: Thread started: Hilos de Modificar Apunte 1-427
2018-05-11 00:10:31,019 INFO o.a.j.t.JMeterThread: Thread started: Hilos de Modificar Apunte 1-428
2018-05-11 00:10:31,046 INFO o.a.j.t.JMeterThread: Thread started: Hilos de Modificar Apunte 1-429
2018-05-11 00:10:31,075 INFO o.a.j.t.JMeterThread: Thread started: Hilos de Modificar Apunte 1-430
2018-05-11 00:10:31,144 INFO o.a.j.t.JMeterThread: Thread started: Hilos de Modificar Apunte 1-431
2018-05-11 00:10:31,175 INFO o.a.j.t.JMeterThread: Thread started: Hilos de Modificar Apunte 1-432
2018-05-11 00:10:31,212 INFO o.a.j.t.JMeterThread: Thread started: Hilos de Modificar Apunte 1-433
2018-05-11 00:10:31,240 INFO o.a.j.t.JMeterThread: Thread started: Hilos de Modificar Apunte 1-434
2018-05-11 00:10:31,267 INFO o.a.j.t.JMeterThread: Thread started: Hilos de Modificar Apunte 1-435
2018-05-11 00:10:31,295 INFO o.a.j.t.JMeterThread: Thread started: Hilos de Modificar Apunte 1-436
2018-05-11 00:10:31,322 INFO o.a.j.t.JMeterThread: Thread started: Hilos de Modificar Apunte 1-437
2018-05-11 00:10:31,350 INFO o.a.j.t.JMeterThread: Thread started: Hilos de Modificar Apunte 1-438
2018-05-11 00:10:31,378 INFO o.a.j.t.JMeterThread: Thread started: Hilos de Modificar Apunte 1-439
2018-05-11 00:10:31,405 INFO o.a.j.t.JMeterThread: Thread started: Hilos de Modificar Apunte 1-440
2018-05-11 00:12:33,635 INFO o.a.j.r.Summariser: summary +     15 in 00:02:03 =    0,1/s Avg: 15537 Min:    36 Max: 130023 Err:     1 (6,67%) Active: 440 Started: 440 Finished: 0
2018-05-11 00:12:33,636 INFO o.a.j.r.Summariser: summary =    157 in 00:02:15 =    1,2/s Avg:  5820 Min:    29 Max: 130023 Err:     1 (0,64%)
2018-05-11 00:13:47,378 ERROR o.a.j.p.h.s.HTTPJavaImpl: readResponse: java.net.SocketException: Connection reset
2018-05-11 00:13:47,378 ERROR o.a.j.p.h.s.HTTPJavaImpl: Cause: java.net.SocketException: Connection reset
2018-05-11 00:14:24,241 ERROR o.a.j.p.h.s.HTTPJavaImpl: readResponse: java.net.SocketException: Connection reset
2018-05-11 00:14:24,241 ERROR o.a.j.p.h.s.HTTPJavaImpl: readResponse: java.net.SocketException: Connection reset
2018-05-11 00:14:24,241 ERROR o.a.j.p.h.s.HTTPJavaImpl: Cause: java.net.SocketException: Connection reset
2018-05-11 00:14:24,241 ERROR o.a.j.p.h.s.HTTPJavaImpl: Cause: java.net.SocketException: Connection reset
2018-05-11 00:14:26,292 ERROR o.a.j.p.h.s.HTTPJavaImpl: readResponse: java.net.SocketException: Connection reset
2018-05-11 00:14:26,292 ERROR o.a.j.p.h.s.HTTPJavaImpl: Cause: java.net.SocketException: Connection reset
2018-05-11 00:14:26,293 ERROR o.a.j.p.h.s.HTTPJavaImpl: readResponse: java.net.SocketException: Connection reset
2018-05-11 00:14:26,293 ERROR o.a.j.p.h.s.HTTPJavaImpl: Cause: java.net.SocketException: Connection reset
2018-05-11 00:14:28,335 ERROR o.a.j.p.h.s.HTTPJavaImpl: readResponse: java.net.SocketException: Connection reset
2018-05-11 00:14:28,335 ERROR o.a.j.p.h.s.HTTPJavaImpl: readResponse: java.net.SocketException: Connection reset
2018-05-11 00:14:28,335 ERROR o.a.j.p.h.s.HTTPJavaImpl: Cause: java.net.SocketException: Connection reset
2018-05-11 00:14:28,335 ERROR o.a.j.p.h.s.HTTPJavaImpl: Cause: java.net.SocketException: Connection reset
2018-05-11 00:14:28,337 ERROR o.a.j.p.h.s.HTTPJavaImpl: readResponse: java.net.SocketException: Connection reset
2018-05-11 00:14:28,337 ERROR o.a.j.p.h.s.HTTPJavaImpl: Cause: java.net.SocketException: Connection reset
2018-05-11 00:14:28,342 ERROR o.a.j.p.h.s.HTTPJavaImpl: readResponse: java.net.SocketException: Connection reset
2018-05-11 00:14:28,343 ERROR o.a.j.p.h.s.HTTPJavaImpl: Cause: java.net.SocketException: Connection reset
2018-05-11 00:14:30,384 ERROR o.a.j.p.h.s.HTTPJavaImpl: readResponse: java.net.SocketException: Connection reset
2018-05-11 00:14:30,384 ERROR o.a.j.p.h.s.HTTPJavaImpl: readResponse: java.net.SocketException: Connection reset
2018-05-11 00:14:30,384 ERROR o.a.j.p.h.s.HTTPJavaImpl: readResponse: java.net.SocketException: Connection reset
2018-05-11 00:14:30,384 ERROR o.a.j.p.h.s.HTTPJavaImpl: Cause: java.net.SocketException: Connection reset
2018-05-11 00:14:30,384 ERROR o.a.j.p.h.s.HTTPJavaImpl: Cause: java.net.SocketException: Connection reset
2018-05-11 00:14:30,384 ERROR o.a.j.p.h.s.HTTPJavaImpl: Cause: java.net.SocketException: Connection reset
2018-05-11 00:14:30,393 ERROR o.a.j.p.h.s.HTTPJavaImpl: readResponse: java.net.SocketException: Connection reset
2018-05-11 00:14:30,394 ERROR o.a.j.p.h.s.HTTPJavaImpl: Cause: java.net.SocketException: Connection reset
2018-05-11 00:14:30,394 INFO o.a.j.r.Summariser: summary +    101 in 00:01:57 =    0,9/s Avg: 140794 Min: 129189 Max: 245615 Err:   101 (100,00%) Active: 440 Started: 440 Finished: 0
2018-05-11 00:14:30,394 INFO o.a.j.r.Summariser: summary =    258 in 00:04:11 =    1,0/s Avg: 58659 Min:    29 Max: 245615 Err:   102 (39,53%)
2018-05-11 00:14:32,436 ERROR o.a.j.p.h.s.HTTPJavaImpl: readResponse: java.net.SocketException: Connection reset
2018-05-11 00:14:32,436 ERROR o.a.j.p.h.s.HTTPJavaImpl: Cause: java.net.SocketException: Connection reset
2018-05-11 00:14:32,438 ERROR o.a.j.p.h.s.HTTPJavaImpl: readResponse: java.net.SocketException: Connection reset
2018-05-11 00:14:32,438 ERROR o.a.j.p.h.s.HTTPJavaImpl: Cause: java.net.SocketException: Connection reset
2018-05-11 00:14:34,480 ERROR o.a.j.p.h.s.HTTPJavaImpl: readResponse: java.net.SocketException: Connection reset
2018-05-11 00:14:34,480 ERROR o.a.j.p.h.s.HTTPJavaImpl: Cause: java.net.SocketException: Connection reset
2018-05-11 00:14:34,481 ERROR o.a.j.p.h.s.HTTPJavaImpl: readResponse: java.net.SocketException: Connection reset
2018-05-11 00:14:34,481 ERROR o.a.j.p.h.s.HTTPJavaImpl: Cause: java.net.SocketException: Connection reset
2018-05-11 00:14:36,528 ERROR o.a.j.p.h.s.HTTPJavaImpl: readResponse: java.net.SocketException: Connection reset
2018-05-11 00:14:36,528 ERROR o.a.j.p.h.s.HTTPJavaImpl: readResponse: java.net.SocketException: Connection reset
2018-05-11 00:14:36,528 ERROR o.a.j.p.h.s.HTTPJavaImpl: Cause: java.net.SocketException: Connection reset
2018-05-11 00:14:36,528 ERROR o.a.j.p.h.s.HTTPJavaImpl: Cause: java.net.SocketException: Connection reset
2018-05-11 00:14:40,608 ERROR o.a.j.p.h.s.HTTPJavaImpl: readResponse: java.net.ConnectException: Expiró el tiempo de conexión (Connection timed out)
2018-05-11 00:14:40,608 ERROR o.a.j.p.h.s.HTTPJavaImpl: readResponse: java.net.ConnectException: Expiró el tiempo de conexión (Connection timed out)
2018-05-11 00:14:40,608 ERROR o.a.j.p.h.s.HTTPJavaImpl: readResponse: java.net.ConnectException: Expiró el tiempo de conexión (Connection timed out)
2018-05-11 00:14:40,608 ERROR o.a.j.p.h.s.HTTPJavaImpl: Cause: java.net.ConnectException: Expiró el tiempo de conexión (Connection timed out)
2018-05-11 00:14:40,608 ERROR o.a.j.p.h.s.HTTPJavaImpl: Cause: java.net.ConnectException: Expiró el tiempo de conexión (Connection timed out)
2018-05-11 00:14:40,608 ERROR o.a.j.p.h.s.HTTPJavaImpl: Cause: java.net.ConnectException: Expiró el tiempo de conexión (Connection timed out)
2018-05-11 00:14:42,671 ERROR o.a.j.p.h.s.HTTPJavaImpl: readResponse: java.net.SocketException: Connection reset
2018-05-11 00:14:42,671 ERROR o.a.j.p.h.s.HTTPJavaImpl: readResponse: java.net.SocketException: Connection reset
2018-05-11 00:14:42,671 ERROR o.a.j.p.h.s.HTTPJavaImpl: readResponse: java.net.SocketException: Connection reset
2018-05-11 00:14:42,671 ERROR o.a.j.p.h.s.HTTPJavaImpl: Cause: java.net.SocketException: Connection reset
2018-05-11 00:14:42,671 ERROR o.a.j.p.h.s.HTTPJavaImpl: Cause: java.net.SocketException: Connection reset
2018-05-11 00:14:42,672 ERROR o.a.j.p.h.s.HTTPJavaImpl: Cause: java.net.SocketException: Connection reset
2018-05-11 00:14:44,720 ERROR o.a.j.p.h.s.HTTPJavaImpl: readResponse: java.net.SocketException: Connection reset
2018-05-11 00:14:44,720 ERROR o.a.j.p.h.s.HTTPJavaImpl: readResponse: java.net.SocketException: Connection reset
2018-05-11 00:14:44,720 ERROR o.a.j.p.h.s.HTTPJavaImpl: Cause: java.net.SocketException: Connection reset
2018-05-11 00:14:44,720 ERROR o.a.j.p.h.s.HTTPJavaImpl: Cause: java.net.SocketException: Connection reset
2018-05-11 00:14:44,722 ERROR o.a.j.p.h.s.HTTPJavaImpl: readResponse: java.net.SocketException: Connection reset
2018-05-11 00:14:44,722 ERROR o.a.j.p.h.s.HTTPJavaImpl: Cause: java.net.SocketException: Connection reset
2018-05-11 00:14:46,769 ERROR o.a.j.p.h.s.HTTPJavaImpl: readResponse: java.net.SocketException: Connection reset
2018-05-11 00:14:46,769 ERROR o.a.j.p.h.s.HTTPJavaImpl: Cause: java.net.SocketException: Connection reset
2018-05-11 00:14:48,800 ERROR o.a.j.p.h.s.HTTPJavaImpl: readResponse: java.net.ConnectException: Expiró el tiempo de conexión (Connection timed out)
2018-05-11 00:14:48,800 ERROR o.a.j.p.h.s.HTTPJavaImpl: Cause: java.net.ConnectException: Expiró el tiempo de conexión (Connection timed out)
2018-05-11 00:14:48,801 ERROR o.a.j.p.h.s.HTTPJavaImpl: readResponse: java.net.ConnectException: Expiró el tiempo de conexión (Connection timed out)
2018-05-11 00:14:48,801 ERROR o.a.j.p.h.s.HTTPJavaImpl: Cause: java.net.ConnectException: Expiró el tiempo de conexión (Connection timed out)
2018-05-11 00:14:50,848 ERROR o.a.j.p.h.s.HTTPJavaImpl: readResponse: java.net.ConnectException: Expiró el tiempo de conexión (Connection timed out)
2018-05-11 00:14:50,848 ERROR o.a.j.p.h.s.HTTPJavaImpl: Cause: java.net.ConnectException: Expiró el tiempo de conexión (Connection timed out)
2018-05-11 00:14:50,849 ERROR o.a.j.p.h.s.HTTPJavaImpl: readResponse: java.net.ConnectException: Expiró el tiempo de conexión (Connection timed out)
2018-05-11 00:14:50,849 ERROR o.a.j.p.h.s.HTTPJavaImpl: Cause: java.net.ConnectException: Expiró el tiempo de conexión (Connection timed out)
2018-05-11 00:14:50,850 ERROR o.a.j.p.h.s.HTTPJavaImpl: readResponse: java.net.ConnectException: Expiró el tiempo de conexión (Connection timed out)
2018-05-11 00:14:50,850 ERROR o.a.j.p.h.s.HTTPJavaImpl: Cause: java.net.ConnectException: Expiró el tiempo de conexión (Connection timed out)
2018-05-11 00:14:50,865 ERROR o.a.j.p.h.s.HTTPJavaImpl: readResponse: java.net.SocketException: Connection reset
2018-05-11 00:14:50,865 ERROR o.a.j.p.h.s.HTTPJavaImpl: Cause: java.net.SocketException: Connection reset
2018-05-11 00:14:50,874 ERROR o.a.j.p.h.s.HTTPJavaImpl: readResponse: java.net.SocketException: Connection reset
2018-05-11 00:14:50,874 ERROR o.a.j.p.h.s.HTTPJavaImpl: Cause: java.net.SocketException: Connection reset
2018-05-11 00:14:52,896 ERROR o.a.j.p.h.s.HTTPJavaImpl: readResponse: java.net.ConnectException: Expiró el tiempo de conexión (Connection timed out)
2018-05-11 00:14:52,896 ERROR o.a.j.p.h.s.HTTPJavaImpl: Cause: java.net.ConnectException: Expiró el tiempo de conexión (Connection timed out)
2018-05-11 00:14:52,896 ERROR o.a.j.p.h.s.HTTPJavaImpl: readResponse: java.net.ConnectException: Expiró el tiempo de conexión (Connection timed out)
2018-05-11 00:14:52,896 ERROR o.a.j.p.h.s.HTTPJavaImpl: Cause: java.net.ConnectException: Expiró el tiempo de conexión (Connection timed out)
2018-05-11 00:14:52,897 ERROR o.a.j.p.h.s.HTTPJavaImpl: readResponse: java.net.ConnectException: Expiró el tiempo de conexión (Connection timed out)
2018-05-11 00:14:52,897 ERROR o.a.j.p.h.s.HTTPJavaImpl: Cause: java.net.ConnectException: Expiró el tiempo de conexión (Connection timed out)
2018-05-11 00:14:52,911 ERROR o.a.j.p.h.s.HTTPJavaImpl: readResponse: java.net.SocketException: Connection reset
2018-05-11 00:14:52,911 ERROR o.a.j.p.h.s.HTTPJavaImpl: Cause: java.net.SocketException: Connection reset
2018-05-11 00:14:52,913 ERROR o.a.j.p.h.s.HTTPJavaImpl: readResponse: java.net.SocketException: Connection reset
2018-05-11 00:14:52,913 ERROR o.a.j.p.h.s.HTTPJavaImpl: readResponse: java.net.SocketException: Connection reset
2018-05-11 00:14:52,913 ERROR o.a.j.p.h.s.HTTPJavaImpl: Cause: java.net.SocketException: Connection reset
2018-05-11 00:14:52,913 ERROR o.a.j.p.h.s.HTTPJavaImpl: Cause: java.net.SocketException: Connection reset
2018-05-11 00:14:52,915 ERROR o.a.j.p.h.s.HTTPJavaImpl: readResponse: java.net.SocketException: Connection reset
2018-05-11 00:14:52,916 ERROR o.a.j.p.h.s.HTTPJavaImpl: Cause: java.net.SocketException: Connection reset
2018-05-11 00:14:54,959 ERROR o.a.j.p.h.s.HTTPJavaImpl: readResponse: java.net.SocketException: Connection reset
2018-05-11 00:14:54,959 ERROR o.a.j.p.h.s.HTTPJavaImpl: Cause: java.net.SocketException: Connection reset
2018-05-11 00:14:54,961 ERROR o.a.j.p.h.s.HTTPJavaImpl: readResponse: java.net.SocketException: Connection reset
2018-05-11 00:14:54,961 ERROR o.a.j.p.h.s.HTTPJavaImpl: Cause: java.net.SocketException: Connection reset
2018-05-11 00:14:57,011 ERROR o.a.j.p.h.s.HTTPJavaImpl: readResponse: java.net.SocketException: Connection reset
2018-05-11 00:14:57,011 ERROR o.a.j.p.h.s.HTTPJavaImpl: readResponse: java.net.SocketException: Connection reset
2018-05-11 00:14:57,011 ERROR o.a.j.p.h.s.HTTPJavaImpl: readResponse: java.net.SocketException: Connection reset
2018-05-11 00:14:57,011 ERROR o.a.j.p.h.s.HTTPJavaImpl: Cause: java.net.SocketException: Connection reset
2018-05-11 00:14:57,011 ERROR o.a.j.p.h.s.HTTPJavaImpl: Cause: java.net.SocketException: Connection reset
2018-05-11 00:14:57,011 ERROR o.a.j.p.h.s.HTTPJavaImpl: Cause: java.net.SocketException: Connection reset
2018-05-11 00:14:59,057 ERROR o.a.j.p.h.s.HTTPJavaImpl: readResponse: java.net.SocketException: Connection reset
2018-05-11 00:14:59,057 ERROR o.a.j.p.h.s.HTTPJavaImpl: Cause: java.net.SocketException: Connection reset
2018-05-11 00:14:59,060 ERROR o.a.j.p.h.s.HTTPJavaImpl: readResponse: java.net.SocketException: Connection reset
2018-05-11 00:14:59,060 ERROR o.a.j.p.h.s.HTTPJavaImpl: readResponse: java.net.SocketException: Connection reset
2018-05-11 00:14:59,060 ERROR o.a.j.p.h.s.HTTPJavaImpl: Cause: java.net.SocketException: Connection reset
2018-05-11 00:14:59,060 ERROR o.a.j.p.h.s.HTTPJavaImpl: Cause: java.net.SocketException: Connection reset
2018-05-11 00:14:59,062 ERROR o.a.j.p.h.s.HTTPJavaImpl: readResponse: java.net.SocketException: Connection reset
2018-05-11 00:14:59,062 ERROR o.a.j.p.h.s.HTTPJavaImpl: Cause: java.net.SocketException: Connection reset
2018-05-11 00:15:01,105 ERROR o.a.j.p.h.s.HTTPJavaImpl: readResponse: java.net.SocketException: Connection reset
2018-05-11 00:15:01,105 ERROR o.a.j.p.h.s.HTTPJavaImpl: readResponse: java.net.SocketException: Connection reset
2018-05-11 00:15:01,105 ERROR o.a.j.p.h.s.HTTPJavaImpl: Cause: java.net.SocketException: Connection reset
2018-05-11 00:15:01,105 ERROR o.a.j.p.h.s.HTTPJavaImpl: Cause: java.net.SocketException: Connection reset
2018-05-11 00:15:01,106 INFO o.a.j.r.Summariser: summary +     97 in 00:00:31 =    3,2/s Avg: 188141 Min: 131056 Max: 272580 Err:    97 (100,00%) Active: 440 Started: 440 Finished: 0
2018-05-11 00:15:01,106 INFO o.a.j.r.Summariser: summary =    355 in 00:04:42 =    1,3/s Avg: 94038 Min:    29 Max: 272580 Err:   199 (56,06%)
2018-05-11 00:15:01,106 ERROR o.a.j.p.h.s.HTTPJavaImpl: readResponse: java.net.SocketException: Connection reset
2018-05-11 00:15:01,106 ERROR o.a.j.p.h.s.HTTPJavaImpl: readResponse: java.net.SocketException: Connection reset
2018-05-11 00:15:01,107 ERROR o.a.j.p.h.s.HTTPJavaImpl: Cause: java.net.SocketException: Connection reset
2018-05-11 00:15:01,107 ERROR o.a.j.p.h.s.HTTPJavaImpl: Cause: java.net.SocketException: Connection reset
2018-05-11 00:15:05,203 ERROR o.a.j.p.h.s.HTTPJavaImpl: readResponse: java.net.SocketException: Connection reset
2018-05-11 00:15:05,203 ERROR o.a.j.p.h.s.HTTPJavaImpl: Cause: java.net.SocketException: Connection reset
2018-05-11 00:15:25,687 ERROR o.a.j.p.h.s.HTTPJavaImpl: readResponse: java.net.SocketException: Connection reset
2018-05-11 00:15:25,687 ERROR o.a.j.p.h.s.HTTPJavaImpl: Cause: java.net.SocketException: Connection reset
2018-05-11 00:15:25,689 ERROR o.a.j.p.h.s.HTTPJavaImpl: readResponse: java.net.SocketException: Connection reset
2018-05-11 00:15:25,689 ERROR o.a.j.p.h.s.HTTPJavaImpl: Cause: java.net.SocketException: Connection reset
2018-05-11 00:15:27,730 ERROR o.a.j.p.h.s.HTTPJavaImpl: readResponse: java.net.SocketException: Connection reset
2018-05-11 00:15:27,730 ERROR o.a.j.p.h.s.HTTPJavaImpl: readResponse: java.net.SocketException: Connection reset
2018-05-11 00:15:27,730 ERROR o.a.j.p.h.s.HTTPJavaImpl: Cause: java.net.SocketException: Connection reset
2018-05-11 00:15:27,730 ERROR o.a.j.p.h.s.HTTPJavaImpl: Cause: java.net.SocketException: Connection reset
2018-05-11 00:16:51,680 ERROR o.a.j.p.h.s.HTTPJavaImpl: readResponse: java.net.ConnectException: Expiró el tiempo de conexión (Connection timed out)
2018-05-11 00:16:51,680 ERROR o.a.j.p.h.s.HTTPJavaImpl: Cause: java.net.ConnectException: Expiró el tiempo de conexión (Connection timed out)
2018-05-11 00:16:59,872 ERROR o.a.j.p.h.s.HTTPJavaImpl: readResponse: java.net.ConnectException: Expiró el tiempo de conexión (Connection timed out)
2018-05-11 00:16:59,872 ERROR o.a.j.p.h.s.HTTPJavaImpl: Cause: java.net.ConnectException: Expiró el tiempo de conexión (Connection timed out)
2018-05-11 00:17:01,921 INFO o.a.j.r.Summariser: summary +     48 in 00:02:01 =    0,4/s Avg: 141273 Min:    28 Max: 302732 Err:    18 (37,50%) Active: 440 Started: 440 Finished: 0
2018-05-11 00:17:01,921 INFO o.a.j.r.Summariser: summary =    403 in 00:06:43 =    1,0/s Avg: 99664 Min:    28 Max: 302732 Err:   217 (53,85%)
2018-05-11 00:17:03,968 ERROR o.a.j.p.h.s.HTTPJavaImpl: readResponse: java.net.ConnectException: Expiró el tiempo de conexión (Connection timed out)
2018-05-11 00:17:03,968 ERROR o.a.j.p.h.s.HTTPJavaImpl: Cause: java.net.ConnectException: Expiró el tiempo de conexión (Connection timed out)
2018-05-11 00:17:03,968 ERROR o.a.j.p.h.s.HTTPJavaImpl: readResponse: java.net.ConnectException: Expiró el tiempo de conexión (Connection timed out)
2018-05-11 00:17:03,968 ERROR o.a.j.p.h.s.HTTPJavaImpl: Cause: java.net.ConnectException: Expiró el tiempo de conexión (Connection timed out)
2018-05-11 00:17:03,968 ERROR o.a.j.p.h.s.HTTPJavaImpl: readResponse: java.net.ConnectException: Expiró el tiempo de conexión (Connection timed out)
2018-05-11 00:17:03,968 ERROR o.a.j.p.h.s.HTTPJavaImpl: Cause: java.net.ConnectException: Expiró el tiempo de conexión (Connection timed out)
2018-05-11 00:17:19,156 ERROR o.a.j.p.h.s.HTTPJavaImpl: readResponse: java.net.UnknownHostException: virtual.lab.inf.uva.es
2018-05-11 00:17:19,156 ERROR o.a.j.p.h.s.HTTPJavaImpl: Cause: java.net.UnknownHostException: virtual.lab.inf.uva.es
2018-05-11 00:17:19,165 ERROR o.a.j.p.h.s.HTTPJavaImpl: readResponse: java.net.UnknownHostException: virtual.lab.inf.uva.es
2018-05-11 00:17:19,165 ERROR o.a.j.p.h.s.HTTPJavaImpl: Cause: java.net.UnknownHostException: virtual.lab.inf.uva.es
2018-05-11 00:17:19,177 ERROR o.a.j.p.h.s.HTTPJavaImpl: readResponse: java.net.UnknownHostException: virtual.lab.inf.uva.es
2018-05-11 00:17:19,181 ERROR o.a.j.p.h.s.HTTPJavaImpl: Cause: java.net.UnknownHostException: virtual.lab.inf.uva.es
2018-05-11 00:17:19,296 ERROR o.a.j.p.h.s.HTTPJavaImpl: readResponse: java.net.UnknownHostException: virtual.lab.inf.uva.es
2018-05-11 00:17:19,296 ERROR o.a.j.p.h.s.HTTPJavaImpl: Cause: java.net.UnknownHostException: virtual.lab.inf.uva.es
2018-05-11 00:17:19,298 ERROR o.a.j.p.h.s.HTTPJavaImpl: readResponse: java.net.UnknownHostException: virtual.lab.inf.uva.es
2018-05-11 00:17:19,298 ERROR o.a.j.p.h.s.HTTPJavaImpl: Cause: java.net.UnknownHostException: virtual.lab.inf.uva.es
2018-05-11 00:17:19,327 ERROR o.a.j.p.h.s.HTTPJavaImpl: readResponse: java.net.UnknownHostException: virtual.lab.inf.uva.es
2018-05-11 00:17:19,327 ERROR o.a.j.p.h.s.HTTPJavaImpl: Cause: java.net.UnknownHostException: virtual.lab.inf.uva.es
2018-05-11 00:17:19,390 ERROR o.a.j.p.h.s.HTTPJavaImpl: readResponse: java.net.UnknownHostException: virtual.lab.inf.uva.es
2018-05-11 00:17:19,395 ERROR o.a.j.p.h.s.HTTPJavaImpl: Cause: java.net.UnknownHostException: virtual.lab.inf.uva.es
2018-05-11 00:17:19,431 ERROR o.a.j.p.h.s.HTTPJavaImpl: readResponse: java.net.UnknownHostException: virtual.lab.inf.uva.es
2018-05-11 00:17:19,432 ERROR o.a.j.p.h.s.HTTPJavaImpl: Cause: java.net.UnknownHostException: virtual.lab.inf.uva.es
2018-05-11 00:17:19,645 ERROR o.a.j.p.h.s.HTTPJavaImpl: readResponse: java.net.UnknownHostException: virtual.lab.inf.uva.es
2018-05-11 00:17:19,645 ERROR o.a.j.p.h.s.HTTPJavaImpl: Cause: java.net.UnknownHostException: virtual.lab.inf.uva.es
2018-05-11 00:17:19,696 ERROR o.a.j.p.h.s.HTTPJavaImpl: readResponse: java.net.UnknownHostException: virtual.lab.inf.uva.es
2018-05-11 00:17:19,696 ERROR o.a.j.p.h.s.HTTPJavaImpl: Cause: java.net.UnknownHostException: virtual.lab.inf.uva.es
2018-05-11 00:17:19,712 ERROR o.a.j.p.h.s.HTTPJavaImpl: readResponse: java.net.UnknownHostException: virtual.lab.inf.uva.es
2018-05-11 00:17:19,712 ERROR o.a.j.p.h.s.HTTPJavaImpl: Cause: java.net.UnknownHostException: virtual.lab.inf.uva.es
2018-05-11 00:17:19,749 ERROR o.a.j.p.h.s.HTTPJavaImpl: readResponse: java.net.UnknownHostException: virtual.lab.inf.uva.es
2018-05-11 00:17:19,749 ERROR o.a.j.p.h.s.HTTPJavaImpl: Cause: java.net.UnknownHostException: virtual.lab.inf.uva.es
2018-05-11 00:17:19,812 ERROR o.a.j.p.h.s.HTTPJavaImpl: readResponse: java.net.UnknownHostException: virtual.lab.inf.uva.es
2018-05-11 00:17:19,812 ERROR o.a.j.p.h.s.HTTPJavaImpl: Cause: java.net.UnknownHostException: virtual.lab.inf.uva.es
2018-05-11 00:17:19,946 ERROR o.a.j.p.h.s.HTTPJavaImpl: readResponse: java.net.UnknownHostException: virtual.lab.inf.uva.es
2018-05-11 00:17:19,946 ERROR o.a.j.p.h.s.HTTPJavaImpl: Cause: java.net.UnknownHostException: virtual.lab.inf.uva.es
2018-05-11 00:17:19,960 ERROR o.a.j.p.h.s.HTTPJavaImpl: readResponse: java.net.UnknownHostException: virtual.lab.inf.uva.es
2018-05-11 00:17:19,961 ERROR o.a.j.p.h.s.HTTPJavaImpl: Cause: java.net.UnknownHostException: virtual.lab.inf.uva.es
2018-05-11 00:17:20,008 ERROR o.a.j.p.h.s.HTTPJavaImpl: readResponse: java.net.UnknownHostException: virtual.lab.inf.uva.es
2018-05-11 00:17:20,008 ERROR o.a.j.p.h.s.HTTPJavaImpl: Cause: java.net.UnknownHostException: virtual.lab.inf.uva.es
2018-05-11 00:17:20,008 ERROR o.a.j.p.h.s.HTTPJavaImpl: readResponse: java.net.UnknownHostException: virtual.lab.inf.uva.es
2018-05-11 00:17:20,008 ERROR o.a.j.p.h.s.HTTPJavaImpl: Cause: java.net.UnknownHostException: virtual.lab.inf.uva.es
2018-05-11 00:17:20,030 ERROR o.a.j.p.h.s.HTTPJavaImpl: readResponse: java.net.UnknownHostException: virtual.lab.inf.uva.es
2018-05-11 00:17:20,030 ERROR o.a.j.p.h.s.HTTPJavaImpl: Cause: java.net.UnknownHostException: virtual.lab.inf.uva.es
2018-05-11 00:17:20,050 ERROR o.a.j.p.h.s.HTTPJavaImpl: readResponse: java.net.UnknownHostException: virtual.lab.inf.uva.es
2018-05-11 00:17:20,050 ERROR o.a.j.p.h.s.HTTPJavaImpl: Cause: java.net.UnknownHostException: virtual.lab.inf.uva.es
2018-05-11 00:17:20,055 ERROR o.a.j.p.h.s.HTTPJavaImpl: readResponse: java.net.UnknownHostException: virtual.lab.inf.uva.es
2018-05-11 00:17:20,055 ERROR o.a.j.p.h.s.HTTPJavaImpl: Cause: java.net.UnknownHostException: virtual.lab.inf.uva.es
2018-05-11 00:17:20,120 ERROR o.a.j.p.h.s.HTTPJavaImpl: readResponse: java.net.UnknownHostException: virtual.lab.inf.uva.es
2018-05-11 00:17:20,120 ERROR o.a.j.p.h.s.HTTPJavaImpl: Cause: java.net.UnknownHostException: virtual.lab.inf.uva.es
2018-05-11 00:17:20,147 ERROR o.a.j.p.h.s.HTTPJavaImpl: readResponse: java.net.UnknownHostException: virtual.lab.inf.uva.es
2018-05-11 00:17:20,147 ERROR o.a.j.p.h.s.HTTPJavaImpl: Cause: java.net.UnknownHostException: virtual.lab.inf.uva.es
2018-05-11 00:17:20,167 ERROR o.a.j.p.h.s.HTTPJavaImpl: readResponse: java.net.UnknownHostException: virtual.lab.inf.uva.es
2018-05-11 00:17:20,167 ERROR o.a.j.p.h.s.HTTPJavaImpl: Cause: java.net.UnknownHostException: virtual.lab.inf.uva.es
2018-05-11 00:17:20,177 ERROR o.a.j.p.h.s.HTTPJavaImpl: readResponse: java.net.UnknownHostException: virtual.lab.inf.uva.es
2018-05-11 00:17:20,177 ERROR o.a.j.p.h.s.HTTPJavaImpl: Cause: java.net.UnknownHostException: virtual.lab.inf.uva.es
2018-05-11 00:17:20,186 ERROR o.a.j.p.h.s.HTTPJavaImpl: readResponse: java.net.UnknownHostException: virtual.lab.inf.uva.es
2018-05-11 00:17:20,186 ERROR o.a.j.p.h.s.HTTPJavaImpl: Cause: java.net.UnknownHostException: virtual.lab.inf.uva.es
2018-05-11 00:17:20,216 ERROR o.a.j.p.h.s.HTTPJavaImpl: readResponse: java.net.UnknownHostException: virtual.lab.inf.uva.es
2018-05-11 00:17:20,216 ERROR o.a.j.p.h.s.HTTPJavaImpl: Cause: java.net.UnknownHostException: virtual.lab.inf.uva.es
2018-05-11 00:17:20,271 ERROR o.a.j.p.h.s.HTTPJavaImpl: readResponse: java.net.UnknownHostException: virtual.lab.inf.uva.es
2018-05-11 00:17:20,271 ERROR o.a.j.p.h.s.HTTPJavaImpl: Cause: java.net.UnknownHostException: virtual.lab.inf.uva.es
2018-05-11 00:17:20,272 ERROR o.a.j.p.h.s.HTTPJavaImpl: readResponse: java.net.UnknownHostException: virtual.lab.inf.uva.es
2018-05-11 00:17:20,272 ERROR o.a.j.p.h.s.HTTPJavaImpl: Cause: java.net.UnknownHostException: virtual.lab.inf.uva.es
2018-05-11 00:17:20,272 ERROR o.a.j.p.h.s.HTTPJavaImpl: readResponse: java.net.UnknownHostException: virtual.lab.inf.uva.es
2018-05-11 00:17:20,273 ERROR o.a.j.p.h.s.HTTPJavaImpl: Cause: java.net.UnknownHostException: virtual.lab.inf.uva.es
2018-05-11 00:17:20,273 ERROR o.a.j.p.h.s.HTTPJavaImpl: readResponse: java.net.UnknownHostException: virtual.lab.inf.uva.es
2018-05-11 00:17:20,273 ERROR o.a.j.p.h.s.HTTPJavaImpl: Cause: java.net.UnknownHostException: virtual.lab.inf.uva.es
2018-05-11 00:17:20,282 ERROR o.a.j.p.h.s.HTTPJavaImpl: readResponse: java.net.UnknownHostException: virtual.lab.inf.uva.es
2018-05-11 00:17:20,282 ERROR o.a.j.p.h.s.HTTPJavaImpl: Cause: java.net.UnknownHostException: virtual.lab.inf.uva.es
2018-05-11 00:17:20,312 ERROR o.a.j.p.h.s.HTTPJavaImpl: readResponse: java.net.UnknownHostException: virtual.lab.inf.uva.es
2018-05-11 00:17:20,312 ERROR o.a.j.p.h.s.HTTPJavaImpl: Cause: java.net.UnknownHostException: virtual.lab.inf.uva.es
2018-05-11 00:17:20,368 ERROR o.a.j.p.h.s.HTTPJavaImpl: readResponse: java.net.UnknownHostException: virtual.lab.inf.uva.es
2018-05-11 00:17:20,368 ERROR o.a.j.p.h.s.HTTPJavaImpl: readResponse: java.net.UnknownHostException: virtual.lab.inf.uva.es
2018-05-11 00:17:20,368 ERROR o.a.j.p.h.s.HTTPJavaImpl: Cause: java.net.UnknownHostException: virtual.lab.inf.uva.es
2018-05-11 00:17:20,368 ERROR o.a.j.p.h.s.HTTPJavaImpl: Cause: java.net.UnknownHostException: virtual.lab.inf.uva.es
2018-05-11 00:17:20,380 ERROR o.a.j.p.h.s.HTTPJavaImpl: readResponse: java.net.UnknownHostException: virtual.lab.inf.uva.es
2018-05-11 00:17:20,380 ERROR o.a.j.p.h.s.HTTPJavaImpl: Cause: java.net.UnknownHostException: virtual.lab.inf.uva.es
2018-05-11 00:17:20,405 ERROR o.a.j.p.h.s.HTTPJavaImpl: readResponse: java.net.UnknownHostException: virtual.lab.inf.uva.es
2018-05-11 00:17:20,405 ERROR o.a.j.p.h.s.HTTPJavaImpl: Cause: java.net.UnknownHostException: virtual.lab.inf.uva.es
2018-05-11 00:17:20,420 ERROR o.a.j.p.h.s.HTTPJavaImpl: readResponse: java.net.UnknownHostException: virtual.lab.inf.uva.es
2018-05-11 00:17:20,420 ERROR o.a.j.p.h.s.HTTPJavaImpl: Cause: java.net.UnknownHostException: virtual.lab.inf.uva.es
2018-05-11 00:17:20,431 ERROR o.a.j.p.h.s.HTTPJavaImpl: readResponse: java.net.UnknownHostException: virtual.lab.inf.uva.es
2018-05-11 00:17:20,431 ERROR o.a.j.p.h.s.HTTPJavaImpl: Cause: java.net.UnknownHostException: virtual.lab.inf.uva.es
2018-05-11 00:17:20,442 ERROR o.a.j.p.h.s.HTTPJavaImpl: readResponse: java.net.UnknownHostException: virtual.lab.inf.uva.es
2018-05-11 00:17:20,442 ERROR o.a.j.p.h.s.HTTPJavaImpl: Cause: java.net.UnknownHostException: virtual.lab.inf.uva.es
2018-05-11 00:17:20,476 ERROR o.a.j.p.h.s.HTTPJavaImpl: readResponse: java.net.UnknownHostException: virtual.lab.inf.uva.es
2018-05-11 00:17:20,476 ERROR o.a.j.p.h.s.HTTPJavaImpl: Cause: java.net.UnknownHostException: virtual.lab.inf.uva.es
2018-05-11 00:17:20,477 ERROR o.a.j.p.h.s.HTTPJavaImpl: readResponse: java.net.UnknownHostException: virtual.lab.inf.uva.es
2018-05-11 00:17:20,477 ERROR o.a.j.p.h.s.HTTPJavaImpl: Cause: java.net.UnknownHostException: virtual.lab.inf.uva.es
2018-05-11 00:17:20,483 ERROR o.a.j.p.h.s.HTTPJavaImpl: readResponse: java.net.UnknownHostException: virtual.lab.inf.uva.es
2018-05-11 00:17:20,483 ERROR o.a.j.p.h.s.HTTPJavaImpl: Cause: java.net.UnknownHostException: virtual.lab.inf.uva.es
2018-05-11 00:17:20,485 ERROR o.a.j.p.h.s.HTTPJavaImpl: readResponse: java.net.UnknownHostException: virtual.lab.inf.uva.es
2018-05-11 00:17:20,485 ERROR o.a.j.p.h.s.HTTPJavaImpl: Cause: java.net.UnknownHostException: virtual.lab.inf.uva.es
2018-05-11 00:17:20,493 ERROR o.a.j.p.h.s.HTTPJavaImpl: readResponse: java.net.UnknownHostException: virtual.lab.inf.uva.es
2018-05-11 00:17:20,493 ERROR o.a.j.p.h.s.HTTPJavaImpl: Cause: java.net.UnknownHostException: virtual.lab.inf.uva.es
2018-05-11 00:17:20,518 ERROR o.a.j.p.h.s.HTTPJavaImpl: readResponse: java.net.UnknownHostException: virtual.lab.inf.uva.es
2018-05-11 00:17:20,518 ERROR o.a.j.p.h.s.HTTPJavaImpl: readResponse: java.net.UnknownHostException: virtual.lab.inf.uva.es
2018-05-11 00:17:20,519 ERROR o.a.j.p.h.s.HTTPJavaImpl: Cause: java.net.UnknownHostException: virtual.lab.inf.uva.es
2018-05-11 00:17:20,518 ERROR o.a.j.p.h.s.HTTPJavaImpl: readResponse: java.net.UnknownHostException: virtual.lab.inf.uva.es
2018-05-11 00:17:20,521 ERROR o.a.j.p.h.s.HTTPJavaImpl: Cause: java.net.UnknownHostException: virtual.lab.inf.uva.es
2018-05-11 00:17:20,521 ERROR o.a.j.p.h.s.HTTPJavaImpl: readResponse: java.net.UnknownHostException: virtual.lab.inf.uva.es
2018-05-11 00:17:20,521 ERROR o.a.j.p.h.s.HTTPJavaImpl: Cause: java.net.UnknownHostException: virtual.lab.inf.uva.es
2018-05-11 00:17:20,519 ERROR o.a.j.p.h.s.HTTPJavaImpl: Cause: java.net.UnknownHostException: virtual.lab.inf.uva.es
2018-05-11 00:17:20,545 ERROR o.a.j.p.h.s.HTTPJavaImpl: readResponse: java.net.UnknownHostException: virtual.lab.inf.uva.es
2018-05-11 00:17:20,545 ERROR o.a.j.p.h.s.HTTPJavaImpl: Cause: java.net.UnknownHostException: virtual.lab.inf.uva.es
2018-05-11 00:17:20,573 ERROR o.a.j.p.h.s.HTTPJavaImpl: readResponse: java.net.UnknownHostException: virtual.lab.inf.uva.es
2018-05-11 00:17:20,573 ERROR o.a.j.p.h.s.HTTPJavaImpl: Cause: java.net.UnknownHostException: virtual.lab.inf.uva.es
2018-05-11 00:17:20,592 ERROR o.a.j.p.h.s.HTTPJavaImpl: readResponse: java.net.UnknownHostException: virtual.lab.inf.uva.es
2018-05-11 00:17:20,592 ERROR o.a.j.p.h.s.HTTPJavaImpl: Cause: java.net.UnknownHostException: virtual.lab.inf.uva.es
2018-05-11 00:17:20,593 ERROR o.a.j.p.h.s.HTTPJavaImpl: readResponse: java.net.UnknownHostException: virtual.lab.inf.uva.es
2018-05-11 00:17:20,593 ERROR o.a.j.p.h.s.HTTPJavaImpl: Cause: java.net.UnknownHostException: virtual.lab.inf.uva.es
2018-05-11 00:17:20,594 ERROR o.a.j.p.h.s.HTTPJavaImpl: readResponse: java.net.UnknownHostException: virtual.lab.inf.uva.es
2018-05-11 00:17:20,594 ERROR o.a.j.p.h.s.HTTPJavaImpl: Cause: java.net.UnknownHostException: virtual.lab.inf.uva.es
2018-05-11 00:17:20,602 ERROR o.a.j.p.h.s.HTTPJavaImpl: readResponse: java.net.UnknownHostException: virtual.lab.inf.uva.es
2018-05-11 00:17:20,602 ERROR o.a.j.p.h.s.HTTPJavaImpl: Cause: java.net.UnknownHostException: virtual.lab.inf.uva.es
2018-05-11 00:17:20,621 ERROR o.a.j.p.h.s.HTTPJavaImpl: readResponse: java.net.UnknownHostException: virtual.lab.inf.uva.es
2018-05-11 00:17:20,621 ERROR o.a.j.p.h.s.HTTPJavaImpl: Cause: java.net.UnknownHostException: virtual.lab.inf.uva.es
2018-05-11 00:17:20,625 ERROR o.a.j.p.h.s.HTTPJavaImpl: readResponse: java.net.UnknownHostException: virtual.lab.inf.uva.es
2018-05-11 00:17:20,625 ERROR o.a.j.p.h.s.HTTPJavaImpl: Cause: java.net.UnknownHostException: virtual.lab.inf.uva.es
2018-05-11 00:17:20,628 ERROR o.a.j.p.h.s.HTTPJavaImpl: readResponse: java.net.UnknownHostException: virtual.lab.inf.uva.es
2018-05-11 00:17:20,634 ERROR o.a.j.p.h.s.HTTPJavaImpl: Cause: java.net.UnknownHostException: virtual.lab.inf.uva.es
2018-05-11 00:17:20,708 ERROR o.a.j.p.h.s.HTTPJavaImpl: readResponse: java.net.UnknownHostException: virtual.lab.inf.uva.es
2018-05-11 00:17:20,708 ERROR o.a.j.p.h.s.HTTPJavaImpl: readResponse: java.net.UnknownHostException: virtual.lab.inf.uva.es
2018-05-11 00:17:20,708 ERROR o.a.j.p.h.s.HTTPJavaImpl: Cause: java.net.UnknownHostException: virtual.lab.inf.uva.es
2018-05-11 00:17:20,714 ERROR o.a.j.p.h.s.HTTPJavaImpl: Cause: java.net.UnknownHostException: virtual.lab.inf.uva.es
2018-05-11 00:17:20,899 ERROR o.a.j.p.h.s.HTTPJavaImpl: readResponse: java.net.UnknownHostException: virtual.lab.inf.uva.es
2018-05-11 00:17:20,899 ERROR o.a.j.p.h.s.HTTPJavaImpl: Cause: java.net.UnknownHostException: virtual.lab.inf.uva.es
2018-05-11 00:17:20,926 ERROR o.a.j.p.h.s.HTTPJavaImpl: readResponse: java.net.UnknownHostException: virtual.lab.inf.uva.es
2018-05-11 00:17:20,927 ERROR o.a.j.p.h.s.HTTPJavaImpl: Cause: java.net.UnknownHostException: virtual.lab.inf.uva.es
2018-05-11 00:17:21,001 ERROR o.a.j.p.h.s.HTTPJavaImpl: readResponse: java.net.UnknownHostException: virtual.lab.inf.uva.es
2018-05-11 00:17:21,001 ERROR o.a.j.p.h.s.HTTPJavaImpl: Cause: java.net.UnknownHostException: virtual.lab.inf.uva.es
2018-05-11 00:17:21,241 ERROR o.a.j.p.h.s.HTTPJavaImpl: readResponse: java.net.UnknownHostException: virtual.lab.inf.uva.es
2018-05-11 00:17:21,241 ERROR o.a.j.p.h.s.HTTPJavaImpl: Cause: java.net.UnknownHostException: virtual.lab.inf.uva.es
2018-05-11 00:17:21,318 ERROR o.a.j.p.h.s.HTTPJavaImpl: readResponse: java.net.UnknownHostException: virtual.lab.inf.uva.es
2018-05-11 00:17:21,318 ERROR o.a.j.p.h.s.HTTPJavaImpl: Cause: java.net.UnknownHostException: virtual.lab.inf.uva.es
2018-05-11 00:17:24,469 ERROR o.a.j.p.h.s.HTTPJavaImpl: readResponse: java.net.SocketException: Connection reset
2018-05-11 00:17:24,470 ERROR o.a.j.p.h.s.HTTPJavaImpl: Cause: java.net.SocketException: Connection reset
2018-05-11 00:17:26,518 ERROR o.a.j.p.h.s.HTTPJavaImpl: readResponse: java.net.SocketException: Connection reset
2018-05-11 00:17:26,518 ERROR o.a.j.p.h.s.HTTPJavaImpl: Cause: java.net.SocketException: Connection reset
2018-05-11 00:17:28,560 ERROR o.a.j.p.h.s.HTTPJavaImpl: readResponse: java.net.SocketException: Connection reset
2018-05-11 00:17:28,560 ERROR o.a.j.p.h.s.HTTPJavaImpl: Cause: java.net.SocketException: Connection reset
2018-05-11 00:17:28,567 ERROR o.a.j.p.h.s.HTTPJavaImpl: readResponse: java.net.SocketException: Connection reset
2018-05-11 00:17:28,570 ERROR o.a.j.p.h.s.HTTPJavaImpl: Cause: java.net.SocketException: Connection reset
2018-05-11 00:17:30,035 INFO o.a.j.r.Summariser: summary + 167031 in 00:00:28 = 5941,2/s Avg:   276 Min:     0 Max: 424472 Err: 166783 (99,85%) Active: 440 Started: 440 Finished: 0
2018-05-11 00:17:30,035 INFO o.a.j.r.Summariser: summary = 167434 in 00:07:11 =  388,4/s Avg:   515 Min:     0 Max: 424472 Err: 167000 (99,74%)
2018-05-11 00:17:30,608 ERROR o.a.j.p.h.s.HTTPJavaImpl: readResponse: java.net.SocketException: Connection reset
2018-05-11 00:17:30,608 ERROR o.a.j.p.h.s.HTTPJavaImpl: Cause: java.net.SocketException: Connection reset
2018-05-11 00:17:30,611 ERROR o.a.j.p.h.s.HTTPJavaImpl: readResponse: java.net.SocketException: Connection reset
2018-05-11 00:17:30,611 ERROR o.a.j.p.h.s.HTTPJavaImpl: Cause: java.net.SocketException: Connection reset
2018-05-11 00:17:32,657 ERROR o.a.j.p.h.s.HTTPJavaImpl: readResponse: java.net.SocketException: Connection reset
2018-05-11 00:17:32,657 ERROR o.a.j.p.h.s.HTTPJavaImpl: Cause: java.net.SocketException: Connection reset
2018-05-11 00:17:32,661 ERROR o.a.j.p.h.s.HTTPJavaImpl: readResponse: java.net.SocketException: Connection reset
2018-05-11 00:17:32,661 ERROR o.a.j.p.h.s.HTTPJavaImpl: Cause: java.net.SocketException: Connection reset
2018-05-11 00:17:34,706 ERROR o.a.j.p.h.s.HTTPJavaImpl: readResponse: java.net.SocketException: Connection reset
2018-05-11 00:17:34,706 ERROR o.a.j.p.h.s.HTTPJavaImpl: Cause: java.net.SocketException: Connection reset
2018-05-11 00:17:34,709 ERROR o.a.j.p.h.s.HTTPJavaImpl: readResponse: java.net.SocketException: Connection reset
2018-05-11 00:17:34,709 ERROR o.a.j.p.h.s.HTTPJavaImpl: Cause: java.net.SocketException: Connection reset
2018-05-11 00:24:50,385 INFO o.a.j.r.ResultCollector: Shutdown hook started
2018-05-11 00:24:50,385 INFO o.a.j.r.ResultCollector: Shutdown hook ended
