2018-05-10 22:21:35,216 INFO o.a.j.u.JMeterUtils: Setting Locale to es_ES
2018-05-10 22:21:35,230 INFO o.a.j.u.JMeterUtils: Could not find resources for 'es_ES', using 'es'
2018-05-10 22:21:35,232 INFO o.a.j.JMeter: Loading user properties from: user.properties
2018-05-10 22:21:35,232 INFO o.a.j.JMeter: Loading system properties from: system.properties
2018-05-10 22:21:35,235 INFO o.a.j.JMeter: Copyright (c) 1998-2017 The Apache Software Foundation
2018-05-10 22:21:35,236 INFO o.a.j.JMeter: Version 3.3 r1808647
2018-05-10 22:21:35,236 INFO o.a.j.JMeter: java.version=1.8.0_162
2018-05-10 22:21:35,236 INFO o.a.j.JMeter: java.vm.name=OpenJDK 64-Bit Server VM
2018-05-10 22:21:35,236 INFO o.a.j.JMeter: os.name=Linux
2018-05-10 22:21:35,236 INFO o.a.j.JMeter: os.arch=amd64
2018-05-10 22:21:35,236 INFO o.a.j.JMeter: os.version=4.13.0-39-generic
2018-05-10 22:21:35,236 INFO o.a.j.JMeter: file.encoding=UTF-8
2018-05-10 22:21:35,236 INFO o.a.j.JMeter: Max memory     =536870912
2018-05-10 22:21:35,236 INFO o.a.j.JMeter: Available Processors =8
2018-05-10 22:21:35,242 INFO o.a.j.JMeter: Default Locale=español (España)
2018-05-10 22:21:35,242 INFO o.a.j.JMeter: JMeter  Locale=español (España)
2018-05-10 22:21:35,242 INFO o.a.j.JMeter: JMeterHome=/home/sergio/Dropbox/Universidad/TerceroIngenieria/SegundoCuatrimestre/ESI/laboratorio/apache-jmeter-3.3
2018-05-10 22:21:35,242 INFO o.a.j.JMeter: user.dir  =/home/sergio/Dropbox/Universidad/TerceroIngenieria/SegundoCuatrimestre/ESI/laboratorio/apache-jmeter-3.3/bin
2018-05-10 22:21:35,242 INFO o.a.j.JMeter: PWD       =/home/sergio/Dropbox/Universidad/TerceroIngenieria/SegundoCuatrimestre/ESI/laboratorio/apache-jmeter-3.3/bin
2018-05-10 22:21:35,242 INFO o.a.j.JMeter: IP: 127.0.1.1 Name: sergio-Alienware-17-R2 FullName: sergio-Alienware-17-R2
2018-05-10 22:21:35,245 INFO o.a.j.s.FileServer: Default base='/home/sergio/Dropbox/Universidad/TerceroIngenieria/SegundoCuatrimestre/ESI/laboratorio/apache-jmeter-3.3/bin'
2018-05-10 22:21:35,245 INFO o.a.j.s.FileServer: Set new base='/home/sergio/Dropbox/Universidad/TerceroIngenieria/SegundoCuatrimestre/ESI/laboratorio/apache-jmeter-3.3/bin/../../lab1/Práctica2/Escenarios Jmeter'
2018-05-10 22:21:35,354 INFO o.a.j.s.SaveService: Testplan (JMX) version: 2.2. Testlog (JTL) version: 2.2
2018-05-10 22:21:35,363 INFO o.a.j.s.SaveService: Using SaveService properties file encoding UTF-8
2018-05-10 22:21:35,367 INFO o.a.j.s.SaveService: Using SaveService properties version 3.2
2018-05-10 22:21:35,374 INFO o.a.j.s.SaveService: Loading file: ../../lab1/Práctica2/Escenarios Jmeter/ModificarApunte.jmx
2018-05-10 22:21:35,410 INFO o.a.j.p.h.s.HTTPSamplerBase: Parser for text/html is org.apache.jmeter.protocol.http.parser.LagartoBasedHtmlParser
2018-05-10 22:21:35,410 INFO o.a.j.p.h.s.HTTPSamplerBase: Parser for application/xhtml+xml is org.apache.jmeter.protocol.http.parser.LagartoBasedHtmlParser
2018-05-10 22:21:35,410 INFO o.a.j.p.h.s.HTTPSamplerBase: Parser for application/xml is org.apache.jmeter.protocol.http.parser.LagartoBasedHtmlParser
2018-05-10 22:21:35,410 INFO o.a.j.p.h.s.HTTPSamplerBase: Parser for text/xml is org.apache.jmeter.protocol.http.parser.LagartoBasedHtmlParser
2018-05-10 22:21:35,410 INFO o.a.j.p.h.s.HTTPSamplerBase: Parser for text/vnd.wap.wml is org.apache.jmeter.protocol.http.parser.RegexpHTMLParser
2018-05-10 22:21:35,410 INFO o.a.j.p.h.s.HTTPSamplerBase: Parser for text/css is org.apache.jmeter.protocol.http.parser.CssParser
2018-05-10 22:21:35,621 INFO o.a.j.e.KeyToolUtils: keytool found at 'keytool'
2018-05-10 22:21:35,622 INFO o.a.j.p.h.p.ProxyControl: HTTP(S) Test Script Recorder SSL Proxy will use keys that support embedded 3rd party resources in file /home/sergio/Dropbox/Universidad/TerceroIngenieria/SegundoCuatrimestre/ESI/laboratorio/apache-jmeter-3.3/bin/proxyserver.jks
2018-05-10 22:21:35,633 INFO o.a.j.JMeter: Creating summariser <summary>
2018-05-10 22:21:35,638 INFO o.a.j.e.StandardJMeterEngine: Running the test!
2018-05-10 22:21:35,638 INFO o.a.j.s.SampleEvent: List of sample_variables: []
2018-05-10 22:21:35,638 INFO o.a.j.s.SampleEvent: List of sample_variables: []
2018-05-10 22:21:35,641 INFO o.a.j.e.u.CompoundVariable: Note: Function class names must contain the string: '.functions.'
2018-05-10 22:21:35,642 INFO o.a.j.e.u.CompoundVariable: Note: Function class names must not contain the string: '.gui.'
2018-05-10 22:21:35,981 INFO o.a.j.JMeter: Test lanzado (1525983695981)
2018-05-10 22:21:36,007 INFO o.a.j.e.StandardJMeterEngine: Starting ThreadGroup: 1 : Hilos de Modificar Apunte
2018-05-10 22:21:36,007 INFO o.a.j.e.StandardJMeterEngine: Starting 130 threads for group Hilos de Modificar Apunte.
2018-05-10 22:21:36,007 INFO o.a.j.e.StandardJMeterEngine: Thread will continue on error
2018-05-10 22:21:36,007 INFO o.a.j.t.ThreadGroup: Starting thread group... number=1 threads=130 ramp-up=12 perThread=92.30769 delayedStart=false
2018-05-10 22:21:36,017 INFO o.a.j.t.JMeterThread: Thread started: Hilos de Modificar Apunte 1-1
2018-05-10 22:21:36,029 INFO o.a.j.p.h.s.HTTPJavaImpl: Maximum connection retries = 0
2018-05-10 22:21:36,031 INFO o.a.j.s.SampleResult: Note: Sample TimeStamps are START times
2018-05-10 22:21:36,031 INFO o.a.j.s.SampleResult: sampleresult.default.encoding is set to ISO-8859-1
2018-05-10 22:21:36,031 INFO o.a.j.s.SampleResult: sampleresult.useNanoTime=true
2018-05-10 22:21:36,031 INFO o.a.j.s.SampleResult: sampleresult.nanoThreadSleep=5000
2018-05-10 22:21:36,111 INFO o.a.j.t.JMeterThread: Thread started: Hilos de Modificar Apunte 1-2
2018-05-10 22:21:36,174 INFO o.a.j.t.ThreadGroup: Started thread group number 1
2018-05-10 22:21:36,174 INFO o.a.j.e.StandardJMeterEngine: All thread groups have been started
2018-05-10 22:21:36,205 INFO o.a.j.t.JMeterThread: Thread started: Hilos de Modificar Apunte 1-3
2018-05-10 22:21:36,299 INFO o.a.j.t.JMeterThread: Thread started: Hilos de Modificar Apunte 1-4
2018-05-10 22:21:36,395 INFO o.a.j.t.JMeterThread: Thread started: Hilos de Modificar Apunte 1-5
2018-05-10 22:21:36,488 INFO o.a.j.t.JMeterThread: Thread started: Hilos de Modificar Apunte 1-6
2018-05-10 22:21:36,581 INFO o.a.j.t.JMeterThread: Thread started: Hilos de Modificar Apunte 1-7
2018-05-10 22:21:36,677 INFO o.a.j.t.JMeterThread: Thread started: Hilos de Modificar Apunte 1-8
2018-05-10 22:21:36,771 INFO o.a.j.t.JMeterThread: Thread started: Hilos de Modificar Apunte 1-9
2018-05-10 22:21:36,867 INFO o.a.j.t.JMeterThread: Thread started: Hilos de Modificar Apunte 1-10
2018-05-10 22:21:36,962 INFO o.a.j.t.JMeterThread: Thread started: Hilos de Modificar Apunte 1-11
2018-05-10 22:21:37,055 INFO o.a.j.t.JMeterThread: Thread started: Hilos de Modificar Apunte 1-12
2018-05-10 22:21:37,148 INFO o.a.j.t.JMeterThread: Thread started: Hilos de Modificar Apunte 1-13
2018-05-10 22:21:37,243 INFO o.a.j.t.JMeterThread: Thread started: Hilos de Modificar Apunte 1-14
2018-05-10 22:21:37,337 INFO o.a.j.t.JMeterThread: Thread started: Hilos de Modificar Apunte 1-15
2018-05-10 22:21:37,429 INFO o.a.j.t.JMeterThread: Thread started: Hilos de Modificar Apunte 1-16
2018-05-10 22:21:37,522 INFO o.a.j.t.JMeterThread: Thread started: Hilos de Modificar Apunte 1-17
2018-05-10 22:21:37,616 INFO o.a.j.t.JMeterThread: Thread started: Hilos de Modificar Apunte 1-18
2018-05-10 22:21:37,709 INFO o.a.j.t.JMeterThread: Thread started: Hilos de Modificar Apunte 1-19
2018-05-10 22:21:37,801 INFO o.a.j.t.JMeterThread: Thread started: Hilos de Modificar Apunte 1-20
2018-05-10 22:21:37,896 INFO o.a.j.t.JMeterThread: Thread started: Hilos de Modificar Apunte 1-21
2018-05-10 22:21:37,989 INFO o.a.j.t.JMeterThread: Thread started: Hilos de Modificar Apunte 1-22
2018-05-10 22:21:38,082 INFO o.a.j.t.JMeterThread: Thread started: Hilos de Modificar Apunte 1-23
2018-05-10 22:21:38,176 INFO o.a.j.t.JMeterThread: Thread started: Hilos de Modificar Apunte 1-24
2018-05-10 22:21:38,268 INFO o.a.j.t.JMeterThread: Thread started: Hilos de Modificar Apunte 1-25
2018-05-10 22:21:38,361 INFO o.a.j.t.JMeterThread: Thread started: Hilos de Modificar Apunte 1-26
2018-05-10 22:21:38,455 INFO o.a.j.t.JMeterThread: Thread started: Hilos de Modificar Apunte 1-27
2018-05-10 22:21:38,548 INFO o.a.j.t.JMeterThread: Thread started: Hilos de Modificar Apunte 1-28
2018-05-10 22:21:38,640 INFO o.a.j.t.JMeterThread: Thread started: Hilos de Modificar Apunte 1-29
2018-05-10 22:21:38,733 INFO o.a.j.t.JMeterThread: Thread started: Hilos de Modificar Apunte 1-30
2018-05-10 22:21:38,827 INFO o.a.j.t.JMeterThread: Thread started: Hilos de Modificar Apunte 1-31
2018-05-10 22:21:38,920 INFO o.a.j.t.JMeterThread: Thread started: Hilos de Modificar Apunte 1-32
2018-05-10 22:21:39,013 INFO o.a.j.t.JMeterThread: Thread started: Hilos de Modificar Apunte 1-33
2018-05-10 22:21:39,107 INFO o.a.j.t.JMeterThread: Thread started: Hilos de Modificar Apunte 1-34
2018-05-10 22:21:39,201 INFO o.a.j.t.JMeterThread: Thread started: Hilos de Modificar Apunte 1-35
2018-05-10 22:21:39,293 INFO o.a.j.t.JMeterThread: Thread started: Hilos de Modificar Apunte 1-36
2018-05-10 22:21:39,387 INFO o.a.j.t.JMeterThread: Thread started: Hilos de Modificar Apunte 1-37
2018-05-10 22:21:39,480 INFO o.a.j.t.JMeterThread: Thread started: Hilos de Modificar Apunte 1-38
2018-05-10 22:21:39,573 INFO o.a.j.t.JMeterThread: Thread started: Hilos de Modificar Apunte 1-39
2018-05-10 22:21:39,666 INFO o.a.j.t.JMeterThread: Thread started: Hilos de Modificar Apunte 1-40
2018-05-10 22:21:39,760 INFO o.a.j.t.JMeterThread: Thread started: Hilos de Modificar Apunte 1-41
2018-05-10 22:21:39,857 INFO o.a.j.t.JMeterThread: Thread started: Hilos de Modificar Apunte 1-42
2018-05-10 22:21:39,950 INFO o.a.j.t.JMeterThread: Thread started: Hilos de Modificar Apunte 1-43
2018-05-10 22:21:40,045 INFO o.a.j.t.JMeterThread: Thread started: Hilos de Modificar Apunte 1-44
2018-05-10 22:21:40,138 INFO o.a.j.t.JMeterThread: Thread started: Hilos de Modificar Apunte 1-45
2018-05-10 22:21:40,233 INFO o.a.j.t.JMeterThread: Thread started: Hilos de Modificar Apunte 1-46
2018-05-10 22:21:40,328 INFO o.a.j.t.JMeterThread: Thread started: Hilos de Modificar Apunte 1-47
2018-05-10 22:21:40,421 INFO o.a.j.t.JMeterThread: Thread started: Hilos de Modificar Apunte 1-48
2018-05-10 22:21:40,514 INFO o.a.j.t.JMeterThread: Thread started: Hilos de Modificar Apunte 1-49
2018-05-10 22:21:40,612 INFO o.a.j.t.JMeterThread: Thread started: Hilos de Modificar Apunte 1-50
2018-05-10 22:21:40,704 INFO o.a.j.t.JMeterThread: Thread started: Hilos de Modificar Apunte 1-51
2018-05-10 22:21:40,796 INFO o.a.j.t.JMeterThread: Thread started: Hilos de Modificar Apunte 1-52
2018-05-10 22:21:40,890 INFO o.a.j.t.JMeterThread: Thread started: Hilos de Modificar Apunte 1-53
2018-05-10 22:21:40,982 INFO o.a.j.t.JMeterThread: Thread started: Hilos de Modificar Apunte 1-54
2018-05-10 22:21:41,076 INFO o.a.j.t.JMeterThread: Thread started: Hilos de Modificar Apunte 1-55
2018-05-10 22:21:41,168 INFO o.a.j.t.JMeterThread: Thread started: Hilos de Modificar Apunte 1-56
2018-05-10 22:21:41,263 INFO o.a.j.t.JMeterThread: Thread started: Hilos de Modificar Apunte 1-57
2018-05-10 22:21:41,356 INFO o.a.j.t.JMeterThread: Thread started: Hilos de Modificar Apunte 1-58
2018-05-10 22:21:41,448 INFO o.a.j.t.JMeterThread: Thread started: Hilos de Modificar Apunte 1-59
2018-05-10 22:21:41,542 INFO o.a.j.t.JMeterThread: Thread started: Hilos de Modificar Apunte 1-60
2018-05-10 22:21:41,635 INFO o.a.j.t.JMeterThread: Thread started: Hilos de Modificar Apunte 1-61
2018-05-10 22:21:41,727 INFO o.a.j.t.JMeterThread: Thread started: Hilos de Modificar Apunte 1-62
2018-05-10 22:21:41,822 INFO o.a.j.t.JMeterThread: Thread started: Hilos de Modificar Apunte 1-63
2018-05-10 22:21:41,915 INFO o.a.j.t.JMeterThread: Thread started: Hilos de Modificar Apunte 1-64
2018-05-10 22:21:42,011 INFO o.a.j.t.JMeterThread: Thread started: Hilos de Modificar Apunte 1-65
2018-05-10 22:21:42,108 INFO o.a.j.t.JMeterThread: Thread started: Hilos de Modificar Apunte 1-66
2018-05-10 22:21:42,201 INFO o.a.j.t.JMeterThread: Thread started: Hilos de Modificar Apunte 1-67
2018-05-10 22:21:42,294 INFO o.a.j.t.JMeterThread: Thread started: Hilos de Modificar Apunte 1-68
2018-05-10 22:21:42,387 INFO o.a.j.t.JMeterThread: Thread started: Hilos de Modificar Apunte 1-69
2018-05-10 22:21:42,481 INFO o.a.j.t.JMeterThread: Thread started: Hilos de Modificar Apunte 1-70
2018-05-10 22:21:42,574 INFO o.a.j.t.JMeterThread: Thread started: Hilos de Modificar Apunte 1-71
2018-05-10 22:21:42,668 INFO o.a.j.t.JMeterThread: Thread started: Hilos de Modificar Apunte 1-72
2018-05-10 22:21:42,763 INFO o.a.j.t.JMeterThread: Thread started: Hilos de Modificar Apunte 1-73
2018-05-10 22:21:42,856 INFO o.a.j.t.JMeterThread: Thread started: Hilos de Modificar Apunte 1-74
2018-05-10 22:21:42,949 INFO o.a.j.t.JMeterThread: Thread started: Hilos de Modificar Apunte 1-75
2018-05-10 22:21:43,041 INFO o.a.j.t.JMeterThread: Thread started: Hilos de Modificar Apunte 1-76
2018-05-10 22:21:43,135 INFO o.a.j.t.JMeterThread: Thread started: Hilos de Modificar Apunte 1-77
2018-05-10 22:21:43,226 INFO o.a.j.t.JMeterThread: Thread started: Hilos de Modificar Apunte 1-78
2018-05-10 22:21:43,320 INFO o.a.j.t.JMeterThread: Thread started: Hilos de Modificar Apunte 1-79
2018-05-10 22:21:43,414 INFO o.a.j.t.JMeterThread: Thread started: Hilos de Modificar Apunte 1-80
2018-05-10 22:21:43,505 INFO o.a.j.t.JMeterThread: Thread started: Hilos de Modificar Apunte 1-81
2018-05-10 22:21:43,598 INFO o.a.j.t.JMeterThread: Thread started: Hilos de Modificar Apunte 1-82
2018-05-10 22:21:43,692 INFO o.a.j.t.JMeterThread: Thread started: Hilos de Modificar Apunte 1-83
2018-05-10 22:21:43,785 INFO o.a.j.t.JMeterThread: Thread started: Hilos de Modificar Apunte 1-84
2018-05-10 22:21:43,880 INFO o.a.j.t.JMeterThread: Thread started: Hilos de Modificar Apunte 1-85
2018-05-10 22:21:43,974 INFO o.a.j.t.JMeterThread: Thread started: Hilos de Modificar Apunte 1-86
2018-05-10 22:21:44,068 INFO o.a.j.t.JMeterThread: Thread started: Hilos de Modificar Apunte 1-87
2018-05-10 22:21:44,162 INFO o.a.j.t.JMeterThread: Thread started: Hilos de Modificar Apunte 1-88
2018-05-10 22:21:44,259 INFO o.a.j.t.JMeterThread: Thread started: Hilos de Modificar Apunte 1-89
2018-05-10 22:21:44,352 INFO o.a.j.t.JMeterThread: Thread started: Hilos de Modificar Apunte 1-90
2018-05-10 22:21:44,445 INFO o.a.j.t.JMeterThread: Thread started: Hilos de Modificar Apunte 1-91
2018-05-10 22:21:44,538 INFO o.a.j.t.JMeterThread: Thread started: Hilos de Modificar Apunte 1-92
2018-05-10 22:21:44,632 INFO o.a.j.t.JMeterThread: Thread started: Hilos de Modificar Apunte 1-93
2018-05-10 22:21:44,725 INFO o.a.j.t.JMeterThread: Thread started: Hilos de Modificar Apunte 1-94
2018-05-10 22:21:44,817 INFO o.a.j.t.JMeterThread: Thread started: Hilos de Modificar Apunte 1-95
2018-05-10 22:21:44,911 INFO o.a.j.t.JMeterThread: Thread started: Hilos de Modificar Apunte 1-96
2018-05-10 22:21:45,004 INFO o.a.j.t.JMeterThread: Thread started: Hilos de Modificar Apunte 1-97
2018-05-10 22:21:45,097 INFO o.a.j.t.JMeterThread: Thread started: Hilos de Modificar Apunte 1-98
2018-05-10 22:21:45,195 INFO o.a.j.t.JMeterThread: Thread started: Hilos de Modificar Apunte 1-99
2018-05-10 22:21:45,287 INFO o.a.j.t.JMeterThread: Thread started: Hilos de Modificar Apunte 1-100
2018-05-10 22:21:45,381 INFO o.a.j.t.JMeterThread: Thread started: Hilos de Modificar Apunte 1-101
2018-05-10 22:21:45,474 INFO o.a.j.t.JMeterThread: Thread started: Hilos de Modificar Apunte 1-102
2018-05-10 22:21:45,571 INFO o.a.j.t.JMeterThread: Thread started: Hilos de Modificar Apunte 1-103
2018-05-10 22:21:45,665 INFO o.a.j.t.JMeterThread: Thread started: Hilos de Modificar Apunte 1-104
2018-05-10 22:21:45,760 INFO o.a.j.t.JMeterThread: Thread started: Hilos de Modificar Apunte 1-105
2018-05-10 22:21:45,853 INFO o.a.j.t.JMeterThread: Thread started: Hilos de Modificar Apunte 1-106
2018-05-10 22:21:45,946 INFO o.a.j.t.JMeterThread: Thread started: Hilos de Modificar Apunte 1-107
2018-05-10 22:21:46,040 INFO o.a.j.t.JMeterThread: Thread started: Hilos de Modificar Apunte 1-108
2018-05-10 22:21:46,134 INFO o.a.j.t.JMeterThread: Thread started: Hilos de Modificar Apunte 1-109
2018-05-10 22:21:46,227 INFO o.a.j.t.JMeterThread: Thread started: Hilos de Modificar Apunte 1-110
2018-05-10 22:21:46,319 INFO o.a.j.t.JMeterThread: Thread started: Hilos de Modificar Apunte 1-111
2018-05-10 22:21:46,413 INFO o.a.j.t.JMeterThread: Thread started: Hilos de Modificar Apunte 1-112
2018-05-10 22:21:46,505 INFO o.a.j.t.JMeterThread: Thread started: Hilos de Modificar Apunte 1-113
2018-05-10 22:21:46,598 INFO o.a.j.t.JMeterThread: Thread started: Hilos de Modificar Apunte 1-114
2018-05-10 22:21:46,691 INFO o.a.j.t.JMeterThread: Thread started: Hilos de Modificar Apunte 1-115
2018-05-10 22:21:46,785 INFO o.a.j.t.JMeterThread: Thread started: Hilos de Modificar Apunte 1-116
2018-05-10 22:21:46,876 INFO o.a.j.t.JMeterThread: Thread started: Hilos de Modificar Apunte 1-117
2018-05-10 22:21:46,970 INFO o.a.j.t.JMeterThread: Thread started: Hilos de Modificar Apunte 1-118
2018-05-10 22:21:47,062 INFO o.a.j.t.JMeterThread: Thread started: Hilos de Modificar Apunte 1-119
2018-05-10 22:21:47,154 INFO o.a.j.t.JMeterThread: Thread started: Hilos de Modificar Apunte 1-120
2018-05-10 22:21:47,247 INFO o.a.j.t.JMeterThread: Thread started: Hilos de Modificar Apunte 1-121
2018-05-10 22:21:47,340 INFO o.a.j.t.JMeterThread: Thread started: Hilos de Modificar Apunte 1-122
2018-05-10 22:21:47,433 INFO o.a.j.t.JMeterThread: Thread started: Hilos de Modificar Apunte 1-123
2018-05-10 22:21:47,526 INFO o.a.j.t.JMeterThread: Thread started: Hilos de Modificar Apunte 1-124
2018-05-10 22:21:47,619 INFO o.a.j.t.JMeterThread: Thread started: Hilos de Modificar Apunte 1-125
2018-05-10 22:21:47,711 INFO o.a.j.t.JMeterThread: Thread started: Hilos de Modificar Apunte 1-126
2018-05-10 22:21:47,803 INFO o.a.j.t.JMeterThread: Thread started: Hilos de Modificar Apunte 1-127
2018-05-10 22:21:47,897 INFO o.a.j.t.JMeterThread: Thread started: Hilos de Modificar Apunte 1-128
2018-05-10 22:21:47,989 INFO o.a.j.t.JMeterThread: Thread started: Hilos de Modificar Apunte 1-129
2018-05-10 22:21:48,082 INFO o.a.j.t.JMeterThread: Thread started: Hilos de Modificar Apunte 1-130
2018-05-10 22:26:01,656 INFO o.a.j.r.Summariser: summary +    167 in 00:04:26 =    0,6/s Avg: 19770 Min:    28 Max: 263588 Err:     0 (0,00%) Active: 130 Started: 130 Finished: 0
2018-05-10 22:26:30,117 INFO o.a.j.r.Summariser: summary +     47 in 00:00:28 =    1,7/s Avg: 95480 Min:    26 Max: 287938 Err:     0 (0,00%) Active: 130 Started: 130 Finished: 0
2018-05-10 22:26:30,117 INFO o.a.j.r.Summariser: summary =    214 in 00:04:54 =    0,7/s Avg: 36398 Min:    26 Max: 287938 Err:     0 (0,00%)
2018-05-10 22:27:00,399 INFO o.a.j.r.Summariser: summary +     35 in 00:00:30 =    1,2/s Avg: 114638 Min:    85 Max: 318554 Err:     0 (0,00%) Active: 130 Started: 130 Finished: 0
2018-05-10 22:27:00,400 INFO o.a.j.r.Summariser: summary =    249 in 00:05:24 =    0,8/s Avg: 47396 Min:    26 Max: 318554 Err:     0 (0,00%)
2018-05-10 22:27:30,075 INFO o.a.j.r.Summariser: summary +    105 in 00:00:30 =    3,5/s Avg: 150661 Min:   648 Max: 348023 Err:     0 (0,00%) Active: 130 Started: 130 Finished: 0
2018-05-10 22:27:30,076 INFO o.a.j.r.Summariser: summary =    354 in 00:05:54 =    1,0/s Avg: 78025 Min:    26 Max: 348023 Err:     0 (0,00%)
2018-05-10 22:30:05,160 INFO o.a.j.r.Summariser: summary +    178 in 00:02:35 =    1,1/s Avg: 102110 Min:   449 Max: 351746 Err:     0 (0,00%) Active: 130 Started: 130 Finished: 0
2018-05-10 22:30:05,161 INFO o.a.j.r.Summariser: summary =    532 in 00:08:29 =    1,0/s Avg: 86084 Min:    26 Max: 351746 Err:     0 (0,00%)
2018-05-10 22:30:35,510 INFO o.a.j.r.Summariser: summary +     17 in 00:00:30 =    0,6/s Avg: 241488 Min: 235170 Max: 249331 Err:     0 (0,00%) Active: 130 Started: 130 Finished: 0
2018-05-10 22:30:35,511 INFO o.a.j.r.Summariser: summary =    549 in 00:09:00 =    1,0/s Avg: 90896 Min:    26 Max: 351746 Err:     0 (0,00%)
2018-05-10 22:31:34,341 INFO o.a.j.r.Summariser: summary +      8 in 00:00:59 =    0,1/s Avg: 253913 Min: 242040 Max: 271063 Err:     0 (0,00%) Active: 130 Started: 130 Finished: 0
2018-05-10 22:31:34,342 INFO o.a.j.r.Summariser: summary =    557 in 00:09:58 =    0,9/s Avg: 93237 Min:    26 Max: 351746 Err:     0 (0,00%)
2018-05-10 22:32:01,607 INFO o.a.j.r.Summariser: summary +      6 in 00:00:27 =    0,2/s Avg: 279994 Min: 275386 Max: 284904 Err:     0 (0,00%) Active: 130 Started: 130 Finished: 0
2018-05-10 22:32:01,608 INFO o.a.j.r.Summariser: summary =    563 in 00:10:26 =    0,9/s Avg: 95227 Min:    26 Max: 351746 Err:     0 (0,00%)
2018-05-10 22:32:31,421 INFO o.a.j.r.Summariser: summary +     19 in 00:00:30 =    0,6/s Avg: 292315 Min: 285060 Max: 298849 Err:     0 (0,00%) Active: 130 Started: 130 Finished: 0
2018-05-10 22:32:31,422 INFO o.a.j.r.Summariser: summary =    582 in 00:10:55 =    0,9/s Avg: 101662 Min:    26 Max: 351746 Err:     0 (0,00%)
2018-05-10 22:33:00,168 INFO o.a.j.r.Summariser: summary +     22 in 00:00:29 =    0,8/s Avg: 310646 Min: 290574 Max: 320791 Err:     0 (0,00%) Active: 130 Started: 130 Finished: 0
2018-05-10 22:33:00,168 INFO o.a.j.r.Summariser: summary =    604 in 00:11:24 =    0,9/s Avg: 109274 Min:    26 Max: 351746 Err:     0 (0,00%)
2018-05-10 22:34:07,724 INFO o.a.j.t.JMeterThread: Stopping because end time detected by thread: Hilos de Modificar Apunte 1-2
2018-05-10 22:34:07,724 INFO o.a.j.t.JMeterThread: Thread finished: Hilos de Modificar Apunte 1-2
2018-05-10 22:34:13,484 INFO o.a.j.t.JMeterThread: Stopping because end time detected by thread: Hilos de Modificar Apunte 1-1
2018-05-10 22:34:13,485 INFO o.a.j.t.JMeterThread: Thread finished: Hilos de Modificar Apunte 1-1
2018-05-10 22:34:14,686 INFO o.a.j.t.JMeterThread: Stopping because end time detected by thread: Hilos de Modificar Apunte 1-3
2018-05-10 22:34:14,686 INFO o.a.j.t.JMeterThread: Thread finished: Hilos de Modificar Apunte 1-3
2018-05-10 22:34:19,967 INFO o.a.j.t.JMeterThread: Stopping because end time detected by thread: Hilos de Modificar Apunte 1-4
2018-05-10 22:34:19,967 INFO o.a.j.t.JMeterThread: Thread finished: Hilos de Modificar Apunte 1-4
2018-05-10 22:34:21,509 INFO o.a.j.t.JMeterThread: Stopping because end time detected by thread: Hilos de Modificar Apunte 1-6
2018-05-10 22:34:21,510 INFO o.a.j.t.JMeterThread: Thread finished: Hilos de Modificar Apunte 1-6
2018-05-10 22:34:25,490 INFO o.a.j.t.JMeterThread: Stopping because end time detected by thread: Hilos de Modificar Apunte 1-9
2018-05-10 22:34:25,490 INFO o.a.j.t.JMeterThread: Thread finished: Hilos de Modificar Apunte 1-9
2018-05-10 22:34:30,327 INFO o.a.j.r.Summariser: summary +     53 in 00:01:30 =    0,6/s Avg: 323416 Min: 278509 Max: 335244 Err:     0 (0,00%) Active: 124 Started: 130 Finished: 6
2018-05-10 22:34:30,327 INFO o.a.j.r.Summariser: summary =    657 in 00:12:54 =    0,8/s Avg: 126548 Min:    26 Max: 351746 Err:     0 (0,00%)
2018-05-10 22:34:30,327 INFO o.a.j.t.JMeterThread: Stopping because end time detected by thread: Hilos de Modificar Apunte 1-7
2018-05-10 22:34:30,327 INFO o.a.j.t.JMeterThread: Thread finished: Hilos de Modificar Apunte 1-7
2018-05-10 22:34:36,570 INFO o.a.j.t.JMeterThread: Stopping because end time detected by thread: Hilos de Modificar Apunte 1-5
2018-05-10 22:34:36,570 INFO o.a.j.t.JMeterThread: Thread finished: Hilos de Modificar Apunte 1-5
2018-05-10 22:34:36,930 INFO o.a.j.t.JMeterThread: Stopping because end time detected by thread: Hilos de Modificar Apunte 1-8
2018-05-10 22:34:36,930 INFO o.a.j.t.JMeterThread: Thread finished: Hilos de Modificar Apunte 1-8
2018-05-10 22:34:41,472 INFO o.a.j.t.JMeterThread: Stopping because end time detected by thread: Hilos de Modificar Apunte 1-10
2018-05-10 22:34:41,472 INFO o.a.j.t.JMeterThread: Thread finished: Hilos de Modificar Apunte 1-10
2018-05-10 22:34:43,948 INFO o.a.j.t.JMeterThread: Stopping because end time detected by thread: Hilos de Modificar Apunte 1-11
2018-05-10 22:34:43,949 INFO o.a.j.t.JMeterThread: Thread finished: Hilos de Modificar Apunte 1-11
2018-05-10 22:34:46,739 INFO o.a.j.t.JMeterThread: Stopping because end time detected by thread: Hilos de Modificar Apunte 1-13
2018-05-10 22:34:46,740 INFO o.a.j.t.JMeterThread: Thread finished: Hilos de Modificar Apunte 1-13
2018-05-10 22:34:51,771 INFO o.a.j.t.JMeterThread: Stopping because end time detected by thread: Hilos de Modificar Apunte 1-15
2018-05-10 22:34:51,772 INFO o.a.j.t.JMeterThread: Thread finished: Hilos de Modificar Apunte 1-15
2018-05-10 22:34:53,585 INFO o.a.j.t.JMeterThread: Stopping because end time detected by thread: Hilos de Modificar Apunte 1-12
2018-05-10 22:34:53,586 INFO o.a.j.t.JMeterThread: Thread finished: Hilos de Modificar Apunte 1-12
2018-05-10 22:34:54,708 INFO o.a.j.t.JMeterThread: Stopping because end time detected by thread: Hilos de Modificar Apunte 1-16
2018-05-10 22:34:54,708 INFO o.a.j.t.JMeterThread: Thread finished: Hilos de Modificar Apunte 1-16
2018-05-10 22:34:55,525 INFO o.a.j.t.JMeterThread: Stopping because end time detected by thread: Hilos de Modificar Apunte 1-22
2018-05-10 22:34:55,525 INFO o.a.j.t.JMeterThread: Thread finished: Hilos de Modificar Apunte 1-22
2018-05-10 22:34:56,287 INFO o.a.j.t.JMeterThread: Stopping because end time detected by thread: Hilos de Modificar Apunte 1-17
2018-05-10 22:34:56,287 INFO o.a.j.t.JMeterThread: Thread finished: Hilos de Modificar Apunte 1-17
2018-05-10 22:34:57,705 INFO o.a.j.t.JMeterThread: Stopping because end time detected by thread: Hilos de Modificar Apunte 1-19
2018-05-10 22:34:57,705 INFO o.a.j.t.JMeterThread: Thread finished: Hilos de Modificar Apunte 1-19
2018-05-10 22:34:58,025 INFO o.a.j.t.JMeterThread: Stopping because end time detected by thread: Hilos de Modificar Apunte 1-28
2018-05-10 22:34:58,025 INFO o.a.j.t.JMeterThread: Thread finished: Hilos de Modificar Apunte 1-28
2018-05-10 22:34:58,524 INFO o.a.j.t.JMeterThread: Stopping because end time detected by thread: Hilos de Modificar Apunte 1-42
2018-05-10 22:34:58,524 INFO o.a.j.t.JMeterThread: Thread finished: Hilos de Modificar Apunte 1-42
2018-05-10 22:35:00,067 INFO o.a.j.r.Summariser: summary +     14 in 00:00:30 =    0,5/s Avg: 281338 Min: 272886 Max: 288582 Err:     0 (0,00%) Active: 110 Started: 130 Finished: 20
2018-05-10 22:35:00,068 INFO o.a.j.r.Summariser: summary =    671 in 00:13:24 =    0,8/s Avg: 129778 Min:    26 Max: 351746 Err:     0 (0,00%)
2018-05-10 22:35:00,068 INFO o.a.j.t.JMeterThread: Stopping because end time detected by thread: Hilos de Modificar Apunte 1-14
2018-05-10 22:35:00,068 INFO o.a.j.t.JMeterThread: Thread finished: Hilos de Modificar Apunte 1-14
2018-05-10 22:35:00,629 INFO o.a.j.t.JMeterThread: Stopping because end time detected by thread: Hilos de Modificar Apunte 1-37
2018-05-10 22:35:00,629 INFO o.a.j.t.JMeterThread: Thread finished: Hilos de Modificar Apunte 1-37
2018-05-10 22:35:01,127 INFO o.a.j.t.JMeterThread: Stopping because end time detected by thread: Hilos de Modificar Apunte 1-33
2018-05-10 22:35:01,127 INFO o.a.j.t.JMeterThread: Thread finished: Hilos de Modificar Apunte 1-33
2018-05-10 22:35:02,137 INFO o.a.j.t.JMeterThread: Stopping because end time detected by thread: Hilos de Modificar Apunte 1-18
2018-05-10 22:35:02,137 INFO o.a.j.t.JMeterThread: Thread finished: Hilos de Modificar Apunte 1-18
2018-05-10 22:35:02,932 INFO o.a.j.t.JMeterThread: Stopping because end time detected by thread: Hilos de Modificar Apunte 1-30
2018-05-10 22:35:02,932 INFO o.a.j.t.JMeterThread: Thread finished: Hilos de Modificar Apunte 1-30
2018-05-10 22:35:05,076 INFO o.a.j.t.JMeterThread: Stopping because end time detected by thread: Hilos de Modificar Apunte 1-21
2018-05-10 22:35:05,077 INFO o.a.j.t.JMeterThread: Thread finished: Hilos de Modificar Apunte 1-21
2018-05-10 22:35:06,057 INFO o.a.j.t.JMeterThread: Stopping because end time detected by thread: Hilos de Modificar Apunte 1-20
2018-05-10 22:35:06,058 INFO o.a.j.t.JMeterThread: Thread finished: Hilos de Modificar Apunte 1-20
2018-05-10 22:35:07,157 INFO o.a.j.t.JMeterThread: Stopping because end time detected by thread: Hilos de Modificar Apunte 1-25
2018-05-10 22:35:07,157 INFO o.a.j.t.JMeterThread: Thread finished: Hilos de Modificar Apunte 1-25
2018-05-10 22:35:11,337 INFO o.a.j.t.JMeterThread: Stopping because end time detected by thread: Hilos de Modificar Apunte 1-23
2018-05-10 22:35:11,337 INFO o.a.j.t.JMeterThread: Thread finished: Hilos de Modificar Apunte 1-23
2018-05-10 22:35:12,525 INFO o.a.j.t.JMeterThread: Stopping because end time detected by thread: Hilos de Modificar Apunte 1-58
2018-05-10 22:35:12,525 INFO o.a.j.t.JMeterThread: Thread finished: Hilos de Modificar Apunte 1-58
2018-05-10 22:35:14,693 INFO o.a.j.t.JMeterThread: Stopping because end time detected by thread: Hilos de Modificar Apunte 1-36
2018-05-10 22:35:14,693 INFO o.a.j.t.JMeterThread: Thread finished: Hilos de Modificar Apunte 1-36
2018-05-10 22:35:24,568 INFO o.a.j.t.JMeterThread: Stopping because end time detected by thread: Hilos de Modificar Apunte 1-38
2018-05-10 22:35:24,568 INFO o.a.j.t.JMeterThread: Thread finished: Hilos de Modificar Apunte 1-38
2018-05-10 22:35:25,141 INFO o.a.j.t.JMeterThread: Stopping because end time detected by thread: Hilos de Modificar Apunte 1-51
2018-05-10 22:35:25,142 INFO o.a.j.t.JMeterThread: Thread finished: Hilos de Modificar Apunte 1-51
2018-05-10 22:35:29,424 INFO o.a.j.t.JMeterThread: Stopping because end time detected by thread: Hilos de Modificar Apunte 1-61
2018-05-10 22:35:29,424 INFO o.a.j.t.JMeterThread: Thread finished: Hilos de Modificar Apunte 1-61
2018-05-10 22:35:29,607 INFO o.a.j.t.JMeterThread: Stopping because end time detected by thread: Hilos de Modificar Apunte 1-24
2018-05-10 22:35:29,607 INFO o.a.j.t.JMeterThread: Thread finished: Hilos de Modificar Apunte 1-24
2018-05-10 22:35:37,139 INFO o.a.j.t.JMeterThread: Stopping because end time detected by thread: Hilos de Modificar Apunte 1-44
2018-05-10 22:35:37,139 INFO o.a.j.t.JMeterThread: Thread finished: Hilos de Modificar Apunte 1-44
2018-05-10 22:35:51,211 INFO o.a.j.t.JMeterThread: Stopping because end time detected by thread: Hilos de Modificar Apunte 1-32
2018-05-10 22:35:51,212 INFO o.a.j.t.JMeterThread: Thread finished: Hilos de Modificar Apunte 1-32
2018-05-10 22:35:52,653 INFO o.a.j.t.JMeterThread: Stopping because end time detected by thread: Hilos de Modificar Apunte 1-54
2018-05-10 22:35:52,653 INFO o.a.j.t.JMeterThread: Thread finished: Hilos de Modificar Apunte 1-54
2018-05-10 22:35:59,269 INFO o.a.j.t.JMeterThread: Stopping because end time detected by thread: Hilos de Modificar Apunte 1-34
2018-05-10 22:35:59,269 INFO o.a.j.t.JMeterThread: Thread finished: Hilos de Modificar Apunte 1-34
2018-05-10 22:36:00,941 INFO o.a.j.r.Summariser: summary +     19 in 00:01:01 =    0,3/s Avg: 268751 Min: 249324 Max: 280730 Err:     0 (0,00%) Active: 91 Started: 130 Finished: 39
2018-05-10 22:36:00,942 INFO o.a.j.r.Summariser: summary =    690 in 00:14:25 =    0,8/s Avg: 133605 Min:    26 Max: 351746 Err:     0 (0,00%)
2018-05-10 22:36:00,942 INFO o.a.j.t.JMeterThread: Stopping because end time detected by thread: Hilos de Modificar Apunte 1-29
2018-05-10 22:36:00,942 INFO o.a.j.t.JMeterThread: Thread finished: Hilos de Modificar Apunte 1-29
2018-05-10 22:36:01,968 INFO o.a.j.t.JMeterThread: Stopping because end time detected by thread: Hilos de Modificar Apunte 1-39
2018-05-10 22:36:01,968 INFO o.a.j.t.JMeterThread: Thread finished: Hilos de Modificar Apunte 1-39
2018-05-10 22:36:11,006 INFO o.a.j.t.JMeterThread: Stopping because end time detected by thread: Hilos de Modificar Apunte 1-77
2018-05-10 22:36:11,006 INFO o.a.j.t.JMeterThread: Thread finished: Hilos de Modificar Apunte 1-77
2018-05-10 22:36:12,305 INFO o.a.j.t.JMeterThread: Stopping because end time detected by thread: Hilos de Modificar Apunte 1-55
2018-05-10 22:36:12,306 INFO o.a.j.t.JMeterThread: Thread finished: Hilos de Modificar Apunte 1-55
2018-05-10 22:36:13,603 INFO o.a.j.t.JMeterThread: Stopping because end time detected by thread: Hilos de Modificar Apunte 1-67
2018-05-10 22:36:13,603 INFO o.a.j.t.JMeterThread: Thread finished: Hilos de Modificar Apunte 1-67
2018-05-10 22:36:17,507 INFO o.a.j.t.JMeterThread: Stopping because end time detected by thread: Hilos de Modificar Apunte 1-74
2018-05-10 22:36:17,507 INFO o.a.j.t.JMeterThread: Thread finished: Hilos de Modificar Apunte 1-74
2018-05-10 22:36:17,567 INFO o.a.j.t.JMeterThread: Stopping because end time detected by thread: Hilos de Modificar Apunte 1-65
2018-05-10 22:36:17,567 INFO o.a.j.t.JMeterThread: Thread finished: Hilos de Modificar Apunte 1-65
2018-05-10 22:36:17,580 INFO o.a.j.t.JMeterThread: Stopping because end time detected by thread: Hilos de Modificar Apunte 1-64
2018-05-10 22:36:17,580 INFO o.a.j.t.JMeterThread: Thread finished: Hilos de Modificar Apunte 1-64
2018-05-10 22:36:17,945 INFO o.a.j.t.JMeterThread: Stopping because end time detected by thread: Hilos de Modificar Apunte 1-40
2018-05-10 22:36:17,945 INFO o.a.j.t.JMeterThread: Thread finished: Hilos de Modificar Apunte 1-40
2018-05-10 22:36:18,516 INFO o.a.j.t.JMeterThread: Stopping because end time detected by thread: Hilos de Modificar Apunte 1-35
2018-05-10 22:36:18,516 INFO o.a.j.t.JMeterThread: Thread finished: Hilos de Modificar Apunte 1-35
2018-05-10 22:36:20,411 INFO o.a.j.t.JMeterThread: Stopping because end time detected by thread: Hilos de Modificar Apunte 1-63
2018-05-10 22:36:20,411 INFO o.a.j.t.JMeterThread: Thread finished: Hilos de Modificar Apunte 1-63
2018-05-10 22:36:21,743 INFO o.a.j.t.JMeterThread: Stopping because end time detected by thread: Hilos de Modificar Apunte 1-57
2018-05-10 22:36:21,743 INFO o.a.j.t.JMeterThread: Thread finished: Hilos de Modificar Apunte 1-57
2018-05-10 22:36:21,817 INFO o.a.j.t.JMeterThread: Stopping because end time detected by thread: Hilos de Modificar Apunte 1-82
2018-05-10 22:36:21,817 INFO o.a.j.t.JMeterThread: Thread finished: Hilos de Modificar Apunte 1-82
2018-05-10 22:36:22,683 INFO o.a.j.t.JMeterThread: Stopping because end time detected by thread: Hilos de Modificar Apunte 1-45
2018-05-10 22:36:22,683 INFO o.a.j.t.JMeterThread: Thread finished: Hilos de Modificar Apunte 1-45
2018-05-10 22:36:22,829 INFO o.a.j.t.JMeterThread: Stopping because end time detected by thread: Hilos de Modificar Apunte 1-78
2018-05-10 22:36:22,829 INFO o.a.j.t.JMeterThread: Thread finished: Hilos de Modificar Apunte 1-78
2018-05-10 22:36:25,909 INFO o.a.j.t.JMeterThread: Stopping because end time detected by thread: Hilos de Modificar Apunte 1-56
2018-05-10 22:36:25,909 INFO o.a.j.t.JMeterThread: Thread finished: Hilos de Modificar Apunte 1-56
2018-05-10 22:36:26,836 INFO o.a.j.t.JMeterThread: Stopping because end time detected by thread: Hilos de Modificar Apunte 1-27
2018-05-10 22:36:26,836 INFO o.a.j.t.JMeterThread: Thread finished: Hilos de Modificar Apunte 1-27
2018-05-10 22:36:27,861 INFO o.a.j.t.JMeterThread: Stopping because end time detected by thread: Hilos de Modificar Apunte 1-97
2018-05-10 22:36:27,861 INFO o.a.j.t.JMeterThread: Thread finished: Hilos de Modificar Apunte 1-97
2018-05-10 22:36:28,007 INFO o.a.j.t.JMeterThread: Stopping because end time detected by thread: Hilos de Modificar Apunte 1-92
2018-05-10 22:36:28,008 INFO o.a.j.t.JMeterThread: Thread finished: Hilos de Modificar Apunte 1-92
2018-05-10 22:36:28,015 INFO o.a.j.t.JMeterThread: Stopping because end time detected by thread: Hilos de Modificar Apunte 1-26
2018-05-10 22:36:28,015 INFO o.a.j.t.JMeterThread: Thread finished: Hilos de Modificar Apunte 1-26
2018-05-10 22:36:28,596 INFO o.a.j.t.JMeterThread: Stopping because end time detected by thread: Hilos de Modificar Apunte 1-79
2018-05-10 22:36:28,596 INFO o.a.j.t.JMeterThread: Thread finished: Hilos de Modificar Apunte 1-79
2018-05-10 22:36:28,731 INFO o.a.j.t.JMeterThread: Stopping because end time detected by thread: Hilos de Modificar Apunte 1-102
2018-05-10 22:36:28,731 INFO o.a.j.t.JMeterThread: Thread finished: Hilos de Modificar Apunte 1-102
2018-05-10 22:36:29,341 INFO o.a.j.t.JMeterThread: Stopping because end time detected by thread: Hilos de Modificar Apunte 1-106
2018-05-10 22:36:29,341 INFO o.a.j.t.JMeterThread: Thread finished: Hilos de Modificar Apunte 1-106
2018-05-10 22:36:29,745 INFO o.a.j.t.JMeterThread: Stopping because end time detected by thread: Hilos de Modificar Apunte 1-112
2018-05-10 22:36:29,745 INFO o.a.j.t.JMeterThread: Thread finished: Hilos de Modificar Apunte 1-112
2018-05-10 22:36:29,980 INFO o.a.j.t.JMeterThread: Stopping because end time detected by thread: Hilos de Modificar Apunte 1-48
2018-05-10 22:36:29,981 INFO o.a.j.t.JMeterThread: Thread finished: Hilos de Modificar Apunte 1-48
2018-05-10 22:36:30,346 INFO o.a.j.r.Summariser: summary +     25 in 00:00:29 =    0,9/s Avg: 243511 Min: 232425 Max: 259344 Err:     0 (0,00%) Active: 66 Started: 130 Finished: 64
2018-05-10 22:36:30,346 INFO o.a.j.r.Summariser: summary =    715 in 00:14:54 =    0,8/s Avg: 137448 Min:    26 Max: 351746 Err:     0 (0,00%)
2018-05-10 22:36:30,347 INFO o.a.j.t.JMeterThread: Stopping because end time detected by thread: Hilos de Modificar Apunte 1-126
2018-05-10 22:36:30,347 INFO o.a.j.t.JMeterThread: Thread finished: Hilos de Modificar Apunte 1-126
2018-05-10 22:36:30,636 INFO o.a.j.t.JMeterThread: Stopping because end time detected by thread: Hilos de Modificar Apunte 1-124
2018-05-10 22:36:30,636 INFO o.a.j.t.JMeterThread: Thread finished: Hilos de Modificar Apunte 1-124
2018-05-10 22:36:31,865 INFO o.a.j.t.JMeterThread: Stopping because end time detected by thread: Hilos de Modificar Apunte 1-98
2018-05-10 22:36:31,865 INFO o.a.j.t.JMeterThread: Thread finished: Hilos de Modificar Apunte 1-98
2018-05-10 22:36:32,212 INFO o.a.j.t.JMeterThread: Stopping because end time detected by thread: Hilos de Modificar Apunte 1-66
2018-05-10 22:36:32,212 INFO o.a.j.t.JMeterThread: Thread finished: Hilos de Modificar Apunte 1-66
2018-05-10 22:36:36,192 INFO o.a.j.t.JMeterThread: Stopping because end time detected by thread: Hilos de Modificar Apunte 1-107
2018-05-10 22:36:36,192 INFO o.a.j.t.JMeterThread: Thread finished: Hilos de Modificar Apunte 1-107
2018-05-10 22:36:36,399 INFO o.a.j.t.JMeterThread: Stopping because end time detected by thread: Hilos de Modificar Apunte 1-49
2018-05-10 22:36:36,399 INFO o.a.j.t.JMeterThread: Thread finished: Hilos de Modificar Apunte 1-49
2018-05-10 22:36:37,409 INFO o.a.j.t.JMeterThread: Stopping because end time detected by thread: Hilos de Modificar Apunte 1-120
2018-05-10 22:36:37,410 INFO o.a.j.t.JMeterThread: Thread finished: Hilos de Modificar Apunte 1-120
2018-05-10 22:36:37,464 INFO o.a.j.t.JMeterThread: Stopping because end time detected by thread: Hilos de Modificar Apunte 1-68
2018-05-10 22:36:37,464 INFO o.a.j.t.JMeterThread: Thread finished: Hilos de Modificar Apunte 1-68
2018-05-10 22:36:37,771 INFO o.a.j.t.JMeterThread: Stopping because end time detected by thread: Hilos de Modificar Apunte 1-43
2018-05-10 22:36:37,772 INFO o.a.j.t.JMeterThread: Thread finished: Hilos de Modificar Apunte 1-43
2018-05-10 22:36:37,897 INFO o.a.j.t.JMeterThread: Stopping because end time detected by thread: Hilos de Modificar Apunte 1-94
2018-05-10 22:36:37,897 INFO o.a.j.t.JMeterThread: Thread finished: Hilos de Modificar Apunte 1-94
2018-05-10 22:36:37,913 INFO o.a.j.t.JMeterThread: Stopping because end time detected by thread: Hilos de Modificar Apunte 1-108
2018-05-10 22:36:37,913 INFO o.a.j.t.JMeterThread: Thread finished: Hilos de Modificar Apunte 1-108
2018-05-10 22:36:38,028 INFO o.a.j.t.JMeterThread: Stopping because end time detected by thread: Hilos de Modificar Apunte 1-117
2018-05-10 22:36:38,029 INFO o.a.j.t.JMeterThread: Thread finished: Hilos de Modificar Apunte 1-117
2018-05-10 22:36:38,235 INFO o.a.j.t.JMeterThread: Stopping because end time detected by thread: Hilos de Modificar Apunte 1-111
2018-05-10 22:36:38,236 INFO o.a.j.t.JMeterThread: Thread finished: Hilos de Modificar Apunte 1-111
2018-05-10 22:36:38,429 INFO o.a.j.t.JMeterThread: Stopping because end time detected by thread: Hilos de Modificar Apunte 1-93
2018-05-10 22:36:38,429 INFO o.a.j.t.JMeterThread: Thread finished: Hilos de Modificar Apunte 1-93
2018-05-10 22:36:39,081 INFO o.a.j.t.JMeterThread: Stopping because end time detected by thread: Hilos de Modificar Apunte 1-75
2018-05-10 22:36:39,081 INFO o.a.j.t.JMeterThread: Thread finished: Hilos de Modificar Apunte 1-75
2018-05-10 22:36:39,246 INFO o.a.j.t.JMeterThread: Stopping because end time detected by thread: Hilos de Modificar Apunte 1-110
2018-05-10 22:36:39,246 INFO o.a.j.t.JMeterThread: Thread finished: Hilos de Modificar Apunte 1-110
2018-05-10 22:36:39,670 INFO o.a.j.t.JMeterThread: Stopping because end time detected by thread: Hilos de Modificar Apunte 1-62
2018-05-10 22:36:39,671 INFO o.a.j.t.JMeterThread: Thread finished: Hilos de Modificar Apunte 1-62
2018-05-10 22:36:40,363 INFO o.a.j.t.JMeterThread: Stopping because end time detected by thread: Hilos de Modificar Apunte 1-95
2018-05-10 22:36:40,363 INFO o.a.j.t.JMeterThread: Thread finished: Hilos de Modificar Apunte 1-95
2018-05-10 22:36:40,620 INFO o.a.j.t.JMeterThread: Stopping because end time detected by thread: Hilos de Modificar Apunte 1-101
2018-05-10 22:36:40,620 INFO o.a.j.t.JMeterThread: Thread finished: Hilos de Modificar Apunte 1-101
2018-05-10 22:36:41,201 INFO o.a.j.t.JMeterThread: Stopping because end time detected by thread: Hilos de Modificar Apunte 1-109
2018-05-10 22:36:41,202 INFO o.a.j.t.JMeterThread: Thread finished: Hilos de Modificar Apunte 1-109
2018-05-10 22:36:41,430 INFO o.a.j.t.JMeterThread: Stopping because end time detected by thread: Hilos de Modificar Apunte 1-41
2018-05-10 22:36:41,430 INFO o.a.j.t.JMeterThread: Thread finished: Hilos de Modificar Apunte 1-41
2018-05-10 22:36:41,469 INFO o.a.j.t.JMeterThread: Stopping because end time detected by thread: Hilos de Modificar Apunte 1-59
2018-05-10 22:36:41,469 INFO o.a.j.t.JMeterThread: Thread finished: Hilos de Modificar Apunte 1-59
2018-05-10 22:36:41,674 INFO o.a.j.t.JMeterThread: Stopping because end time detected by thread: Hilos de Modificar Apunte 1-116
2018-05-10 22:36:41,674 INFO o.a.j.t.JMeterThread: Thread finished: Hilos de Modificar Apunte 1-116
2018-05-10 22:36:41,942 INFO o.a.j.t.JMeterThread: Stopping because end time detected by thread: Hilos de Modificar Apunte 1-121
2018-05-10 22:36:41,942 INFO o.a.j.t.JMeterThread: Thread finished: Hilos de Modificar Apunte 1-121
2018-05-10 22:36:42,384 INFO o.a.j.t.JMeterThread: Stopping because end time detected by thread: Hilos de Modificar Apunte 1-118
2018-05-10 22:36:42,385 INFO o.a.j.t.JMeterThread: Thread finished: Hilos de Modificar Apunte 1-118
2018-05-10 22:36:42,385 INFO o.a.j.t.JMeterThread: Stopping because end time detected by thread: Hilos de Modificar Apunte 1-80
2018-05-10 22:36:42,385 INFO o.a.j.t.JMeterThread: Thread finished: Hilos de Modificar Apunte 1-80
2018-05-10 22:36:42,661 INFO o.a.j.t.JMeterThread: Stopping because end time detected by thread: Hilos de Modificar Apunte 1-91
2018-05-10 22:36:42,661 INFO o.a.j.t.JMeterThread: Thread finished: Hilos de Modificar Apunte 1-91
2018-05-10 22:36:42,739 INFO o.a.j.t.JMeterThread: Stopping because end time detected by thread: Hilos de Modificar Apunte 1-130
2018-05-10 22:36:42,739 INFO o.a.j.t.JMeterThread: Thread finished: Hilos de Modificar Apunte 1-130
2018-05-10 22:36:43,033 INFO o.a.j.t.JMeterThread: Stopping because end time detected by thread: Hilos de Modificar Apunte 1-87
2018-05-10 22:36:43,033 INFO o.a.j.t.JMeterThread: Thread finished: Hilos de Modificar Apunte 1-87
2018-05-10 22:36:43,153 INFO o.a.j.t.JMeterThread: Stopping because end time detected by thread: Hilos de Modificar Apunte 1-76
2018-05-10 22:36:43,153 INFO o.a.j.t.JMeterThread: Thread finished: Hilos de Modificar Apunte 1-76
2018-05-10 22:36:43,181 INFO o.a.j.t.JMeterThread: Stopping because end time detected by thread: Hilos de Modificar Apunte 1-119
2018-05-10 22:36:43,181 INFO o.a.j.t.JMeterThread: Thread finished: Hilos de Modificar Apunte 1-119
2018-05-10 22:36:43,479 INFO o.a.j.t.JMeterThread: Stopping because end time detected by thread: Hilos de Modificar Apunte 1-128
2018-05-10 22:36:43,479 INFO o.a.j.t.JMeterThread: Thread finished: Hilos de Modificar Apunte 1-128
2018-05-10 22:36:43,502 INFO o.a.j.t.JMeterThread: Stopping because end time detected by thread: Hilos de Modificar Apunte 1-129
2018-05-10 22:36:43,502 INFO o.a.j.t.JMeterThread: Thread finished: Hilos de Modificar Apunte 1-129
2018-05-10 22:36:43,705 INFO o.a.j.t.JMeterThread: Stopping because end time detected by thread: Hilos de Modificar Apunte 1-86
2018-05-10 22:36:43,705 INFO o.a.j.t.JMeterThread: Thread finished: Hilos de Modificar Apunte 1-86
2018-05-10 22:36:43,718 INFO o.a.j.t.JMeterThread: Stopping because end time detected by thread: Hilos de Modificar Apunte 1-105
2018-05-10 22:36:43,718 INFO o.a.j.t.JMeterThread: Thread finished: Hilos de Modificar Apunte 1-105
2018-05-10 22:36:43,720 INFO o.a.j.t.JMeterThread: Stopping because end time detected by thread: Hilos de Modificar Apunte 1-83
2018-05-10 22:36:43,720 INFO o.a.j.t.JMeterThread: Thread finished: Hilos de Modificar Apunte 1-83
2018-05-10 22:36:43,736 INFO o.a.j.t.JMeterThread: Stopping because end time detected by thread: Hilos de Modificar Apunte 1-122
2018-05-10 22:36:43,736 INFO o.a.j.t.JMeterThread: Thread finished: Hilos de Modificar Apunte 1-122
2018-05-10 22:36:43,841 INFO o.a.j.t.JMeterThread: Stopping because end time detected by thread: Hilos de Modificar Apunte 1-73
2018-05-10 22:36:43,841 INFO o.a.j.t.JMeterThread: Thread finished: Hilos de Modificar Apunte 1-73
2018-05-10 22:36:43,937 INFO o.a.j.t.JMeterThread: Stopping because end time detected by thread: Hilos de Modificar Apunte 1-90
2018-05-10 22:36:43,937 INFO o.a.j.t.JMeterThread: Thread finished: Hilos de Modificar Apunte 1-90
2018-05-10 22:36:43,979 INFO o.a.j.t.JMeterThread: Stopping because end time detected by thread: Hilos de Modificar Apunte 1-125
2018-05-10 22:36:43,979 INFO o.a.j.t.JMeterThread: Thread finished: Hilos de Modificar Apunte 1-125
2018-05-10 22:36:43,989 INFO o.a.j.t.JMeterThread: Stopping because end time detected by thread: Hilos de Modificar Apunte 1-85
2018-05-10 22:36:43,989 INFO o.a.j.t.JMeterThread: Thread finished: Hilos de Modificar Apunte 1-85
2018-05-10 22:36:44,039 INFO o.a.j.t.JMeterThread: Stopping because end time detected by thread: Hilos de Modificar Apunte 1-113
2018-05-10 22:36:44,039 INFO o.a.j.t.JMeterThread: Thread finished: Hilos de Modificar Apunte 1-113
2018-05-10 22:36:44,118 INFO o.a.j.t.JMeterThread: Stopping because end time detected by thread: Hilos de Modificar Apunte 1-46
2018-05-10 22:36:44,118 INFO o.a.j.t.JMeterThread: Thread finished: Hilos de Modificar Apunte 1-46
2018-05-10 22:36:44,277 INFO o.a.j.t.JMeterThread: Stopping because end time detected by thread: Hilos de Modificar Apunte 1-47
2018-05-10 22:36:44,278 INFO o.a.j.t.JMeterThread: Thread finished: Hilos de Modificar Apunte 1-47
2018-05-10 22:36:44,348 INFO o.a.j.t.JMeterThread: Stopping because end time detected by thread: Hilos de Modificar Apunte 1-123
2018-05-10 22:36:44,348 INFO o.a.j.t.JMeterThread: Thread finished: Hilos de Modificar Apunte 1-123
2018-05-10 22:36:44,541 INFO o.a.j.t.JMeterThread: Stopping because end time detected by thread: Hilos de Modificar Apunte 1-127
2018-05-10 22:36:44,541 INFO o.a.j.t.JMeterThread: Thread finished: Hilos de Modificar Apunte 1-127
2018-05-10 22:36:44,618 INFO o.a.j.t.JMeterThread: Stopping because end time detected by thread: Hilos de Modificar Apunte 1-50
2018-05-10 22:36:44,618 INFO o.a.j.t.JMeterThread: Thread finished: Hilos de Modificar Apunte 1-50
2018-05-10 22:36:44,678 INFO o.a.j.t.JMeterThread: Stopping because end time detected by thread: Hilos de Modificar Apunte 1-100
2018-05-10 22:36:44,678 INFO o.a.j.t.JMeterThread: Thread finished: Hilos de Modificar Apunte 1-100
2018-05-10 22:36:44,753 INFO o.a.j.t.JMeterThread: Stopping because end time detected by thread: Hilos de Modificar Apunte 1-72
2018-05-10 22:36:44,753 INFO o.a.j.t.JMeterThread: Thread finished: Hilos de Modificar Apunte 1-72
2018-05-10 22:36:44,761 INFO o.a.j.t.JMeterThread: Stopping because end time detected by thread: Hilos de Modificar Apunte 1-99
2018-05-10 22:36:44,761 INFO o.a.j.t.JMeterThread: Thread finished: Hilos de Modificar Apunte 1-99
2018-05-10 22:36:44,846 INFO o.a.j.t.JMeterThread: Stopping because end time detected by thread: Hilos de Modificar Apunte 1-89
2018-05-10 22:36:44,846 INFO o.a.j.t.JMeterThread: Thread finished: Hilos de Modificar Apunte 1-89
2018-05-10 22:36:44,853 INFO o.a.j.t.JMeterThread: Stopping because end time detected by thread: Hilos de Modificar Apunte 1-53
2018-05-10 22:36:44,854 INFO o.a.j.t.JMeterThread: Thread finished: Hilos de Modificar Apunte 1-53
2018-05-10 22:36:44,865 INFO o.a.j.t.JMeterThread: Stopping because end time detected by thread: Hilos de Modificar Apunte 1-88
2018-05-10 22:36:44,865 INFO o.a.j.t.JMeterThread: Thread finished: Hilos de Modificar Apunte 1-88
2018-05-10 22:36:44,870 INFO o.a.j.t.JMeterThread: Stopping because end time detected by thread: Hilos de Modificar Apunte 1-104
2018-05-10 22:36:44,870 INFO o.a.j.t.JMeterThread: Thread finished: Hilos de Modificar Apunte 1-104
2018-05-10 22:36:44,895 INFO o.a.j.t.JMeterThread: Stopping because end time detected by thread: Hilos de Modificar Apunte 1-71
2018-05-10 22:36:44,895 INFO o.a.j.t.JMeterThread: Thread finished: Hilos de Modificar Apunte 1-71
2018-05-10 22:36:44,917 INFO o.a.j.t.JMeterThread: Stopping because end time detected by thread: Hilos de Modificar Apunte 1-31
2018-05-10 22:36:44,918 INFO o.a.j.t.JMeterThread: Thread finished: Hilos de Modificar Apunte 1-31
2018-05-10 22:36:44,927 INFO o.a.j.t.JMeterThread: Stopping because end time detected by thread: Hilos de Modificar Apunte 1-52
2018-05-10 22:36:44,927 INFO o.a.j.t.JMeterThread: Thread finished: Hilos de Modificar Apunte 1-52
2018-05-10 22:36:44,929 INFO o.a.j.t.JMeterThread: Stopping because end time detected by thread: Hilos de Modificar Apunte 1-114
2018-05-10 22:36:44,929 INFO o.a.j.t.JMeterThread: Thread finished: Hilos de Modificar Apunte 1-114
2018-05-10 22:36:44,947 INFO o.a.j.t.JMeterThread: Stopping because end time detected by thread: Hilos de Modificar Apunte 1-103
2018-05-10 22:36:44,947 INFO o.a.j.t.JMeterThread: Thread finished: Hilos de Modificar Apunte 1-103
2018-05-10 22:36:44,954 INFO o.a.j.t.JMeterThread: Stopping because end time detected by thread: Hilos de Modificar Apunte 1-84
2018-05-10 22:36:44,954 INFO o.a.j.t.JMeterThread: Thread finished: Hilos de Modificar Apunte 1-84
2018-05-10 22:36:44,975 INFO o.a.j.t.JMeterThread: Stopping because end time detected by thread: Hilos de Modificar Apunte 1-70
2018-05-10 22:36:44,975 INFO o.a.j.t.JMeterThread: Thread finished: Hilos de Modificar Apunte 1-70
2018-05-10 22:36:44,975 INFO o.a.j.t.JMeterThread: Stopping because end time detected by thread: Hilos de Modificar Apunte 1-96
2018-05-10 22:36:44,976 INFO o.a.j.t.JMeterThread: Thread finished: Hilos de Modificar Apunte 1-96
2018-05-10 22:36:44,979 INFO o.a.j.t.JMeterThread: Stopping because end time detected by thread: Hilos de Modificar Apunte 1-115
2018-05-10 22:36:44,979 INFO o.a.j.t.JMeterThread: Thread finished: Hilos de Modificar Apunte 1-115
2018-05-10 22:36:44,988 INFO o.a.j.t.JMeterThread: Stopping because end time detected by thread: Hilos de Modificar Apunte 1-81
2018-05-10 22:36:44,988 INFO o.a.j.t.JMeterThread: Thread finished: Hilos de Modificar Apunte 1-81
2018-05-10 22:36:44,991 INFO o.a.j.t.JMeterThread: Stopping because end time detected by thread: Hilos de Modificar Apunte 1-69
2018-05-10 22:36:44,991 INFO o.a.j.t.JMeterThread: Thread finished: Hilos de Modificar Apunte 1-69
2018-05-10 22:36:44,993 INFO o.a.j.t.JMeterThread: Stopping because end time detected by thread: Hilos de Modificar Apunte 1-60
2018-05-10 22:36:44,993 INFO o.a.j.t.JMeterThread: Thread finished: Hilos de Modificar Apunte 1-60
2018-05-10 22:36:44,993 INFO o.a.j.e.StandardJMeterEngine: Notifying test listeners of end of test
2018-05-10 22:36:44,994 INFO o.a.j.r.Summariser: summary +     65 in 00:00:15 =    4,4/s Avg: 217839 Min: 211571 Max: 245347 Err:     0 (0,00%) Active: 0 Started: 130 Finished: 130
2018-05-10 22:36:44,994 INFO o.a.j.r.Summariser: summary =    780 in 00:15:09 =    0,9/s Avg: 144147 Min:    26 Max: 351746 Err:     0 (0,00%)
