2018-05-10 23:23:50,793 INFO o.a.j.u.JMeterUtils: Setting Locale to es_ES
2018-05-10 23:23:50,806 INFO o.a.j.u.JMeterUtils: Could not find resources for 'es_ES', using 'es'
2018-05-10 23:23:50,807 INFO o.a.j.JMeter: Loading user properties from: user.properties
2018-05-10 23:23:50,808 INFO o.a.j.JMeter: Loading system properties from: system.properties
2018-05-10 23:23:50,811 INFO o.a.j.JMeter: Copyright (c) 1998-2017 The Apache Software Foundation
2018-05-10 23:23:50,811 INFO o.a.j.JMeter: Version 3.3 r1808647
2018-05-10 23:23:50,811 INFO o.a.j.JMeter: java.version=1.8.0_162
2018-05-10 23:23:50,811 INFO o.a.j.JMeter: java.vm.name=OpenJDK 64-Bit Server VM
2018-05-10 23:23:50,811 INFO o.a.j.JMeter: os.name=Linux
2018-05-10 23:23:50,811 INFO o.a.j.JMeter: os.arch=amd64
2018-05-10 23:23:50,811 INFO o.a.j.JMeter: os.version=4.13.0-39-generic
2018-05-10 23:23:50,812 INFO o.a.j.JMeter: file.encoding=UTF-8
2018-05-10 23:23:50,812 INFO o.a.j.JMeter: Max memory     =536870912
2018-05-10 23:23:50,812 INFO o.a.j.JMeter: Available Processors =8
2018-05-10 23:23:50,818 INFO o.a.j.JMeter: Default Locale=español (España)
2018-05-10 23:23:50,818 INFO o.a.j.JMeter: JMeter  Locale=español (España)
2018-05-10 23:23:50,818 INFO o.a.j.JMeter: JMeterHome=/home/sergio/Dropbox/Universidad/TerceroIngenieria/SegundoCuatrimestre/ESI/laboratorio/apache-jmeter-3.3
2018-05-10 23:23:50,819 INFO o.a.j.JMeter: user.dir  =/home/sergio/Dropbox/Universidad/TerceroIngenieria/SegundoCuatrimestre/ESI/laboratorio/apache-jmeter-3.3/bin
2018-05-10 23:23:50,819 INFO o.a.j.JMeter: PWD       =/home/sergio/Dropbox/Universidad/TerceroIngenieria/SegundoCuatrimestre/ESI/laboratorio/apache-jmeter-3.3/bin
2018-05-10 23:23:50,819 INFO o.a.j.JMeter: IP: 127.0.1.1 Name: sergio-Alienware-17-R2 FullName: sergio-Alienware-17-R2
2018-05-10 23:23:50,821 INFO o.a.j.s.FileServer: Default base='/home/sergio/Dropbox/Universidad/TerceroIngenieria/SegundoCuatrimestre/ESI/laboratorio/apache-jmeter-3.3/bin'
2018-05-10 23:23:50,822 INFO o.a.j.s.FileServer: Set new base='/home/sergio/Dropbox/Universidad/TerceroIngenieria/SegundoCuatrimestre/ESI/laboratorio/apache-jmeter-3.3/bin/../../lab1/Práctica2/Escenarios Jmeter'
2018-05-10 23:23:50,940 INFO o.a.j.s.SaveService: Testplan (JMX) version: 2.2. Testlog (JTL) version: 2.2
2018-05-10 23:23:50,950 INFO o.a.j.s.SaveService: Using SaveService properties file encoding UTF-8
2018-05-10 23:23:50,956 INFO o.a.j.s.SaveService: Using SaveService properties version 3.2
2018-05-10 23:23:50,963 INFO o.a.j.s.SaveService: Loading file: ../../lab1/Práctica2/Escenarios Jmeter/ModificarApunte.jmx
2018-05-10 23:23:50,998 INFO o.a.j.p.h.s.HTTPSamplerBase: Parser for text/html is org.apache.jmeter.protocol.http.parser.LagartoBasedHtmlParser
2018-05-10 23:23:50,998 INFO o.a.j.p.h.s.HTTPSamplerBase: Parser for application/xhtml+xml is org.apache.jmeter.protocol.http.parser.LagartoBasedHtmlParser
2018-05-10 23:23:50,998 INFO o.a.j.p.h.s.HTTPSamplerBase: Parser for application/xml is org.apache.jmeter.protocol.http.parser.LagartoBasedHtmlParser
2018-05-10 23:23:50,998 INFO o.a.j.p.h.s.HTTPSamplerBase: Parser for text/xml is org.apache.jmeter.protocol.http.parser.LagartoBasedHtmlParser
2018-05-10 23:23:50,998 INFO o.a.j.p.h.s.HTTPSamplerBase: Parser for text/vnd.wap.wml is org.apache.jmeter.protocol.http.parser.RegexpHTMLParser
2018-05-10 23:23:50,998 INFO o.a.j.p.h.s.HTTPSamplerBase: Parser for text/css is org.apache.jmeter.protocol.http.parser.CssParser
2018-05-10 23:23:51,191 INFO o.a.j.e.KeyToolUtils: keytool found at 'keytool'
2018-05-10 23:23:51,192 INFO o.a.j.p.h.p.ProxyControl: HTTP(S) Test Script Recorder SSL Proxy will use keys that support embedded 3rd party resources in file /home/sergio/Dropbox/Universidad/TerceroIngenieria/SegundoCuatrimestre/ESI/laboratorio/apache-jmeter-3.3/bin/proxyserver.jks
2018-05-10 23:23:51,202 INFO o.a.j.JMeter: Creating summariser <summary>
2018-05-10 23:23:51,208 INFO o.a.j.e.StandardJMeterEngine: Running the test!
2018-05-10 23:23:51,209 INFO o.a.j.s.SampleEvent: List of sample_variables: []
2018-05-10 23:23:51,209 INFO o.a.j.s.SampleEvent: List of sample_variables: []
2018-05-10 23:23:51,212 INFO o.a.j.e.u.CompoundVariable: Note: Function class names must contain the string: '.functions.'
2018-05-10 23:23:51,212 INFO o.a.j.e.u.CompoundVariable: Note: Function class names must not contain the string: '.gui.'
2018-05-10 23:23:51,570 INFO o.a.j.JMeter: Test lanzado (1525987431570)
2018-05-10 23:23:51,597 INFO o.a.j.e.StandardJMeterEngine: Starting ThreadGroup: 1 : Hilos de Modificar Apunte
2018-05-10 23:23:51,597 INFO o.a.j.e.StandardJMeterEngine: Starting 240 threads for group Hilos de Modificar Apunte.
2018-05-10 23:23:51,598 INFO o.a.j.e.StandardJMeterEngine: Thread will continue on error
2018-05-10 23:23:51,598 INFO o.a.j.t.ThreadGroup: Starting thread group... number=1 threads=240 ramp-up=12 perThread=50.0 delayedStart=false
2018-05-10 23:23:51,607 INFO o.a.j.t.JMeterThread: Thread started: Hilos de Modificar Apunte 1-1
2018-05-10 23:23:51,622 INFO o.a.j.p.h.s.HTTPJavaImpl: Maximum connection retries = 0
2018-05-10 23:23:51,624 INFO o.a.j.s.SampleResult: Note: Sample TimeStamps are START times
2018-05-10 23:23:51,624 INFO o.a.j.s.SampleResult: sampleresult.default.encoding is set to ISO-8859-1
2018-05-10 23:23:51,624 INFO o.a.j.s.SampleResult: sampleresult.useNanoTime=true
2018-05-10 23:23:51,624 INFO o.a.j.s.SampleResult: sampleresult.nanoThreadSleep=5000
2018-05-10 23:23:51,658 INFO o.a.j.t.JMeterThread: Thread started: Hilos de Modificar Apunte 1-2
2018-05-10 23:23:51,711 INFO o.a.j.t.JMeterThread: Thread started: Hilos de Modificar Apunte 1-3
2018-05-10 23:23:51,763 INFO o.a.j.t.JMeterThread: Thread started: Hilos de Modificar Apunte 1-4
2018-05-10 23:23:51,815 INFO o.a.j.t.JMeterThread: Thread started: Hilos de Modificar Apunte 1-5
2018-05-10 23:23:51,871 INFO o.a.j.t.JMeterThread: Thread started: Hilos de Modificar Apunte 1-6
2018-05-10 23:23:51,873 INFO o.a.j.t.ThreadGroup: Started thread group number 1
2018-05-10 23:23:51,873 INFO o.a.j.e.StandardJMeterEngine: All thread groups have been started
2018-05-10 23:23:51,922 INFO o.a.j.t.JMeterThread: Thread started: Hilos de Modificar Apunte 1-7
2018-05-10 23:23:51,974 INFO o.a.j.t.JMeterThread: Thread started: Hilos de Modificar Apunte 1-8
2018-05-10 23:23:52,029 INFO o.a.j.t.JMeterThread: Thread started: Hilos de Modificar Apunte 1-9
2018-05-10 23:23:52,080 INFO o.a.j.t.JMeterThread: Thread started: Hilos de Modificar Apunte 1-10
2018-05-10 23:23:52,132 INFO o.a.j.t.JMeterThread: Thread started: Hilos de Modificar Apunte 1-11
2018-05-10 23:23:52,184 INFO o.a.j.t.JMeterThread: Thread started: Hilos de Modificar Apunte 1-12
2018-05-10 23:23:52,236 INFO o.a.j.t.JMeterThread: Thread started: Hilos de Modificar Apunte 1-13
2018-05-10 23:23:52,286 INFO o.a.j.t.JMeterThread: Thread started: Hilos de Modificar Apunte 1-14
2018-05-10 23:23:52,338 INFO o.a.j.t.JMeterThread: Thread started: Hilos de Modificar Apunte 1-15
2018-05-10 23:23:52,388 INFO o.a.j.t.JMeterThread: Thread started: Hilos de Modificar Apunte 1-16
2018-05-10 23:23:52,439 INFO o.a.j.t.JMeterThread: Thread started: Hilos de Modificar Apunte 1-17
2018-05-10 23:23:52,489 INFO o.a.j.t.JMeterThread: Thread started: Hilos de Modificar Apunte 1-18
2018-05-10 23:23:52,540 INFO o.a.j.t.JMeterThread: Thread started: Hilos de Modificar Apunte 1-19
2018-05-10 23:23:52,591 INFO o.a.j.t.JMeterThread: Thread started: Hilos de Modificar Apunte 1-20
2018-05-10 23:23:52,644 INFO o.a.j.t.JMeterThread: Thread started: Hilos de Modificar Apunte 1-21
2018-05-10 23:23:52,695 INFO o.a.j.t.JMeterThread: Thread started: Hilos de Modificar Apunte 1-22
2018-05-10 23:23:52,749 INFO o.a.j.t.JMeterThread: Thread started: Hilos de Modificar Apunte 1-23
2018-05-10 23:23:52,799 INFO o.a.j.t.JMeterThread: Thread started: Hilos de Modificar Apunte 1-24
2018-05-10 23:23:52,850 INFO o.a.j.t.JMeterThread: Thread started: Hilos de Modificar Apunte 1-25
2018-05-10 23:23:52,900 INFO o.a.j.t.JMeterThread: Thread started: Hilos de Modificar Apunte 1-26
2018-05-10 23:23:52,951 INFO o.a.j.t.JMeterThread: Thread started: Hilos de Modificar Apunte 1-27
2018-05-10 23:23:53,002 INFO o.a.j.t.JMeterThread: Thread started: Hilos de Modificar Apunte 1-28
2018-05-10 23:23:53,056 INFO o.a.j.t.JMeterThread: Thread started: Hilos de Modificar Apunte 1-29
2018-05-10 23:23:53,107 INFO o.a.j.t.JMeterThread: Thread started: Hilos de Modificar Apunte 1-30
2018-05-10 23:23:53,157 INFO o.a.j.t.JMeterThread: Thread started: Hilos de Modificar Apunte 1-31
2018-05-10 23:23:53,208 INFO o.a.j.t.JMeterThread: Thread started: Hilos de Modificar Apunte 1-32
2018-05-10 23:23:53,258 INFO o.a.j.t.JMeterThread: Thread started: Hilos de Modificar Apunte 1-33
2018-05-10 23:23:53,309 INFO o.a.j.t.JMeterThread: Thread started: Hilos de Modificar Apunte 1-34
2018-05-10 23:23:53,360 INFO o.a.j.t.JMeterThread: Thread started: Hilos de Modificar Apunte 1-35
2018-05-10 23:23:53,412 INFO o.a.j.t.JMeterThread: Thread started: Hilos de Modificar Apunte 1-36
2018-05-10 23:23:53,464 INFO o.a.j.t.JMeterThread: Thread started: Hilos de Modificar Apunte 1-37
2018-05-10 23:23:53,515 INFO o.a.j.t.JMeterThread: Thread started: Hilos de Modificar Apunte 1-38
2018-05-10 23:23:53,565 INFO o.a.j.t.JMeterThread: Thread started: Hilos de Modificar Apunte 1-39
2018-05-10 23:23:53,618 INFO o.a.j.t.JMeterThread: Thread started: Hilos de Modificar Apunte 1-40
2018-05-10 23:23:53,668 INFO o.a.j.t.JMeterThread: Thread started: Hilos de Modificar Apunte 1-41
2018-05-10 23:23:53,722 INFO o.a.j.t.JMeterThread: Thread started: Hilos de Modificar Apunte 1-42
2018-05-10 23:23:53,773 INFO o.a.j.t.JMeterThread: Thread started: Hilos de Modificar Apunte 1-43
2018-05-10 23:23:53,826 INFO o.a.j.t.JMeterThread: Thread started: Hilos de Modificar Apunte 1-44
2018-05-10 23:23:53,875 INFO o.a.j.t.JMeterThread: Thread started: Hilos de Modificar Apunte 1-45
2018-05-10 23:23:53,926 INFO o.a.j.t.JMeterThread: Thread started: Hilos de Modificar Apunte 1-46
2018-05-10 23:23:53,977 INFO o.a.j.t.JMeterThread: Thread started: Hilos de Modificar Apunte 1-47
2018-05-10 23:23:54,027 INFO o.a.j.t.JMeterThread: Thread started: Hilos de Modificar Apunte 1-48
2018-05-10 23:23:54,078 INFO o.a.j.t.JMeterThread: Thread started: Hilos de Modificar Apunte 1-49
2018-05-10 23:23:54,129 INFO o.a.j.t.JMeterThread: Thread started: Hilos de Modificar Apunte 1-50
2018-05-10 23:23:54,180 INFO o.a.j.t.JMeterThread: Thread started: Hilos de Modificar Apunte 1-51
2018-05-10 23:23:54,231 INFO o.a.j.t.JMeterThread: Thread started: Hilos de Modificar Apunte 1-52
2018-05-10 23:23:54,282 INFO o.a.j.t.JMeterThread: Thread started: Hilos de Modificar Apunte 1-53
2018-05-10 23:23:54,332 INFO o.a.j.t.JMeterThread: Thread started: Hilos de Modificar Apunte 1-54
2018-05-10 23:23:54,382 INFO o.a.j.t.JMeterThread: Thread started: Hilos de Modificar Apunte 1-55
2018-05-10 23:23:54,433 INFO o.a.j.t.JMeterThread: Thread started: Hilos de Modificar Apunte 1-56
2018-05-10 23:23:54,484 INFO o.a.j.t.JMeterThread: Thread started: Hilos de Modificar Apunte 1-57
2018-05-10 23:23:54,538 INFO o.a.j.t.JMeterThread: Thread started: Hilos de Modificar Apunte 1-58
2018-05-10 23:23:54,589 INFO o.a.j.t.JMeterThread: Thread started: Hilos de Modificar Apunte 1-59
2018-05-10 23:23:54,639 INFO o.a.j.t.JMeterThread: Thread started: Hilos de Modificar Apunte 1-60
2018-05-10 23:23:54,690 INFO o.a.j.t.JMeterThread: Thread started: Hilos de Modificar Apunte 1-61
2018-05-10 23:23:54,741 INFO o.a.j.t.JMeterThread: Thread started: Hilos de Modificar Apunte 1-62
2018-05-10 23:23:54,790 INFO o.a.j.t.JMeterThread: Thread started: Hilos de Modificar Apunte 1-63
2018-05-10 23:23:54,841 INFO o.a.j.t.JMeterThread: Thread started: Hilos de Modificar Apunte 1-64
2018-05-10 23:23:54,892 INFO o.a.j.t.JMeterThread: Thread started: Hilos de Modificar Apunte 1-65
2018-05-10 23:23:54,943 INFO o.a.j.t.JMeterThread: Thread started: Hilos de Modificar Apunte 1-66
2018-05-10 23:23:54,994 INFO o.a.j.t.JMeterThread: Thread started: Hilos de Modificar Apunte 1-67
2018-05-10 23:23:55,045 INFO o.a.j.t.JMeterThread: Thread started: Hilos de Modificar Apunte 1-68
2018-05-10 23:23:55,095 INFO o.a.j.t.JMeterThread: Thread started: Hilos de Modificar Apunte 1-69
2018-05-10 23:23:55,146 INFO o.a.j.t.JMeterThread: Thread started: Hilos de Modificar Apunte 1-70
2018-05-10 23:23:55,197 INFO o.a.j.t.JMeterThread: Thread started: Hilos de Modificar Apunte 1-71
2018-05-10 23:23:55,248 INFO o.a.j.t.JMeterThread: Thread started: Hilos de Modificar Apunte 1-72
2018-05-10 23:23:55,299 INFO o.a.j.t.JMeterThread: Thread started: Hilos de Modificar Apunte 1-73
2018-05-10 23:23:55,350 INFO o.a.j.t.JMeterThread: Thread started: Hilos de Modificar Apunte 1-74
2018-05-10 23:23:55,401 INFO o.a.j.t.JMeterThread: Thread started: Hilos de Modificar Apunte 1-75
2018-05-10 23:23:55,452 INFO o.a.j.t.JMeterThread: Thread started: Hilos de Modificar Apunte 1-76
2018-05-10 23:23:55,502 INFO o.a.j.t.JMeterThread: Thread started: Hilos de Modificar Apunte 1-77
2018-05-10 23:23:55,552 INFO o.a.j.t.JMeterThread: Thread started: Hilos de Modificar Apunte 1-78
2018-05-10 23:23:55,603 INFO o.a.j.t.JMeterThread: Thread started: Hilos de Modificar Apunte 1-79
2018-05-10 23:23:55,654 INFO o.a.j.t.JMeterThread: Thread started: Hilos de Modificar Apunte 1-80
2018-05-10 23:23:55,705 INFO o.a.j.t.JMeterThread: Thread started: Hilos de Modificar Apunte 1-81
2018-05-10 23:23:55,755 INFO o.a.j.t.JMeterThread: Thread started: Hilos de Modificar Apunte 1-82
2018-05-10 23:23:55,805 INFO o.a.j.t.JMeterThread: Thread started: Hilos de Modificar Apunte 1-83
2018-05-10 23:23:55,858 INFO o.a.j.t.JMeterThread: Thread started: Hilos de Modificar Apunte 1-84
2018-05-10 23:23:55,911 INFO o.a.j.t.JMeterThread: Thread started: Hilos de Modificar Apunte 1-85
2018-05-10 23:23:55,962 INFO o.a.j.t.JMeterThread: Thread started: Hilos de Modificar Apunte 1-86
2018-05-10 23:23:56,011 INFO o.a.j.t.JMeterThread: Thread started: Hilos de Modificar Apunte 1-87
2018-05-10 23:23:56,062 INFO o.a.j.t.JMeterThread: Thread started: Hilos de Modificar Apunte 1-88
2018-05-10 23:23:56,113 INFO o.a.j.t.JMeterThread: Thread started: Hilos de Modificar Apunte 1-89
2018-05-10 23:23:56,164 INFO o.a.j.t.JMeterThread: Thread started: Hilos de Modificar Apunte 1-90
2018-05-10 23:23:56,214 INFO o.a.j.t.JMeterThread: Thread started: Hilos de Modificar Apunte 1-91
2018-05-10 23:23:56,265 INFO o.a.j.t.JMeterThread: Thread started: Hilos de Modificar Apunte 1-92
2018-05-10 23:23:56,316 INFO o.a.j.t.JMeterThread: Thread started: Hilos de Modificar Apunte 1-93
2018-05-10 23:23:56,367 INFO o.a.j.t.JMeterThread: Thread started: Hilos de Modificar Apunte 1-94
2018-05-10 23:23:56,420 INFO o.a.j.t.JMeterThread: Thread started: Hilos de Modificar Apunte 1-95
2018-05-10 23:23:56,471 INFO o.a.j.t.JMeterThread: Thread started: Hilos de Modificar Apunte 1-96
2018-05-10 23:23:56,521 INFO o.a.j.t.JMeterThread: Thread started: Hilos de Modificar Apunte 1-97
2018-05-10 23:23:56,572 INFO o.a.j.t.JMeterThread: Thread started: Hilos de Modificar Apunte 1-98
2018-05-10 23:23:56,623 INFO o.a.j.t.JMeterThread: Thread started: Hilos de Modificar Apunte 1-99
2018-05-10 23:23:56,673 INFO o.a.j.t.JMeterThread: Thread started: Hilos de Modificar Apunte 1-100
2018-05-10 23:23:56,724 INFO o.a.j.t.JMeterThread: Thread started: Hilos de Modificar Apunte 1-101
2018-05-10 23:23:56,774 INFO o.a.j.t.JMeterThread: Thread started: Hilos de Modificar Apunte 1-102
2018-05-10 23:23:56,828 INFO o.a.j.t.JMeterThread: Thread started: Hilos de Modificar Apunte 1-103
2018-05-10 23:23:56,880 INFO o.a.j.t.JMeterThread: Thread started: Hilos de Modificar Apunte 1-104
2018-05-10 23:23:56,929 INFO o.a.j.t.JMeterThread: Thread started: Hilos de Modificar Apunte 1-105
2018-05-10 23:23:56,980 INFO o.a.j.t.JMeterThread: Thread started: Hilos de Modificar Apunte 1-106
2018-05-10 23:23:57,030 INFO o.a.j.t.JMeterThread: Thread started: Hilos de Modificar Apunte 1-107
2018-05-10 23:23:57,081 INFO o.a.j.t.JMeterThread: Thread started: Hilos de Modificar Apunte 1-108
2018-05-10 23:23:57,131 INFO o.a.j.t.JMeterThread: Thread started: Hilos de Modificar Apunte 1-109
2018-05-10 23:23:57,181 INFO o.a.j.t.JMeterThread: Thread started: Hilos de Modificar Apunte 1-110
2018-05-10 23:23:57,232 INFO o.a.j.t.JMeterThread: Thread started: Hilos de Modificar Apunte 1-111
2018-05-10 23:23:57,283 INFO o.a.j.t.JMeterThread: Thread started: Hilos de Modificar Apunte 1-112
2018-05-10 23:23:57,336 INFO o.a.j.t.JMeterThread: Thread started: Hilos de Modificar Apunte 1-113
2018-05-10 23:23:57,387 INFO o.a.j.t.JMeterThread: Thread started: Hilos de Modificar Apunte 1-114
2018-05-10 23:23:57,437 INFO o.a.j.t.JMeterThread: Thread started: Hilos de Modificar Apunte 1-115
2018-05-10 23:23:57,488 INFO o.a.j.t.JMeterThread: Thread started: Hilos de Modificar Apunte 1-116
2018-05-10 23:23:57,538 INFO o.a.j.t.JMeterThread: Thread started: Hilos de Modificar Apunte 1-117
2018-05-10 23:23:57,589 INFO o.a.j.t.JMeterThread: Thread started: Hilos de Modificar Apunte 1-118
2018-05-10 23:23:57,640 INFO o.a.j.t.JMeterThread: Thread started: Hilos de Modificar Apunte 1-119
2018-05-10 23:23:57,690 INFO o.a.j.t.JMeterThread: Thread started: Hilos de Modificar Apunte 1-120
2018-05-10 23:23:57,740 INFO o.a.j.t.JMeterThread: Thread started: Hilos de Modificar Apunte 1-121
2018-05-10 23:23:57,794 INFO o.a.j.t.JMeterThread: Thread started: Hilos de Modificar Apunte 1-122
2018-05-10 23:23:57,846 INFO o.a.j.t.JMeterThread: Thread started: Hilos de Modificar Apunte 1-123
2018-05-10 23:23:57,895 INFO o.a.j.t.JMeterThread: Thread started: Hilos de Modificar Apunte 1-124
2018-05-10 23:23:57,948 INFO o.a.j.t.JMeterThread: Thread started: Hilos de Modificar Apunte 1-125
2018-05-10 23:23:58,000 INFO o.a.j.t.JMeterThread: Thread started: Hilos de Modificar Apunte 1-126
2018-05-10 23:23:58,053 INFO o.a.j.t.JMeterThread: Thread started: Hilos de Modificar Apunte 1-127
2018-05-10 23:23:58,105 INFO o.a.j.t.JMeterThread: Thread started: Hilos de Modificar Apunte 1-128
2018-05-10 23:23:58,155 INFO o.a.j.t.JMeterThread: Thread started: Hilos de Modificar Apunte 1-129
2018-05-10 23:23:58,206 INFO o.a.j.t.JMeterThread: Thread started: Hilos de Modificar Apunte 1-130
2018-05-10 23:23:58,258 INFO o.a.j.t.JMeterThread: Thread started: Hilos de Modificar Apunte 1-131
2018-05-10 23:23:58,307 INFO o.a.j.t.JMeterThread: Thread started: Hilos de Modificar Apunte 1-132
2018-05-10 23:23:58,358 INFO o.a.j.t.JMeterThread: Thread started: Hilos de Modificar Apunte 1-133
2018-05-10 23:23:58,410 INFO o.a.j.t.JMeterThread: Thread started: Hilos de Modificar Apunte 1-134
2018-05-10 23:23:58,459 INFO o.a.j.t.JMeterThread: Thread started: Hilos de Modificar Apunte 1-135
2018-05-10 23:23:58,510 INFO o.a.j.t.JMeterThread: Thread started: Hilos de Modificar Apunte 1-136
2018-05-10 23:23:58,562 INFO o.a.j.t.JMeterThread: Thread started: Hilos de Modificar Apunte 1-137
2018-05-10 23:23:58,613 INFO o.a.j.t.JMeterThread: Thread started: Hilos de Modificar Apunte 1-138
2018-05-10 23:23:58,665 INFO o.a.j.t.JMeterThread: Thread started: Hilos de Modificar Apunte 1-139
2018-05-10 23:23:58,715 INFO o.a.j.t.JMeterThread: Thread started: Hilos de Modificar Apunte 1-140
2018-05-10 23:23:58,765 INFO o.a.j.t.JMeterThread: Thread started: Hilos de Modificar Apunte 1-141
2018-05-10 23:23:58,817 INFO o.a.j.t.JMeterThread: Thread started: Hilos de Modificar Apunte 1-142
2018-05-10 23:23:58,867 INFO o.a.j.t.JMeterThread: Thread started: Hilos de Modificar Apunte 1-143
2018-05-10 23:23:58,918 INFO o.a.j.t.JMeterThread: Thread started: Hilos de Modificar Apunte 1-144
2018-05-10 23:23:58,972 INFO o.a.j.t.JMeterThread: Thread started: Hilos de Modificar Apunte 1-145
2018-05-10 23:23:59,022 INFO o.a.j.t.JMeterThread: Thread started: Hilos de Modificar Apunte 1-146
2018-05-10 23:23:59,076 INFO o.a.j.t.JMeterThread: Thread started: Hilos de Modificar Apunte 1-147
2018-05-10 23:23:59,127 INFO o.a.j.t.JMeterThread: Thread started: Hilos de Modificar Apunte 1-148
2018-05-10 23:23:59,180 INFO o.a.j.t.JMeterThread: Thread started: Hilos de Modificar Apunte 1-149
2018-05-10 23:23:59,231 INFO o.a.j.t.JMeterThread: Thread started: Hilos de Modificar Apunte 1-150
2018-05-10 23:23:59,282 INFO o.a.j.t.JMeterThread: Thread started: Hilos de Modificar Apunte 1-151
2018-05-10 23:23:59,334 INFO o.a.j.t.JMeterThread: Thread started: Hilos de Modificar Apunte 1-152
2018-05-10 23:23:59,387 INFO o.a.j.t.JMeterThread: Thread started: Hilos de Modificar Apunte 1-153
2018-05-10 23:23:59,437 INFO o.a.j.t.JMeterThread: Thread started: Hilos de Modificar Apunte 1-154
2018-05-10 23:23:59,489 INFO o.a.j.t.JMeterThread: Thread started: Hilos de Modificar Apunte 1-155
2018-05-10 23:23:59,538 INFO o.a.j.t.JMeterThread: Thread started: Hilos de Modificar Apunte 1-156
2018-05-10 23:23:59,589 INFO o.a.j.t.JMeterThread: Thread started: Hilos de Modificar Apunte 1-157
2018-05-10 23:23:59,642 INFO o.a.j.t.JMeterThread: Thread started: Hilos de Modificar Apunte 1-158
2018-05-10 23:23:59,693 INFO o.a.j.t.JMeterThread: Thread started: Hilos de Modificar Apunte 1-159
2018-05-10 23:23:59,744 INFO o.a.j.t.JMeterThread: Thread started: Hilos de Modificar Apunte 1-160
2018-05-10 23:23:59,794 INFO o.a.j.t.JMeterThread: Thread started: Hilos de Modificar Apunte 1-161
2018-05-10 23:23:59,845 INFO o.a.j.t.JMeterThread: Thread started: Hilos de Modificar Apunte 1-162
2018-05-10 23:23:59,895 INFO o.a.j.t.JMeterThread: Thread started: Hilos de Modificar Apunte 1-163
2018-05-10 23:23:59,946 INFO o.a.j.t.JMeterThread: Thread started: Hilos de Modificar Apunte 1-164
2018-05-10 23:24:00,000 INFO o.a.j.t.JMeterThread: Thread started: Hilos de Modificar Apunte 1-165
2018-05-10 23:24:00,051 INFO o.a.j.t.JMeterThread: Thread started: Hilos de Modificar Apunte 1-166
2018-05-10 23:24:00,102 INFO o.a.j.t.JMeterThread: Thread started: Hilos de Modificar Apunte 1-167
2018-05-10 23:24:00,105 INFO o.a.j.r.Summariser: summary +    105 in 00:00:09 =   12,3/s Avg:  2784 Min:    29 Max:  3956 Err:     0 (0,00%) Active: 167 Started: 167 Finished: 0
2018-05-10 23:24:00,154 INFO o.a.j.t.JMeterThread: Thread started: Hilos de Modificar Apunte 1-168
2018-05-10 23:24:00,205 INFO o.a.j.t.JMeterThread: Thread started: Hilos de Modificar Apunte 1-169
2018-05-10 23:24:00,258 INFO o.a.j.t.JMeterThread: Thread started: Hilos de Modificar Apunte 1-170
2018-05-10 23:24:00,312 INFO o.a.j.t.JMeterThread: Thread started: Hilos de Modificar Apunte 1-171
2018-05-10 23:24:00,363 INFO o.a.j.t.JMeterThread: Thread started: Hilos de Modificar Apunte 1-172
2018-05-10 23:24:00,414 INFO o.a.j.t.JMeterThread: Thread started: Hilos de Modificar Apunte 1-173
2018-05-10 23:24:00,466 INFO o.a.j.t.JMeterThread: Thread started: Hilos de Modificar Apunte 1-174
2018-05-10 23:24:00,517 INFO o.a.j.t.JMeterThread: Thread started: Hilos de Modificar Apunte 1-175
2018-05-10 23:24:00,569 INFO o.a.j.t.JMeterThread: Thread started: Hilos de Modificar Apunte 1-176
2018-05-10 23:24:00,618 INFO o.a.j.t.JMeterThread: Thread started: Hilos de Modificar Apunte 1-177
2018-05-10 23:24:00,670 INFO o.a.j.t.JMeterThread: Thread started: Hilos de Modificar Apunte 1-178
2018-05-10 23:24:00,724 INFO o.a.j.t.JMeterThread: Thread started: Hilos de Modificar Apunte 1-179
2018-05-10 23:24:00,775 INFO o.a.j.t.JMeterThread: Thread started: Hilos de Modificar Apunte 1-180
2018-05-10 23:24:00,826 INFO o.a.j.t.JMeterThread: Thread started: Hilos de Modificar Apunte 1-181
2018-05-10 23:24:00,876 INFO o.a.j.t.JMeterThread: Thread started: Hilos de Modificar Apunte 1-182
2018-05-10 23:24:00,928 INFO o.a.j.t.JMeterThread: Thread started: Hilos de Modificar Apunte 1-183
2018-05-10 23:24:00,977 INFO o.a.j.t.JMeterThread: Thread started: Hilos de Modificar Apunte 1-184
2018-05-10 23:24:01,029 INFO o.a.j.t.JMeterThread: Thread started: Hilos de Modificar Apunte 1-185
2018-05-10 23:24:01,079 INFO o.a.j.t.JMeterThread: Thread started: Hilos de Modificar Apunte 1-186
2018-05-10 23:24:01,130 INFO o.a.j.t.JMeterThread: Thread started: Hilos de Modificar Apunte 1-187
2018-05-10 23:24:01,180 INFO o.a.j.t.JMeterThread: Thread started: Hilos de Modificar Apunte 1-188
2018-05-10 23:24:01,232 INFO o.a.j.t.JMeterThread: Thread started: Hilos de Modificar Apunte 1-189
2018-05-10 23:24:01,284 INFO o.a.j.t.JMeterThread: Thread started: Hilos de Modificar Apunte 1-190
2018-05-10 23:24:01,333 INFO o.a.j.t.JMeterThread: Thread started: Hilos de Modificar Apunte 1-191
2018-05-10 23:24:01,385 INFO o.a.j.t.JMeterThread: Thread started: Hilos de Modificar Apunte 1-192
2018-05-10 23:24:01,434 INFO o.a.j.t.JMeterThread: Thread started: Hilos de Modificar Apunte 1-193
2018-05-10 23:24:01,486 INFO o.a.j.t.JMeterThread: Thread started: Hilos de Modificar Apunte 1-194
2018-05-10 23:24:01,536 INFO o.a.j.t.JMeterThread: Thread started: Hilos de Modificar Apunte 1-195
2018-05-10 23:24:01,588 INFO o.a.j.t.JMeterThread: Thread started: Hilos de Modificar Apunte 1-196
2018-05-10 23:24:01,637 INFO o.a.j.t.JMeterThread: Thread started: Hilos de Modificar Apunte 1-197
2018-05-10 23:24:01,687 INFO o.a.j.t.JMeterThread: Thread started: Hilos de Modificar Apunte 1-198
2018-05-10 23:24:01,738 INFO o.a.j.t.JMeterThread: Thread started: Hilos de Modificar Apunte 1-199
2018-05-10 23:24:01,789 INFO o.a.j.t.JMeterThread: Thread started: Hilos de Modificar Apunte 1-200
2018-05-10 23:24:01,839 INFO o.a.j.t.JMeterThread: Thread started: Hilos de Modificar Apunte 1-201
2018-05-10 23:24:01,890 INFO o.a.j.t.JMeterThread: Thread started: Hilos de Modificar Apunte 1-202
2018-05-10 23:24:01,942 INFO o.a.j.t.JMeterThread: Thread started: Hilos de Modificar Apunte 1-203
2018-05-10 23:24:01,991 INFO o.a.j.t.JMeterThread: Thread started: Hilos de Modificar Apunte 1-204
2018-05-10 23:24:02,043 INFO o.a.j.t.JMeterThread: Thread started: Hilos de Modificar Apunte 1-205
2018-05-10 23:24:02,094 INFO o.a.j.t.JMeterThread: Thread started: Hilos de Modificar Apunte 1-206
2018-05-10 23:24:02,146 INFO o.a.j.t.JMeterThread: Thread started: Hilos de Modificar Apunte 1-207
2018-05-10 23:24:02,197 INFO o.a.j.t.JMeterThread: Thread started: Hilos de Modificar Apunte 1-208
2018-05-10 23:24:02,247 INFO o.a.j.t.JMeterThread: Thread started: Hilos de Modificar Apunte 1-209
2018-05-10 23:24:02,299 INFO o.a.j.t.JMeterThread: Thread started: Hilos de Modificar Apunte 1-210
2018-05-10 23:24:02,348 INFO o.a.j.t.JMeterThread: Thread started: Hilos de Modificar Apunte 1-211
2018-05-10 23:24:02,400 INFO o.a.j.t.JMeterThread: Thread started: Hilos de Modificar Apunte 1-212
2018-05-10 23:24:02,449 INFO o.a.j.t.JMeterThread: Thread started: Hilos de Modificar Apunte 1-213
2018-05-10 23:24:02,500 INFO o.a.j.t.JMeterThread: Thread started: Hilos de Modificar Apunte 1-214
2018-05-10 23:24:02,552 INFO o.a.j.t.JMeterThread: Thread started: Hilos de Modificar Apunte 1-215
2018-05-10 23:24:02,604 INFO o.a.j.t.JMeterThread: Thread started: Hilos de Modificar Apunte 1-216
2018-05-10 23:24:02,653 INFO o.a.j.t.JMeterThread: Thread started: Hilos de Modificar Apunte 1-217
2018-05-10 23:24:02,703 INFO o.a.j.t.JMeterThread: Thread started: Hilos de Modificar Apunte 1-218
2018-05-10 23:24:02,754 INFO o.a.j.t.JMeterThread: Thread started: Hilos de Modificar Apunte 1-219
2018-05-10 23:24:02,806 INFO o.a.j.t.JMeterThread: Thread started: Hilos de Modificar Apunte 1-220
2018-05-10 23:24:02,858 INFO o.a.j.t.JMeterThread: Thread started: Hilos de Modificar Apunte 1-221
2018-05-10 23:24:02,910 INFO o.a.j.t.JMeterThread: Thread started: Hilos de Modificar Apunte 1-222
2018-05-10 23:24:02,961 INFO o.a.j.t.JMeterThread: Thread started: Hilos de Modificar Apunte 1-223
2018-05-10 23:24:03,014 INFO o.a.j.t.JMeterThread: Thread started: Hilos de Modificar Apunte 1-224
2018-05-10 23:24:03,065 INFO o.a.j.t.JMeterThread: Thread started: Hilos de Modificar Apunte 1-225
2018-05-10 23:24:03,115 INFO o.a.j.t.JMeterThread: Thread started: Hilos de Modificar Apunte 1-226
2018-05-10 23:24:03,166 INFO o.a.j.t.JMeterThread: Thread started: Hilos de Modificar Apunte 1-227
2018-05-10 23:24:03,216 INFO o.a.j.t.JMeterThread: Thread started: Hilos de Modificar Apunte 1-228
2018-05-10 23:24:03,267 INFO o.a.j.t.JMeterThread: Thread started: Hilos de Modificar Apunte 1-229
2018-05-10 23:24:03,318 INFO o.a.j.t.JMeterThread: Thread started: Hilos de Modificar Apunte 1-230
2018-05-10 23:24:03,368 INFO o.a.j.t.JMeterThread: Thread started: Hilos de Modificar Apunte 1-231
2018-05-10 23:24:03,419 INFO o.a.j.t.JMeterThread: Thread started: Hilos de Modificar Apunte 1-232
2018-05-10 23:24:03,469 INFO o.a.j.t.JMeterThread: Thread started: Hilos de Modificar Apunte 1-233
2018-05-10 23:24:03,519 INFO o.a.j.t.JMeterThread: Thread started: Hilos de Modificar Apunte 1-234
2018-05-10 23:24:03,570 INFO o.a.j.t.JMeterThread: Thread started: Hilos de Modificar Apunte 1-235
2018-05-10 23:24:03,621 INFO o.a.j.t.JMeterThread: Thread started: Hilos de Modificar Apunte 1-236
2018-05-10 23:24:03,672 INFO o.a.j.t.JMeterThread: Thread started: Hilos de Modificar Apunte 1-237
2018-05-10 23:24:03,722 INFO o.a.j.t.JMeterThread: Thread started: Hilos de Modificar Apunte 1-238
2018-05-10 23:24:03,773 INFO o.a.j.t.JMeterThread: Thread started: Hilos de Modificar Apunte 1-239
2018-05-10 23:24:03,823 INFO o.a.j.t.JMeterThread: Thread started: Hilos de Modificar Apunte 1-240
2018-05-10 23:29:31,078 INFO o.a.j.r.Summariser: summary +    111 in 00:05:31 =    0,3/s Avg: 63145 Min:    31 Max: 335744 Err:     0 (0,00%) Active: 240 Started: 240 Finished: 0
2018-05-10 23:29:31,079 INFO o.a.j.r.Summariser: summary =    216 in 00:05:40 =    0,6/s Avg: 33803 Min:    29 Max: 335744 Err:     0 (0,00%)
2018-05-10 23:30:03,509 INFO o.a.j.r.Summariser: summary +     43 in 00:00:32 =    1,3/s Avg: 112383 Min:    29 Max: 352684 Err:     0 (0,00%) Active: 240 Started: 240 Finished: 0
2018-05-10 23:30:03,510 INFO o.a.j.r.Summariser: summary =    259 in 00:06:12 =    0,7/s Avg: 46849 Min:    29 Max: 352684 Err:     0 (0,00%)
2018-05-10 23:30:30,185 INFO o.a.j.r.Summariser: summary +     38 in 00:00:27 =    1,4/s Avg: 173714 Min:  1252 Max: 392653 Err:     0 (0,00%) Active: 240 Started: 240 Finished: 0
2018-05-10 23:30:30,186 INFO o.a.j.r.Summariser: summary =    297 in 00:06:39 =    0,7/s Avg: 63081 Min:    29 Max: 392653 Err:     0 (0,00%)
2018-05-10 23:31:00,030 INFO o.a.j.r.Summariser: summary +    182 in 00:00:30 =    6,1/s Avg: 184035 Min:   530 Max: 421673 Err:     0 (0,00%) Active: 240 Started: 240 Finished: 0
2018-05-10 23:31:00,030 INFO o.a.j.r.Summariser: summary =    479 in 00:07:08 =    1,1/s Avg: 109038 Min:    29 Max: 421673 Err:     0 (0,00%)
2018-05-10 23:33:30,648 INFO o.a.j.r.Summariser: summary +    130 in 00:02:31 =    0,9/s Avg: 76241 Min:   779 Max: 425170 Err:     0 (0,00%) Active: 240 Started: 240 Finished: 0
2018-05-10 23:33:30,649 INFO o.a.j.r.Summariser: summary =    609 in 00:09:39 =    1,1/s Avg: 102037 Min:    29 Max: 425170 Err:     0 (0,00%)
2018-05-10 23:34:03,145 INFO o.a.j.r.Summariser: summary +     10 in 00:00:32 =    0,3/s Avg: 279311 Min: 271198 Max: 286762 Err:     0 (0,00%) Active: 240 Started: 240 Finished: 0
2018-05-10 23:34:03,145 INFO o.a.j.r.Summariser: summary =    619 in 00:10:12 =    1,0/s Avg: 104901 Min:    29 Max: 425170 Err:     0 (0,00%)
2018-05-10 23:34:32,241 INFO o.a.j.r.Summariser: summary +     17 in 00:00:29 =    0,6/s Avg: 278201 Min: 272619 Max: 286368 Err:     0 (0,00%) Active: 240 Started: 240 Finished: 0
2018-05-10 23:34:32,241 INFO o.a.j.r.Summariser: summary =    636 in 00:10:41 =    1,0/s Avg: 109533 Min:    29 Max: 425170 Err:     0 (0,00%)
2018-05-10 23:35:42,760 INFO o.a.j.t.JMeterThread: Stopping because end time detected by thread: Hilos de Modificar Apunte 1-41
2018-05-10 23:35:42,761 INFO o.a.j.t.JMeterThread: Thread finished: Hilos de Modificar Apunte 1-41
2018-05-10 23:35:48,557 INFO o.a.j.t.JMeterThread: Stopping because end time detected by thread: Hilos de Modificar Apunte 1-81
2018-05-10 23:35:48,557 INFO o.a.j.t.JMeterThread: Thread finished: Hilos de Modificar Apunte 1-81
2018-05-10 23:35:48,602 INFO o.a.j.t.JMeterThread: Stopping because end time detected by thread: Hilos de Modificar Apunte 1-28
2018-05-10 23:35:48,602 INFO o.a.j.t.JMeterThread: Thread finished: Hilos de Modificar Apunte 1-28
2018-05-10 23:35:49,613 INFO o.a.j.t.JMeterThread: Stopping because end time detected by thread: Hilos de Modificar Apunte 1-151
2018-05-10 23:35:49,613 INFO o.a.j.t.JMeterThread: Thread finished: Hilos de Modificar Apunte 1-151
2018-05-10 23:35:54,930 INFO o.a.j.t.JMeterThread: Stopping because end time detected by thread: Hilos de Modificar Apunte 1-68
2018-05-10 23:35:54,930 INFO o.a.j.t.JMeterThread: Thread finished: Hilos de Modificar Apunte 1-68
2018-05-10 23:35:55,550 INFO o.a.j.t.JMeterThread: Stopping because end time detected by thread: Hilos de Modificar Apunte 1-152
2018-05-10 23:35:55,550 INFO o.a.j.t.JMeterThread: Thread finished: Hilos de Modificar Apunte 1-152
2018-05-10 23:35:55,559 INFO o.a.j.t.JMeterThread: Stopping because end time detected by thread: Hilos de Modificar Apunte 1-27
2018-05-10 23:35:55,559 INFO o.a.j.t.JMeterThread: Thread finished: Hilos de Modificar Apunte 1-27
2018-05-10 23:35:55,577 INFO o.a.j.t.JMeterThread: Stopping because end time detected by thread: Hilos de Modificar Apunte 1-153
2018-05-10 23:35:55,577 INFO o.a.j.t.JMeterThread: Thread finished: Hilos de Modificar Apunte 1-153
2018-05-10 23:35:55,599 INFO o.a.j.t.JMeterThread: Stopping because end time detected by thread: Hilos de Modificar Apunte 1-155
2018-05-10 23:35:55,599 INFO o.a.j.t.JMeterThread: Thread finished: Hilos de Modificar Apunte 1-155
2018-05-10 23:35:55,619 INFO o.a.j.t.JMeterThread: Stopping because end time detected by thread: Hilos de Modificar Apunte 1-156
2018-05-10 23:35:55,619 INFO o.a.j.t.JMeterThread: Thread finished: Hilos de Modificar Apunte 1-156
2018-05-10 23:35:55,636 INFO o.a.j.t.JMeterThread: Stopping because end time detected by thread: Hilos de Modificar Apunte 1-157
2018-05-10 23:35:55,636 INFO o.a.j.t.JMeterThread: Thread finished: Hilos de Modificar Apunte 1-157
2018-05-10 23:35:55,653 INFO o.a.j.t.JMeterThread: Stopping because end time detected by thread: Hilos de Modificar Apunte 1-158
2018-05-10 23:35:55,653 INFO o.a.j.t.JMeterThread: Thread finished: Hilos de Modificar Apunte 1-158
2018-05-10 23:35:55,672 INFO o.a.j.t.JMeterThread: Stopping because end time detected by thread: Hilos de Modificar Apunte 1-159
2018-05-10 23:35:55,672 INFO o.a.j.t.JMeterThread: Thread finished: Hilos de Modificar Apunte 1-159
2018-05-10 23:35:55,688 INFO o.a.j.t.JMeterThread: Stopping because end time detected by thread: Hilos de Modificar Apunte 1-160
2018-05-10 23:35:55,688 INFO o.a.j.t.JMeterThread: Thread finished: Hilos de Modificar Apunte 1-160
2018-05-10 23:35:55,706 INFO o.a.j.t.JMeterThread: Stopping because end time detected by thread: Hilos de Modificar Apunte 1-161
2018-05-10 23:35:55,706 INFO o.a.j.t.JMeterThread: Thread finished: Hilos de Modificar Apunte 1-161
2018-05-10 23:35:55,726 INFO o.a.j.t.JMeterThread: Stopping because end time detected by thread: Hilos de Modificar Apunte 1-162
2018-05-10 23:35:55,726 INFO o.a.j.t.JMeterThread: Thread finished: Hilos de Modificar Apunte 1-162
2018-05-10 23:35:55,745 INFO o.a.j.t.JMeterThread: Stopping because end time detected by thread: Hilos de Modificar Apunte 1-163
2018-05-10 23:35:55,745 INFO o.a.j.t.JMeterThread: Thread finished: Hilos de Modificar Apunte 1-163
2018-05-10 23:35:55,763 INFO o.a.j.t.JMeterThread: Stopping because end time detected by thread: Hilos de Modificar Apunte 1-164
2018-05-10 23:35:55,763 INFO o.a.j.t.JMeterThread: Thread finished: Hilos de Modificar Apunte 1-164
2018-05-10 23:35:55,783 INFO o.a.j.t.JMeterThread: Stopping because end time detected by thread: Hilos de Modificar Apunte 1-165
2018-05-10 23:35:55,783 INFO o.a.j.t.JMeterThread: Thread finished: Hilos de Modificar Apunte 1-165
2018-05-10 23:35:55,800 INFO o.a.j.t.JMeterThread: Stopping because end time detected by thread: Hilos de Modificar Apunte 1-166
2018-05-10 23:35:55,801 INFO o.a.j.t.JMeterThread: Thread finished: Hilos de Modificar Apunte 1-166
2018-05-10 23:35:55,819 INFO o.a.j.t.JMeterThread: Stopping because end time detected by thread: Hilos de Modificar Apunte 1-167
2018-05-10 23:35:55,819 INFO o.a.j.t.JMeterThread: Thread finished: Hilos de Modificar Apunte 1-167
2018-05-10 23:35:55,837 INFO o.a.j.t.JMeterThread: Stopping because end time detected by thread: Hilos de Modificar Apunte 1-168
2018-05-10 23:35:55,837 INFO o.a.j.t.JMeterThread: Thread finished: Hilos de Modificar Apunte 1-168
2018-05-10 23:35:55,868 INFO o.a.j.t.JMeterThread: Stopping because end time detected by thread: Hilos de Modificar Apunte 1-169
2018-05-10 23:35:55,868 INFO o.a.j.t.JMeterThread: Thread finished: Hilos de Modificar Apunte 1-169
2018-05-10 23:35:55,886 INFO o.a.j.t.JMeterThread: Stopping because end time detected by thread: Hilos de Modificar Apunte 1-170
2018-05-10 23:35:55,886 INFO o.a.j.t.JMeterThread: Thread finished: Hilos de Modificar Apunte 1-170
2018-05-10 23:35:55,908 INFO o.a.j.t.JMeterThread: Stopping because end time detected by thread: Hilos de Modificar Apunte 1-171
2018-05-10 23:35:55,909 INFO o.a.j.t.JMeterThread: Thread finished: Hilos de Modificar Apunte 1-171
2018-05-10 23:35:55,927 INFO o.a.j.t.JMeterThread: Stopping because end time detected by thread: Hilos de Modificar Apunte 1-172
2018-05-10 23:35:55,927 INFO o.a.j.t.JMeterThread: Thread finished: Hilos de Modificar Apunte 1-172
2018-05-10 23:35:55,946 INFO o.a.j.t.JMeterThread: Stopping because end time detected by thread: Hilos de Modificar Apunte 1-173
2018-05-10 23:35:55,946 INFO o.a.j.t.JMeterThread: Thread finished: Hilos de Modificar Apunte 1-173
2018-05-10 23:35:55,962 INFO o.a.j.t.JMeterThread: Stopping because end time detected by thread: Hilos de Modificar Apunte 1-174
2018-05-10 23:35:55,962 INFO o.a.j.t.JMeterThread: Thread finished: Hilos de Modificar Apunte 1-174
2018-05-10 23:35:55,980 INFO o.a.j.t.JMeterThread: Stopping because end time detected by thread: Hilos de Modificar Apunte 1-175
2018-05-10 23:35:55,980 INFO o.a.j.t.JMeterThread: Thread finished: Hilos de Modificar Apunte 1-175
2018-05-10 23:35:56,000 INFO o.a.j.t.JMeterThread: Stopping because end time detected by thread: Hilos de Modificar Apunte 1-176
2018-05-10 23:35:56,000 INFO o.a.j.t.JMeterThread: Thread finished: Hilos de Modificar Apunte 1-176
2018-05-10 23:35:56,018 INFO o.a.j.t.JMeterThread: Stopping because end time detected by thread: Hilos de Modificar Apunte 1-177
2018-05-10 23:35:56,018 INFO o.a.j.t.JMeterThread: Thread finished: Hilos de Modificar Apunte 1-177
2018-05-10 23:35:56,036 INFO o.a.j.t.JMeterThread: Stopping because end time detected by thread: Hilos de Modificar Apunte 1-178
2018-05-10 23:35:56,036 INFO o.a.j.t.JMeterThread: Thread finished: Hilos de Modificar Apunte 1-178
2018-05-10 23:35:56,053 INFO o.a.j.t.JMeterThread: Stopping because end time detected by thread: Hilos de Modificar Apunte 1-179
2018-05-10 23:35:56,054 INFO o.a.j.t.JMeterThread: Thread finished: Hilos de Modificar Apunte 1-179
2018-05-10 23:35:56,073 INFO o.a.j.t.JMeterThread: Stopping because end time detected by thread: Hilos de Modificar Apunte 1-180
2018-05-10 23:35:56,073 INFO o.a.j.t.JMeterThread: Thread finished: Hilos de Modificar Apunte 1-180
2018-05-10 23:35:56,091 INFO o.a.j.t.JMeterThread: Stopping because end time detected by thread: Hilos de Modificar Apunte 1-181
2018-05-10 23:35:56,091 INFO o.a.j.t.JMeterThread: Thread finished: Hilos de Modificar Apunte 1-181
2018-05-10 23:35:56,111 INFO o.a.j.t.JMeterThread: Stopping because end time detected by thread: Hilos de Modificar Apunte 1-182
2018-05-10 23:35:56,111 INFO o.a.j.t.JMeterThread: Thread finished: Hilos de Modificar Apunte 1-182
2018-05-10 23:35:56,131 INFO o.a.j.t.JMeterThread: Stopping because end time detected by thread: Hilos de Modificar Apunte 1-183
2018-05-10 23:35:56,131 INFO o.a.j.t.JMeterThread: Thread finished: Hilos de Modificar Apunte 1-183
2018-05-10 23:35:56,149 INFO o.a.j.t.JMeterThread: Stopping because end time detected by thread: Hilos de Modificar Apunte 1-184
2018-05-10 23:35:56,150 INFO o.a.j.t.JMeterThread: Thread finished: Hilos de Modificar Apunte 1-184
2018-05-10 23:35:56,167 INFO o.a.j.t.JMeterThread: Stopping because end time detected by thread: Hilos de Modificar Apunte 1-185
2018-05-10 23:35:56,167 INFO o.a.j.t.JMeterThread: Thread finished: Hilos de Modificar Apunte 1-185
2018-05-10 23:35:56,186 INFO o.a.j.t.JMeterThread: Stopping because end time detected by thread: Hilos de Modificar Apunte 1-186
2018-05-10 23:35:56,186 INFO o.a.j.t.JMeterThread: Thread finished: Hilos de Modificar Apunte 1-186
2018-05-10 23:35:56,207 INFO o.a.j.t.JMeterThread: Stopping because end time detected by thread: Hilos de Modificar Apunte 1-187
2018-05-10 23:35:56,207 INFO o.a.j.t.JMeterThread: Thread finished: Hilos de Modificar Apunte 1-187
2018-05-10 23:35:56,232 INFO o.a.j.t.JMeterThread: Stopping because end time detected by thread: Hilos de Modificar Apunte 1-188
2018-05-10 23:35:56,232 INFO o.a.j.t.JMeterThread: Thread finished: Hilos de Modificar Apunte 1-188
2018-05-10 23:35:56,250 INFO o.a.j.t.JMeterThread: Stopping because end time detected by thread: Hilos de Modificar Apunte 1-189
2018-05-10 23:35:56,251 INFO o.a.j.t.JMeterThread: Thread finished: Hilos de Modificar Apunte 1-189
2018-05-10 23:35:56,269 INFO o.a.j.t.JMeterThread: Stopping because end time detected by thread: Hilos de Modificar Apunte 1-190
2018-05-10 23:35:56,269 INFO o.a.j.t.JMeterThread: Thread finished: Hilos de Modificar Apunte 1-190
2018-05-10 23:35:56,288 INFO o.a.j.t.JMeterThread: Stopping because end time detected by thread: Hilos de Modificar Apunte 1-191
2018-05-10 23:35:56,288 INFO o.a.j.t.JMeterThread: Thread finished: Hilos de Modificar Apunte 1-191
2018-05-10 23:35:56,305 INFO o.a.j.t.JMeterThread: Stopping because end time detected by thread: Hilos de Modificar Apunte 1-192
2018-05-10 23:35:56,305 INFO o.a.j.t.JMeterThread: Thread finished: Hilos de Modificar Apunte 1-192
2018-05-10 23:35:56,325 INFO o.a.j.t.JMeterThread: Stopping because end time detected by thread: Hilos de Modificar Apunte 1-193
2018-05-10 23:35:56,325 INFO o.a.j.t.JMeterThread: Thread finished: Hilos de Modificar Apunte 1-193
2018-05-10 23:35:56,475 INFO o.a.j.t.JMeterThread: Stopping because end time detected by thread: Hilos de Modificar Apunte 1-55
2018-05-10 23:35:56,476 INFO o.a.j.t.JMeterThread: Thread finished: Hilos de Modificar Apunte 1-55
2018-05-10 23:35:56,494 INFO o.a.j.t.JMeterThread: Stopping because end time detected by thread: Hilos de Modificar Apunte 1-195
2018-05-10 23:35:56,494 INFO o.a.j.t.JMeterThread: Thread finished: Hilos de Modificar Apunte 1-195
2018-05-10 23:35:56,510 INFO o.a.j.t.JMeterThread: Stopping because end time detected by thread: Hilos de Modificar Apunte 1-196
2018-05-10 23:35:56,510 INFO o.a.j.t.JMeterThread: Thread finished: Hilos de Modificar Apunte 1-196
2018-05-10 23:35:56,528 INFO o.a.j.t.JMeterThread: Stopping because end time detected by thread: Hilos de Modificar Apunte 1-197
2018-05-10 23:35:56,528 INFO o.a.j.t.JMeterThread: Thread finished: Hilos de Modificar Apunte 1-197
2018-05-10 23:35:56,544 INFO o.a.j.t.JMeterThread: Stopping because end time detected by thread: Hilos de Modificar Apunte 1-198
2018-05-10 23:35:56,544 INFO o.a.j.t.JMeterThread: Thread finished: Hilos de Modificar Apunte 1-198
2018-05-10 23:35:56,563 INFO o.a.j.t.JMeterThread: Stopping because end time detected by thread: Hilos de Modificar Apunte 1-199
2018-05-10 23:35:56,563 INFO o.a.j.t.JMeterThread: Thread finished: Hilos de Modificar Apunte 1-199
2018-05-10 23:35:56,582 INFO o.a.j.t.JMeterThread: Stopping because end time detected by thread: Hilos de Modificar Apunte 1-200
2018-05-10 23:35:56,582 INFO o.a.j.t.JMeterThread: Thread finished: Hilos de Modificar Apunte 1-200
2018-05-10 23:35:56,600 INFO o.a.j.t.JMeterThread: Stopping because end time detected by thread: Hilos de Modificar Apunte 1-201
2018-05-10 23:35:56,600 INFO o.a.j.t.JMeterThread: Thread finished: Hilos de Modificar Apunte 1-201
2018-05-10 23:35:56,618 INFO o.a.j.t.JMeterThread: Stopping because end time detected by thread: Hilos de Modificar Apunte 1-202
2018-05-10 23:35:56,619 INFO o.a.j.t.JMeterThread: Thread finished: Hilos de Modificar Apunte 1-202
2018-05-10 23:35:56,620 INFO o.a.j.t.JMeterThread: Stopping because end time detected by thread: Hilos de Modificar Apunte 1-203
2018-05-10 23:35:56,620 INFO o.a.j.t.JMeterThread: Thread finished: Hilos de Modificar Apunte 1-203
2018-05-10 23:35:56,636 INFO o.a.j.t.JMeterThread: Stopping because end time detected by thread: Hilos de Modificar Apunte 1-204
2018-05-10 23:35:56,637 INFO o.a.j.t.JMeterThread: Thread finished: Hilos de Modificar Apunte 1-204
2018-05-10 23:35:56,638 INFO o.a.j.t.JMeterThread: Stopping because end time detected by thread: Hilos de Modificar Apunte 1-205
2018-05-10 23:35:56,638 INFO o.a.j.t.JMeterThread: Thread finished: Hilos de Modificar Apunte 1-205
2018-05-10 23:35:56,654 INFO o.a.j.t.JMeterThread: Stopping because end time detected by thread: Hilos de Modificar Apunte 1-207
2018-05-10 23:35:56,654 INFO o.a.j.t.JMeterThread: Stopping because end time detected by thread: Hilos de Modificar Apunte 1-206
2018-05-10 23:35:56,654 INFO o.a.j.t.JMeterThread: Thread finished: Hilos de Modificar Apunte 1-207
2018-05-10 23:35:56,654 INFO o.a.j.t.JMeterThread: Thread finished: Hilos de Modificar Apunte 1-206
2018-05-10 23:35:56,673 INFO o.a.j.t.JMeterThread: Stopping because end time detected by thread: Hilos de Modificar Apunte 1-208
2018-05-10 23:35:56,673 INFO o.a.j.t.JMeterThread: Stopping because end time detected by thread: Hilos de Modificar Apunte 1-209
2018-05-10 23:35:56,673 INFO o.a.j.t.JMeterThread: Thread finished: Hilos de Modificar Apunte 1-208
2018-05-10 23:35:56,673 INFO o.a.j.t.JMeterThread: Thread finished: Hilos de Modificar Apunte 1-209
2018-05-10 23:35:56,690 INFO o.a.j.t.JMeterThread: Stopping because end time detected by thread: Hilos de Modificar Apunte 1-210
2018-05-10 23:35:56,691 INFO o.a.j.t.JMeterThread: Thread finished: Hilos de Modificar Apunte 1-210
2018-05-10 23:35:56,692 INFO o.a.j.t.JMeterThread: Stopping because end time detected by thread: Hilos de Modificar Apunte 1-211
2018-05-10 23:35:56,692 INFO o.a.j.t.JMeterThread: Thread finished: Hilos de Modificar Apunte 1-211
2018-05-10 23:35:56,708 INFO o.a.j.t.JMeterThread: Stopping because end time detected by thread: Hilos de Modificar Apunte 1-212
2018-05-10 23:35:56,708 INFO o.a.j.t.JMeterThread: Thread finished: Hilos de Modificar Apunte 1-212
2018-05-10 23:35:56,710 INFO o.a.j.t.JMeterThread: Stopping because end time detected by thread: Hilos de Modificar Apunte 1-213
2018-05-10 23:35:56,710 INFO o.a.j.t.JMeterThread: Thread finished: Hilos de Modificar Apunte 1-213
2018-05-10 23:35:56,724 INFO o.a.j.t.JMeterThread: Stopping because end time detected by thread: Hilos de Modificar Apunte 1-214
2018-05-10 23:35:56,724 INFO o.a.j.t.JMeterThread: Thread finished: Hilos de Modificar Apunte 1-214
2018-05-10 23:35:56,726 INFO o.a.j.t.JMeterThread: Stopping because end time detected by thread: Hilos de Modificar Apunte 1-215
2018-05-10 23:35:56,726 INFO o.a.j.t.JMeterThread: Thread finished: Hilos de Modificar Apunte 1-215
2018-05-10 23:35:56,744 INFO o.a.j.t.JMeterThread: Stopping because end time detected by thread: Hilos de Modificar Apunte 1-216
2018-05-10 23:35:56,744 INFO o.a.j.t.JMeterThread: Stopping because end time detected by thread: Hilos de Modificar Apunte 1-217
2018-05-10 23:35:56,744 INFO o.a.j.t.JMeterThread: Thread finished: Hilos de Modificar Apunte 1-216
2018-05-10 23:35:56,744 INFO o.a.j.t.JMeterThread: Thread finished: Hilos de Modificar Apunte 1-217
2018-05-10 23:35:56,760 INFO o.a.j.t.JMeterThread: Stopping because end time detected by thread: Hilos de Modificar Apunte 1-219
2018-05-10 23:35:56,760 INFO o.a.j.t.JMeterThread: Stopping because end time detected by thread: Hilos de Modificar Apunte 1-218
2018-05-10 23:35:56,760 INFO o.a.j.t.JMeterThread: Thread finished: Hilos de Modificar Apunte 1-219
2018-05-10 23:35:56,760 INFO o.a.j.t.JMeterThread: Thread finished: Hilos de Modificar Apunte 1-218
2018-05-10 23:35:56,778 INFO o.a.j.t.JMeterThread: Stopping because end time detected by thread: Hilos de Modificar Apunte 1-221
2018-05-10 23:35:56,778 INFO o.a.j.t.JMeterThread: Stopping because end time detected by thread: Hilos de Modificar Apunte 1-220
2018-05-10 23:35:56,778 INFO o.a.j.t.JMeterThread: Thread finished: Hilos de Modificar Apunte 1-221
2018-05-10 23:35:56,778 INFO o.a.j.t.JMeterThread: Thread finished: Hilos de Modificar Apunte 1-220
2018-05-10 23:35:56,796 INFO o.a.j.t.JMeterThread: Stopping because end time detected by thread: Hilos de Modificar Apunte 1-222
2018-05-10 23:35:56,796 INFO o.a.j.t.JMeterThread: Thread finished: Hilos de Modificar Apunte 1-222
2018-05-10 23:35:56,798 INFO o.a.j.t.JMeterThread: Stopping because end time detected by thread: Hilos de Modificar Apunte 1-223
2018-05-10 23:35:56,798 INFO o.a.j.t.JMeterThread: Thread finished: Hilos de Modificar Apunte 1-223
2018-05-10 23:35:56,816 INFO o.a.j.t.JMeterThread: Stopping because end time detected by thread: Hilos de Modificar Apunte 1-225
2018-05-10 23:35:56,816 INFO o.a.j.t.JMeterThread: Stopping because end time detected by thread: Hilos de Modificar Apunte 1-224
2018-05-10 23:35:56,816 INFO o.a.j.t.JMeterThread: Thread finished: Hilos de Modificar Apunte 1-225
2018-05-10 23:35:56,816 INFO o.a.j.t.JMeterThread: Thread finished: Hilos de Modificar Apunte 1-224
2018-05-10 23:35:56,833 INFO o.a.j.t.JMeterThread: Stopping because end time detected by thread: Hilos de Modificar Apunte 1-227
2018-05-10 23:35:56,833 INFO o.a.j.t.JMeterThread: Thread finished: Hilos de Modificar Apunte 1-227
2018-05-10 23:35:56,836 INFO o.a.j.t.JMeterThread: Stopping because end time detected by thread: Hilos de Modificar Apunte 1-226
2018-05-10 23:35:56,836 INFO o.a.j.t.JMeterThread: Thread finished: Hilos de Modificar Apunte 1-226
2018-05-10 23:35:56,855 INFO o.a.j.t.JMeterThread: Stopping because end time detected by thread: Hilos de Modificar Apunte 1-229
2018-05-10 23:35:56,855 INFO o.a.j.t.JMeterThread: Stopping because end time detected by thread: Hilos de Modificar Apunte 1-228
2018-05-10 23:35:56,855 INFO o.a.j.t.JMeterThread: Thread finished: Hilos de Modificar Apunte 1-229
2018-05-10 23:35:56,855 INFO o.a.j.t.JMeterThread: Thread finished: Hilos de Modificar Apunte 1-228
2018-05-10 23:35:56,873 INFO o.a.j.t.JMeterThread: Stopping because end time detected by thread: Hilos de Modificar Apunte 1-231
2018-05-10 23:35:56,873 INFO o.a.j.t.JMeterThread: Stopping because end time detected by thread: Hilos de Modificar Apunte 1-230
2018-05-10 23:35:56,874 INFO o.a.j.t.JMeterThread: Thread finished: Hilos de Modificar Apunte 1-231
2018-05-10 23:35:56,874 INFO o.a.j.t.JMeterThread: Thread finished: Hilos de Modificar Apunte 1-230
2018-05-10 23:35:56,891 INFO o.a.j.t.JMeterThread: Stopping because end time detected by thread: Hilos de Modificar Apunte 1-232
2018-05-10 23:35:56,891 INFO o.a.j.t.JMeterThread: Stopping because end time detected by thread: Hilos de Modificar Apunte 1-233
2018-05-10 23:35:56,891 INFO o.a.j.t.JMeterThread: Thread finished: Hilos de Modificar Apunte 1-232
2018-05-10 23:35:56,891 INFO o.a.j.t.JMeterThread: Thread finished: Hilos de Modificar Apunte 1-233
2018-05-10 23:35:56,909 INFO o.a.j.t.JMeterThread: Stopping because end time detected by thread: Hilos de Modificar Apunte 1-234
2018-05-10 23:35:56,909 INFO o.a.j.t.JMeterThread: Thread finished: Hilos de Modificar Apunte 1-234
2018-05-10 23:35:56,911 INFO o.a.j.t.JMeterThread: Stopping because end time detected by thread: Hilos de Modificar Apunte 1-235
2018-05-10 23:35:56,911 INFO o.a.j.t.JMeterThread: Thread finished: Hilos de Modificar Apunte 1-235
2018-05-10 23:35:56,927 INFO o.a.j.t.JMeterThread: Stopping because end time detected by thread: Hilos de Modificar Apunte 1-236
2018-05-10 23:35:56,927 INFO o.a.j.t.JMeterThread: Stopping because end time detected by thread: Hilos de Modificar Apunte 1-237
2018-05-10 23:35:56,927 INFO o.a.j.t.JMeterThread: Thread finished: Hilos de Modificar Apunte 1-236
2018-05-10 23:35:56,927 INFO o.a.j.t.JMeterThread: Thread finished: Hilos de Modificar Apunte 1-237
2018-05-10 23:35:56,950 INFO o.a.j.t.JMeterThread: Stopping because end time detected by thread: Hilos de Modificar Apunte 1-239
2018-05-10 23:35:56,950 INFO o.a.j.t.JMeterThread: Thread finished: Hilos de Modificar Apunte 1-239
2018-05-10 23:35:56,952 INFO o.a.j.t.JMeterThread: Stopping because end time detected by thread: Hilos de Modificar Apunte 1-238
2018-05-10 23:35:56,952 INFO o.a.j.t.JMeterThread: Thread finished: Hilos de Modificar Apunte 1-238
2018-05-10 23:35:56,969 INFO o.a.j.t.JMeterThread: Stopping because end time detected by thread: Hilos de Modificar Apunte 1-240
2018-05-10 23:35:56,970 INFO o.a.j.t.JMeterThread: Thread finished: Hilos de Modificar Apunte 1-240
2018-05-10 23:36:00,904 INFO o.a.j.r.Summariser: summary +     97 in 00:01:29 =    1,1/s Avg: 677951 Min: 289307 Max: 716215 Err:     0 (0,00%) Active: 146 Started: 240 Finished: 94
2018-05-10 23:36:00,905 INFO o.a.j.r.Summariser: summary =    733 in 00:12:09 =    1,0/s Avg: 184754 Min:    29 Max: 716215 Err:     0 (0,00%)
2018-05-10 23:36:00,905 INFO o.a.j.t.JMeterThread: Stopping because end time detected by thread: Hilos de Modificar Apunte 1-101
2018-05-10 23:36:00,905 INFO o.a.j.t.JMeterThread: Thread finished: Hilos de Modificar Apunte 1-101
2018-05-10 23:36:14,865 INFO o.a.j.t.JMeterThread: Stopping because end time detected by thread: Hilos de Modificar Apunte 1-85
2018-05-10 23:36:14,865 INFO o.a.j.t.JMeterThread: Thread finished: Hilos de Modificar Apunte 1-85
2018-05-10 23:36:16,215 INFO o.a.j.t.JMeterThread: Stopping because end time detected by thread: Hilos de Modificar Apunte 1-110
2018-05-10 23:36:16,215 INFO o.a.j.t.JMeterThread: Thread finished: Hilos de Modificar Apunte 1-110
2018-05-10 23:36:17,235 INFO o.a.j.t.JMeterThread: Stopping because end time detected by thread: Hilos de Modificar Apunte 1-80
2018-05-10 23:36:17,235 INFO o.a.j.t.JMeterThread: Thread finished: Hilos de Modificar Apunte 1-80
2018-05-10 23:36:18,478 INFO o.a.j.t.JMeterThread: Stopping because end time detected by thread: Hilos de Modificar Apunte 1-43
2018-05-10 23:36:18,478 INFO o.a.j.t.JMeterThread: Thread finished: Hilos de Modificar Apunte 1-43
2018-05-10 23:36:20,030 INFO o.a.j.t.JMeterThread: Stopping because end time detected by thread: Hilos de Modificar Apunte 1-61
2018-05-10 23:36:20,030 INFO o.a.j.t.JMeterThread: Thread finished: Hilos de Modificar Apunte 1-61
2018-05-10 23:36:23,888 INFO o.a.j.t.JMeterThread: Stopping because end time detected by thread: Hilos de Modificar Apunte 1-51
2018-05-10 23:36:23,888 INFO o.a.j.t.JMeterThread: Thread finished: Hilos de Modificar Apunte 1-51
2018-05-10 23:36:26,315 INFO o.a.j.t.JMeterThread: Stopping because end time detected by thread: Hilos de Modificar Apunte 1-39
2018-05-10 23:36:26,315 INFO o.a.j.t.JMeterThread: Thread finished: Hilos de Modificar Apunte 1-39
2018-05-10 23:36:26,318 INFO o.a.j.t.JMeterThread: Stopping because end time detected by thread: Hilos de Modificar Apunte 1-65
2018-05-10 23:36:26,318 INFO o.a.j.t.JMeterThread: Thread finished: Hilos de Modificar Apunte 1-65
2018-05-10 23:36:27,374 INFO o.a.j.t.JMeterThread: Stopping because end time detected by thread: Hilos de Modificar Apunte 1-89
2018-05-10 23:36:27,374 INFO o.a.j.t.JMeterThread: Thread finished: Hilos de Modificar Apunte 1-89
2018-05-10 23:36:27,586 INFO o.a.j.t.JMeterThread: Stopping because end time detected by thread: Hilos de Modificar Apunte 1-86
2018-05-10 23:36:27,586 INFO o.a.j.t.JMeterThread: Thread finished: Hilos de Modificar Apunte 1-86
2018-05-10 23:36:29,744 INFO o.a.j.t.JMeterThread: Stopping because end time detected by thread: Hilos de Modificar Apunte 1-67
2018-05-10 23:36:29,744 INFO o.a.j.t.JMeterThread: Thread finished: Hilos de Modificar Apunte 1-67
2018-05-10 23:36:33,996 INFO o.a.j.r.Summariser: summary +     12 in 00:00:33 =    0,4/s Avg: 339892 Min: 334326 Max: 344644 Err:     0 (0,00%) Active: 134 Started: 240 Finished: 106
2018-05-10 23:36:33,996 INFO o.a.j.r.Summariser: summary =    745 in 00:12:42 =    1,0/s Avg: 187253 Min:    29 Max: 716215 Err:     0 (0,00%)
2018-05-10 23:36:33,997 INFO o.a.j.t.JMeterThread: Stopping because end time detected by thread: Hilos de Modificar Apunte 1-144
2018-05-10 23:36:33,997 INFO o.a.j.t.JMeterThread: Thread finished: Hilos de Modificar Apunte 1-144
2018-05-10 23:36:35,191 INFO o.a.j.t.JMeterThread: Stopping because end time detected by thread: Hilos de Modificar Apunte 1-70
2018-05-10 23:36:35,191 INFO o.a.j.t.JMeterThread: Thread finished: Hilos de Modificar Apunte 1-70
2018-05-10 23:36:35,995 INFO o.a.j.t.JMeterThread: Stopping because end time detected by thread: Hilos de Modificar Apunte 1-53
2018-05-10 23:36:35,995 INFO o.a.j.t.JMeterThread: Thread finished: Hilos de Modificar Apunte 1-53
2018-05-10 23:36:36,071 INFO o.a.j.t.JMeterThread: Stopping because end time detected by thread: Hilos de Modificar Apunte 1-37
2018-05-10 23:36:36,071 INFO o.a.j.t.JMeterThread: Thread finished: Hilos de Modificar Apunte 1-37
2018-05-10 23:36:38,811 INFO o.a.j.t.JMeterThread: Stopping because end time detected by thread: Hilos de Modificar Apunte 1-84
2018-05-10 23:36:38,811 INFO o.a.j.t.JMeterThread: Thread finished: Hilos de Modificar Apunte 1-84
2018-05-10 23:36:39,271 INFO o.a.j.t.JMeterThread: Stopping because end time detected by thread: Hilos de Modificar Apunte 1-31
2018-05-10 23:36:39,272 INFO o.a.j.t.JMeterThread: Thread finished: Hilos de Modificar Apunte 1-31
2018-05-10 23:36:40,065 INFO o.a.j.t.JMeterThread: Stopping because end time detected by thread: Hilos de Modificar Apunte 1-100
2018-05-10 23:36:40,065 INFO o.a.j.t.JMeterThread: Thread finished: Hilos de Modificar Apunte 1-100
2018-05-10 23:36:41,082 INFO o.a.j.t.JMeterThread: Stopping because end time detected by thread: Hilos de Modificar Apunte 1-64
2018-05-10 23:36:41,082 INFO o.a.j.t.JMeterThread: Thread finished: Hilos de Modificar Apunte 1-64
2018-05-10 23:36:42,612 INFO o.a.j.t.JMeterThread: Stopping because end time detected by thread: Hilos de Modificar Apunte 1-40
2018-05-10 23:36:42,612 INFO o.a.j.t.JMeterThread: Thread finished: Hilos de Modificar Apunte 1-40
2018-05-10 23:36:44,019 INFO o.a.j.t.JMeterThread: Stopping because end time detected by thread: Hilos de Modificar Apunte 1-77
2018-05-10 23:36:44,019 INFO o.a.j.t.JMeterThread: Thread finished: Hilos de Modificar Apunte 1-77
2018-05-10 23:36:44,809 INFO o.a.j.t.JMeterThread: Stopping because end time detected by thread: Hilos de Modificar Apunte 1-72
2018-05-10 23:36:44,809 INFO o.a.j.t.JMeterThread: Thread finished: Hilos de Modificar Apunte 1-72
2018-05-10 23:36:46,430 INFO o.a.j.t.JMeterThread: Stopping because end time detected by thread: Hilos de Modificar Apunte 1-59
2018-05-10 23:36:46,430 INFO o.a.j.t.JMeterThread: Thread finished: Hilos de Modificar Apunte 1-59
2018-05-10 23:36:46,460 INFO o.a.j.t.JMeterThread: Stopping because end time detected by thread: Hilos de Modificar Apunte 1-94
2018-05-10 23:36:46,460 INFO o.a.j.t.JMeterThread: Thread finished: Hilos de Modificar Apunte 1-94
2018-05-10 23:36:46,710 INFO o.a.j.t.JMeterThread: Stopping because end time detected by thread: Hilos de Modificar Apunte 1-66
2018-05-10 23:36:46,711 INFO o.a.j.t.JMeterThread: Thread finished: Hilos de Modificar Apunte 1-66
2018-05-10 23:36:47,052 INFO o.a.j.t.JMeterThread: Stopping because end time detected by thread: Hilos de Modificar Apunte 1-112
2018-05-10 23:36:47,052 INFO o.a.j.t.JMeterThread: Thread finished: Hilos de Modificar Apunte 1-112
2018-05-10 23:36:48,117 INFO o.a.j.t.JMeterThread: Stopping because end time detected by thread: Hilos de Modificar Apunte 1-118
2018-05-10 23:36:48,117 INFO o.a.j.t.JMeterThread: Thread finished: Hilos de Modificar Apunte 1-118
2018-05-10 23:36:50,271 INFO o.a.j.t.JMeterThread: Stopping because end time detected by thread: Hilos de Modificar Apunte 1-146
2018-05-10 23:36:50,272 INFO o.a.j.t.JMeterThread: Thread finished: Hilos de Modificar Apunte 1-146
2018-05-10 23:36:50,505 INFO o.a.j.t.JMeterThread: Stopping because end time detected by thread: Hilos de Modificar Apunte 1-120
2018-05-10 23:36:50,506 INFO o.a.j.t.JMeterThread: Thread finished: Hilos de Modificar Apunte 1-120
2018-05-10 23:36:51,947 INFO o.a.j.t.JMeterThread: Stopping because end time detected by thread: Hilos de Modificar Apunte 1-92
2018-05-10 23:36:51,947 INFO o.a.j.t.JMeterThread: Thread finished: Hilos de Modificar Apunte 1-92
2018-05-10 23:36:52,626 INFO o.a.j.t.JMeterThread: Stopping because end time detected by thread: Hilos de Modificar Apunte 1-34
2018-05-10 23:36:52,626 INFO o.a.j.t.JMeterThread: Thread finished: Hilos de Modificar Apunte 1-34
2018-05-10 23:36:58,704 INFO o.a.j.t.JMeterThread: Stopping because end time detected by thread: Hilos de Modificar Apunte 1-149
2018-05-10 23:36:58,704 INFO o.a.j.t.JMeterThread: Thread finished: Hilos de Modificar Apunte 1-149
2018-05-10 23:37:00,941 INFO o.a.j.r.Summariser: summary +     21 in 00:00:27 =    0,8/s Avg: 347884 Min: 338528 Max: 361742 Err:     0 (0,00%) Active: 113 Started: 240 Finished: 127
2018-05-10 23:37:00,942 INFO o.a.j.r.Summariser: summary =    766 in 00:13:09 =    1,0/s Avg: 191656 Min:    29 Max: 716215 Err:     0 (0,00%)
2018-05-10 23:37:00,942 INFO o.a.j.t.JMeterThread: Stopping because end time detected by thread: Hilos de Modificar Apunte 1-63
2018-05-10 23:37:00,942 INFO o.a.j.t.JMeterThread: Thread finished: Hilos de Modificar Apunte 1-63
2018-05-10 23:37:04,751 INFO o.a.j.t.JMeterThread: Stopping because end time detected by thread: Hilos de Modificar Apunte 1-62
2018-05-10 23:37:04,752 INFO o.a.j.t.JMeterThread: Thread finished: Hilos de Modificar Apunte 1-62
2018-05-10 23:37:08,341 INFO o.a.j.t.JMeterThread: Stopping because end time detected by thread: Hilos de Modificar Apunte 1-99
2018-05-10 23:37:08,341 INFO o.a.j.t.JMeterThread: Thread finished: Hilos de Modificar Apunte 1-99
2018-05-10 23:37:13,866 INFO o.a.j.t.JMeterThread: Stopping because end time detected by thread: Hilos de Modificar Apunte 1-33
2018-05-10 23:37:13,866 INFO o.a.j.t.JMeterThread: Thread finished: Hilos de Modificar Apunte 1-33
2018-05-10 23:37:13,883 INFO o.a.j.t.JMeterThread: Stopping because end time detected by thread: Hilos de Modificar Apunte 1-116
2018-05-10 23:37:13,883 INFO o.a.j.t.JMeterThread: Thread finished: Hilos de Modificar Apunte 1-116
2018-05-10 23:37:18,971 INFO o.a.j.t.JMeterThread: Stopping because end time detected by thread: Hilos de Modificar Apunte 1-96
2018-05-10 23:37:18,971 INFO o.a.j.t.JMeterThread: Thread finished: Hilos de Modificar Apunte 1-96
2018-05-10 23:37:22,591 INFO o.a.j.t.JMeterThread: Stopping because end time detected by thread: Hilos de Modificar Apunte 1-44
2018-05-10 23:37:22,591 INFO o.a.j.t.JMeterThread: Thread finished: Hilos de Modificar Apunte 1-44
2018-05-10 23:37:23,191 INFO o.a.j.t.JMeterThread: Stopping because end time detected by thread: Hilos de Modificar Apunte 1-76
2018-05-10 23:37:23,191 INFO o.a.j.t.JMeterThread: Thread finished: Hilos de Modificar Apunte 1-76
2018-05-10 23:37:23,632 INFO o.a.j.t.JMeterThread: Stopping because end time detected by thread: Hilos de Modificar Apunte 1-129
2018-05-10 23:37:23,632 INFO o.a.j.t.JMeterThread: Thread finished: Hilos de Modificar Apunte 1-129
2018-05-10 23:37:23,660 INFO o.a.j.t.JMeterThread: Stopping because end time detected by thread: Hilos de Modificar Apunte 1-73
2018-05-10 23:37:23,661 INFO o.a.j.t.JMeterThread: Thread finished: Hilos de Modificar Apunte 1-73
2018-05-10 23:37:24,199 INFO o.a.j.t.JMeterThread: Stopping because end time detected by thread: Hilos de Modificar Apunte 1-98
2018-05-10 23:37:24,199 INFO o.a.j.t.JMeterThread: Thread finished: Hilos de Modificar Apunte 1-98
2018-05-10 23:37:25,463 INFO o.a.j.t.JMeterThread: Stopping because end time detected by thread: Hilos de Modificar Apunte 1-121
2018-05-10 23:37:25,463 INFO o.a.j.t.JMeterThread: Thread finished: Hilos de Modificar Apunte 1-121
2018-05-10 23:37:25,570 INFO o.a.j.t.JMeterThread: Stopping because end time detected by thread: Hilos de Modificar Apunte 1-104
2018-05-10 23:37:25,570 INFO o.a.j.t.JMeterThread: Thread finished: Hilos de Modificar Apunte 1-104
2018-05-10 23:37:28,148 INFO o.a.j.t.JMeterThread: Stopping because end time detected by thread: Hilos de Modificar Apunte 1-147
2018-05-10 23:37:28,148 INFO o.a.j.t.JMeterThread: Thread finished: Hilos de Modificar Apunte 1-147
2018-05-10 23:37:28,699 INFO o.a.j.t.JMeterThread: Stopping because end time detected by thread: Hilos de Modificar Apunte 1-133
2018-05-10 23:37:28,699 INFO o.a.j.t.JMeterThread: Thread finished: Hilos de Modificar Apunte 1-133
2018-05-10 23:37:28,839 INFO o.a.j.t.JMeterThread: Stopping because end time detected by thread: Hilos de Modificar Apunte 1-108
2018-05-10 23:37:28,839 INFO o.a.j.t.JMeterThread: Thread finished: Hilos de Modificar Apunte 1-108
2018-05-10 23:37:29,617 INFO o.a.j.t.JMeterThread: Stopping because end time detected by thread: Hilos de Modificar Apunte 1-140
2018-05-10 23:37:29,617 INFO o.a.j.t.JMeterThread: Thread finished: Hilos de Modificar Apunte 1-140
2018-05-10 23:37:30,293 INFO o.a.j.r.Summariser: summary +     17 in 00:00:29 =    0,6/s Avg: 375029 Min: 357675 Max: 389912 Err:     0 (0,00%) Active: 96 Started: 240 Finished: 144
2018-05-10 23:37:30,293 INFO o.a.j.r.Summariser: summary =    783 in 00:13:39 =    1,0/s Avg: 195638 Min:    29 Max: 716215 Err:     0 (0,00%)
2018-05-10 23:37:30,294 INFO o.a.j.t.JMeterThread: Stopping because end time detected by thread: Hilos de Modificar Apunte 1-105
2018-05-10 23:37:30,294 INFO o.a.j.t.JMeterThread: Thread finished: Hilos de Modificar Apunte 1-105
2018-05-10 23:37:30,483 INFO o.a.j.t.JMeterThread: Stopping because end time detected by thread: Hilos de Modificar Apunte 1-148
2018-05-10 23:37:30,483 INFO o.a.j.t.JMeterThread: Thread finished: Hilos de Modificar Apunte 1-148
2018-05-10 23:37:31,337 INFO o.a.j.t.JMeterThread: Stopping because end time detected by thread: Hilos de Modificar Apunte 1-137
2018-05-10 23:37:31,338 INFO o.a.j.t.JMeterThread: Thread finished: Hilos de Modificar Apunte 1-137
2018-05-10 23:37:32,789 INFO o.a.j.t.JMeterThread: Stopping because end time detected by thread: Hilos de Modificar Apunte 1-78
2018-05-10 23:37:32,789 INFO o.a.j.t.JMeterThread: Thread finished: Hilos de Modificar Apunte 1-78
2018-05-10 23:37:33,354 INFO o.a.j.t.JMeterThread: Stopping because end time detected by thread: Hilos de Modificar Apunte 1-58
2018-05-10 23:37:33,354 INFO o.a.j.t.JMeterThread: Thread finished: Hilos de Modificar Apunte 1-58
2018-05-10 23:37:33,400 INFO o.a.j.t.JMeterThread: Stopping because end time detected by thread: Hilos de Modificar Apunte 1-87
2018-05-10 23:37:33,400 INFO o.a.j.t.JMeterThread: Thread finished: Hilos de Modificar Apunte 1-87
2018-05-10 23:37:33,548 INFO o.a.j.t.JMeterThread: Stopping because end time detected by thread: Hilos de Modificar Apunte 1-119
2018-05-10 23:37:33,548 INFO o.a.j.t.JMeterThread: Thread finished: Hilos de Modificar Apunte 1-119
2018-05-10 23:37:33,849 INFO o.a.j.t.JMeterThread: Stopping because end time detected by thread: Hilos de Modificar Apunte 1-111
2018-05-10 23:37:33,849 INFO o.a.j.t.JMeterThread: Thread finished: Hilos de Modificar Apunte 1-111
2018-05-10 23:37:34,415 INFO o.a.j.t.JMeterThread: Stopping because end time detected by thread: Hilos de Modificar Apunte 1-117
2018-05-10 23:37:34,415 INFO o.a.j.t.JMeterThread: Thread finished: Hilos de Modificar Apunte 1-117
2018-05-10 23:37:34,429 INFO o.a.j.t.JMeterThread: Stopping because end time detected by thread: Hilos de Modificar Apunte 1-143
2018-05-10 23:37:34,429 INFO o.a.j.t.JMeterThread: Thread finished: Hilos de Modificar Apunte 1-143
2018-05-10 23:37:34,703 INFO o.a.j.t.JMeterThread: Stopping because end time detected by thread: Hilos de Modificar Apunte 1-52
2018-05-10 23:37:34,703 INFO o.a.j.t.JMeterThread: Thread finished: Hilos de Modificar Apunte 1-52
2018-05-10 23:37:34,776 INFO o.a.j.t.JMeterThread: Stopping because end time detected by thread: Hilos de Modificar Apunte 1-134
2018-05-10 23:37:34,776 INFO o.a.j.t.JMeterThread: Thread finished: Hilos de Modificar Apunte 1-134
2018-05-10 23:37:35,137 INFO o.a.j.t.JMeterThread: Stopping because end time detected by thread: Hilos de Modificar Apunte 1-42
2018-05-10 23:37:35,137 INFO o.a.j.t.JMeterThread: Thread finished: Hilos de Modificar Apunte 1-42
2018-05-10 23:37:35,217 INFO o.a.j.t.JMeterThread: Stopping because end time detected by thread: Hilos de Modificar Apunte 1-46
2018-05-10 23:37:35,217 INFO o.a.j.t.JMeterThread: Thread finished: Hilos de Modificar Apunte 1-46
2018-05-10 23:37:35,236 INFO o.a.j.t.JMeterThread: Stopping because end time detected by thread: Hilos de Modificar Apunte 1-49
2018-05-10 23:37:35,236 INFO o.a.j.t.JMeterThread: Thread finished: Hilos de Modificar Apunte 1-49
2018-05-10 23:37:35,569 INFO o.a.j.t.JMeterThread: Stopping because end time detected by thread: Hilos de Modificar Apunte 1-69
2018-05-10 23:37:35,569 INFO o.a.j.t.JMeterThread: Thread finished: Hilos de Modificar Apunte 1-69
2018-05-10 23:37:35,632 INFO o.a.j.t.JMeterThread: Stopping because end time detected by thread: Hilos de Modificar Apunte 1-136
2018-05-10 23:37:35,632 INFO o.a.j.t.JMeterThread: Thread finished: Hilos de Modificar Apunte 1-136
2018-05-10 23:37:35,737 INFO o.a.j.t.JMeterThread: Stopping because end time detected by thread: Hilos de Modificar Apunte 1-109
2018-05-10 23:37:35,737 INFO o.a.j.t.JMeterThread: Thread finished: Hilos de Modificar Apunte 1-109
2018-05-10 23:37:35,822 INFO o.a.j.t.JMeterThread: Stopping because end time detected by thread: Hilos de Modificar Apunte 1-95
2018-05-10 23:37:35,822 INFO o.a.j.t.JMeterThread: Thread finished: Hilos de Modificar Apunte 1-95
2018-05-10 23:37:36,521 INFO o.a.j.t.JMeterThread: Stopping because end time detected by thread: Hilos de Modificar Apunte 1-124
2018-05-10 23:37:36,521 INFO o.a.j.t.JMeterThread: Thread finished: Hilos de Modificar Apunte 1-124
2018-05-10 23:37:37,326 INFO o.a.j.t.JMeterThread: Stopping because end time detected by thread: Hilos de Modificar Apunte 1-130
2018-05-10 23:37:37,326 INFO o.a.j.t.JMeterThread: Thread finished: Hilos de Modificar Apunte 1-130
2018-05-10 23:37:37,355 INFO o.a.j.t.JMeterThread: Stopping because end time detected by thread: Hilos de Modificar Apunte 1-54
2018-05-10 23:37:37,355 INFO o.a.j.t.JMeterThread: Thread finished: Hilos de Modificar Apunte 1-54
2018-05-10 23:37:37,415 INFO o.a.j.t.JMeterThread: Stopping because end time detected by thread: Hilos de Modificar Apunte 1-71
2018-05-10 23:37:37,415 INFO o.a.j.t.JMeterThread: Thread finished: Hilos de Modificar Apunte 1-71
2018-05-10 23:37:37,515 INFO o.a.j.t.JMeterThread: Stopping because end time detected by thread: Hilos de Modificar Apunte 1-79
2018-05-10 23:37:37,516 INFO o.a.j.t.JMeterThread: Thread finished: Hilos de Modificar Apunte 1-79
2018-05-10 23:37:37,534 INFO o.a.j.t.JMeterThread: Stopping because end time detected by thread: Hilos de Modificar Apunte 1-122
2018-05-10 23:37:37,534 INFO o.a.j.t.JMeterThread: Thread finished: Hilos de Modificar Apunte 1-122
2018-05-10 23:37:37,560 INFO o.a.j.t.JMeterThread: Stopping because end time detected by thread: Hilos de Modificar Apunte 1-194
2018-05-10 23:37:37,560 INFO o.a.j.t.JMeterThread: Thread finished: Hilos de Modificar Apunte 1-194
2018-05-10 23:37:37,589 INFO o.a.j.t.JMeterThread: Stopping because end time detected by thread: Hilos de Modificar Apunte 1-103
2018-05-10 23:37:37,589 INFO o.a.j.t.JMeterThread: Thread finished: Hilos de Modificar Apunte 1-103
2018-05-10 23:37:37,689 INFO o.a.j.t.JMeterThread: Stopping because end time detected by thread: Hilos de Modificar Apunte 1-57
2018-05-10 23:37:37,689 INFO o.a.j.t.JMeterThread: Thread finished: Hilos de Modificar Apunte 1-57
2018-05-10 23:37:37,847 INFO o.a.j.t.JMeterThread: Stopping because end time detected by thread: Hilos de Modificar Apunte 1-154
2018-05-10 23:37:37,847 INFO o.a.j.t.JMeterThread: Thread finished: Hilos de Modificar Apunte 1-154
2018-05-10 23:37:37,914 INFO o.a.j.t.JMeterThread: Stopping because end time detected by thread: Hilos de Modificar Apunte 1-45
2018-05-10 23:37:37,914 INFO o.a.j.t.JMeterThread: Thread finished: Hilos de Modificar Apunte 1-45
2018-05-10 23:37:37,972 INFO o.a.j.t.JMeterThread: Stopping because end time detected by thread: Hilos de Modificar Apunte 1-150
2018-05-10 23:37:37,972 INFO o.a.j.t.JMeterThread: Thread finished: Hilos de Modificar Apunte 1-150
2018-05-10 23:37:38,026 INFO o.a.j.t.JMeterThread: Stopping because end time detected by thread: Hilos de Modificar Apunte 1-127
2018-05-10 23:37:38,026 INFO o.a.j.t.JMeterThread: Thread finished: Hilos de Modificar Apunte 1-127
2018-05-10 23:37:38,056 INFO o.a.j.t.JMeterThread: Stopping because end time detected by thread: Hilos de Modificar Apunte 1-139
2018-05-10 23:37:38,056 INFO o.a.j.t.JMeterThread: Thread finished: Hilos de Modificar Apunte 1-139
2018-05-10 23:37:38,091 INFO o.a.j.t.JMeterThread: Stopping because end time detected by thread: Hilos de Modificar Apunte 1-145
2018-05-10 23:37:38,092 INFO o.a.j.t.JMeterThread: Thread finished: Hilos de Modificar Apunte 1-145
2018-05-10 23:37:38,158 INFO o.a.j.t.JMeterThread: Stopping because end time detected by thread: Hilos de Modificar Apunte 1-48
2018-05-10 23:37:38,158 INFO o.a.j.t.JMeterThread: Thread finished: Hilos de Modificar Apunte 1-48
2018-05-10 23:37:38,204 INFO o.a.j.t.JMeterThread: Stopping because end time detected by thread: Hilos de Modificar Apunte 1-47
2018-05-10 23:37:38,204 INFO o.a.j.t.JMeterThread: Thread finished: Hilos de Modificar Apunte 1-47
2018-05-10 23:37:38,205 INFO o.a.j.t.JMeterThread: Stopping because end time detected by thread: Hilos de Modificar Apunte 1-75
2018-05-10 23:37:38,205 INFO o.a.j.t.JMeterThread: Thread finished: Hilos de Modificar Apunte 1-75
2018-05-10 23:37:38,222 INFO o.a.j.t.JMeterThread: Stopping because end time detected by thread: Hilos de Modificar Apunte 1-128
2018-05-10 23:37:38,222 INFO o.a.j.t.JMeterThread: Thread finished: Hilos de Modificar Apunte 1-128
2018-05-10 23:37:38,323 INFO o.a.j.t.JMeterThread: Stopping because end time detected by thread: Hilos de Modificar Apunte 1-126
2018-05-10 23:37:38,323 INFO o.a.j.t.JMeterThread: Thread finished: Hilos de Modificar Apunte 1-126
2018-05-10 23:37:38,329 INFO o.a.j.t.JMeterThread: Stopping because end time detected by thread: Hilos de Modificar Apunte 1-138
2018-05-10 23:37:38,329 INFO o.a.j.t.JMeterThread: Thread finished: Hilos de Modificar Apunte 1-138
2018-05-10 23:37:38,335 INFO o.a.j.t.JMeterThread: Stopping because end time detected by thread: Hilos de Modificar Apunte 1-115
2018-05-10 23:37:38,335 INFO o.a.j.t.JMeterThread: Thread finished: Hilos de Modificar Apunte 1-115
2018-05-10 23:37:38,408 INFO o.a.j.t.JMeterThread: Stopping because end time detected by thread: Hilos de Modificar Apunte 1-102
2018-05-10 23:37:38,408 INFO o.a.j.t.JMeterThread: Thread finished: Hilos de Modificar Apunte 1-102
2018-05-10 23:37:38,507 INFO o.a.j.t.JMeterThread: Stopping because end time detected by thread: Hilos de Modificar Apunte 1-106
2018-05-10 23:37:38,507 INFO o.a.j.t.JMeterThread: Thread finished: Hilos de Modificar Apunte 1-106
2018-05-10 23:37:38,599 INFO o.a.j.t.JMeterThread: Stopping because end time detected by thread: Hilos de Modificar Apunte 1-83
2018-05-10 23:37:38,599 INFO o.a.j.t.JMeterThread: Thread finished: Hilos de Modificar Apunte 1-83
2018-05-10 23:37:38,786 INFO o.a.j.t.JMeterThread: Stopping because end time detected by thread: Hilos de Modificar Apunte 1-142
2018-05-10 23:37:38,786 INFO o.a.j.t.JMeterThread: Thread finished: Hilos de Modificar Apunte 1-142
2018-05-10 23:37:38,804 INFO o.a.j.t.JMeterThread: Stopping because end time detected by thread: Hilos de Modificar Apunte 1-82
2018-05-10 23:37:38,804 INFO o.a.j.t.JMeterThread: Thread finished: Hilos de Modificar Apunte 1-82
2018-05-10 23:37:38,824 INFO o.a.j.t.JMeterThread: Stopping because end time detected by thread: Hilos de Modificar Apunte 1-56
2018-05-10 23:37:38,824 INFO o.a.j.t.JMeterThread: Thread finished: Hilos de Modificar Apunte 1-56
2018-05-10 23:37:38,909 INFO o.a.j.t.JMeterThread: Stopping because end time detected by thread: Hilos de Modificar Apunte 1-74
2018-05-10 23:37:38,909 INFO o.a.j.t.JMeterThread: Thread finished: Hilos de Modificar Apunte 1-74
2018-05-10 23:37:38,917 INFO o.a.j.t.JMeterThread: Stopping because end time detected by thread: Hilos de Modificar Apunte 1-88
2018-05-10 23:37:38,917 INFO o.a.j.t.JMeterThread: Thread finished: Hilos de Modificar Apunte 1-88
2018-05-10 23:37:38,918 INFO o.a.j.t.JMeterThread: Stopping because end time detected by thread: Hilos de Modificar Apunte 1-141
2018-05-10 23:37:38,918 INFO o.a.j.t.JMeterThread: Thread finished: Hilos de Modificar Apunte 1-141
2018-05-10 23:37:39,009 INFO o.a.j.t.JMeterThread: Stopping because end time detected by thread: Hilos de Modificar Apunte 1-123
2018-05-10 23:37:39,009 INFO o.a.j.t.JMeterThread: Thread finished: Hilos de Modificar Apunte 1-123
2018-05-10 23:37:39,011 INFO o.a.j.t.JMeterThread: Stopping because end time detected by thread: Hilos de Modificar Apunte 1-114
2018-05-10 23:37:39,012 INFO o.a.j.t.JMeterThread: Thread finished: Hilos de Modificar Apunte 1-114
2018-05-10 23:37:39,111 INFO o.a.j.t.JMeterThread: Stopping because end time detected by thread: Hilos de Modificar Apunte 1-107
2018-05-10 23:37:39,111 INFO o.a.j.t.JMeterThread: Stopping because end time detected by thread: Hilos de Modificar Apunte 1-2
2018-05-10 23:37:39,111 INFO o.a.j.t.JMeterThread: Thread finished: Hilos de Modificar Apunte 1-107
2018-05-10 23:37:39,111 INFO o.a.j.t.JMeterThread: Thread finished: Hilos de Modificar Apunte 1-2
2018-05-10 23:37:39,112 INFO o.a.j.t.JMeterThread: Stopping because end time detected by thread: Hilos de Modificar Apunte 1-135
2018-05-10 23:37:39,112 INFO o.a.j.t.JMeterThread: Thread finished: Hilos de Modificar Apunte 1-135
2018-05-10 23:37:39,115 INFO o.a.j.t.JMeterThread: Stopping because end time detected by thread: Hilos de Modificar Apunte 1-91
2018-05-10 23:37:39,115 INFO o.a.j.t.JMeterThread: Thread finished: Hilos de Modificar Apunte 1-91
2018-05-10 23:37:39,131 INFO o.a.j.t.JMeterThread: Stopping because end time detected by thread: Hilos de Modificar Apunte 1-113
2018-05-10 23:37:39,131 INFO o.a.j.t.JMeterThread: Thread finished: Hilos de Modificar Apunte 1-113
2018-05-10 23:37:39,135 INFO o.a.j.t.JMeterThread: Stopping because end time detected by thread: Hilos de Modificar Apunte 1-93
2018-05-10 23:37:39,135 INFO o.a.j.t.JMeterThread: Thread finished: Hilos de Modificar Apunte 1-93
2018-05-10 23:37:39,213 INFO o.a.j.t.JMeterThread: Stopping because end time detected by thread: Hilos de Modificar Apunte 1-131
2018-05-10 23:37:39,213 INFO o.a.j.t.JMeterThread: Thread finished: Hilos de Modificar Apunte 1-131
2018-05-10 23:37:39,297 INFO o.a.j.t.JMeterThread: Stopping because end time detected by thread: Hilos de Modificar Apunte 1-8
2018-05-10 23:37:39,297 INFO o.a.j.t.JMeterThread: Thread finished: Hilos de Modificar Apunte 1-8
2018-05-10 23:37:39,808 INFO o.a.j.t.JMeterThread: Stopping because end time detected by thread: Hilos de Modificar Apunte 1-1
2018-05-10 23:37:39,808 INFO o.a.j.t.JMeterThread: Thread finished: Hilos de Modificar Apunte 1-1
2018-05-10 23:37:42,318 INFO o.a.j.t.JMeterThread: Stopping because end time detected by thread: Hilos de Modificar Apunte 1-3
2018-05-10 23:37:42,318 INFO o.a.j.t.JMeterThread: Thread finished: Hilos de Modificar Apunte 1-3
2018-05-10 23:37:42,947 INFO o.a.j.t.JMeterThread: Stopping because end time detected by thread: Hilos de Modificar Apunte 1-6
2018-05-10 23:37:42,947 INFO o.a.j.t.JMeterThread: Stopping because end time detected by thread: Hilos de Modificar Apunte 1-7
2018-05-10 23:37:42,947 INFO o.a.j.t.JMeterThread: Thread finished: Hilos de Modificar Apunte 1-6
2018-05-10 23:37:42,947 INFO o.a.j.t.JMeterThread: Thread finished: Hilos de Modificar Apunte 1-7
2018-05-10 23:37:43,151 INFO o.a.j.t.JMeterThread: Stopping because end time detected by thread: Hilos de Modificar Apunte 1-5
2018-05-10 23:37:43,151 INFO o.a.j.t.JMeterThread: Thread finished: Hilos de Modificar Apunte 1-5
2018-05-10 23:37:47,358 INFO o.a.j.t.JMeterThread: Stopping because end time detected by thread: Hilos de Modificar Apunte 1-4
2018-05-10 23:37:47,358 INFO o.a.j.t.JMeterThread: Thread finished: Hilos de Modificar Apunte 1-4
2018-05-10 23:37:48,313 INFO o.a.j.t.JMeterThread: Stopping because end time detected by thread: Hilos de Modificar Apunte 1-10
2018-05-10 23:37:48,313 INFO o.a.j.t.JMeterThread: Thread finished: Hilos de Modificar Apunte 1-10
2018-05-10 23:37:48,651 INFO o.a.j.t.JMeterThread: Stopping because end time detected by thread: Hilos de Modificar Apunte 1-9
2018-05-10 23:37:48,651 INFO o.a.j.t.JMeterThread: Thread finished: Hilos de Modificar Apunte 1-9
2018-05-10 23:37:49,022 INFO o.a.j.t.JMeterThread: Stopping because end time detected by thread: Hilos de Modificar Apunte 1-11
2018-05-10 23:37:49,022 INFO o.a.j.t.JMeterThread: Thread finished: Hilos de Modificar Apunte 1-11
2018-05-10 23:37:50,611 INFO o.a.j.t.JMeterThread: Stopping because end time detected by thread: Hilos de Modificar Apunte 1-12
2018-05-10 23:37:50,611 INFO o.a.j.t.JMeterThread: Thread finished: Hilos de Modificar Apunte 1-12
2018-05-10 23:37:50,677 INFO o.a.j.t.JMeterThread: Stopping because end time detected by thread: Hilos de Modificar Apunte 1-13
2018-05-10 23:37:50,677 INFO o.a.j.t.JMeterThread: Thread finished: Hilos de Modificar Apunte 1-13
2018-05-10 23:37:50,912 INFO o.a.j.t.JMeterThread: Stopping because end time detected by thread: Hilos de Modificar Apunte 1-15
2018-05-10 23:37:50,912 INFO o.a.j.t.JMeterThread: Thread finished: Hilos de Modificar Apunte 1-15
2018-05-10 23:37:51,710 INFO o.a.j.t.JMeterThread: Stopping because end time detected by thread: Hilos de Modificar Apunte 1-16
2018-05-10 23:37:51,710 INFO o.a.j.t.JMeterThread: Thread finished: Hilos de Modificar Apunte 1-16
2018-05-10 23:37:51,812 INFO o.a.j.t.JMeterThread: Stopping because end time detected by thread: Hilos de Modificar Apunte 1-20
2018-05-10 23:37:51,812 INFO o.a.j.t.JMeterThread: Thread finished: Hilos de Modificar Apunte 1-20
2018-05-10 23:37:52,189 INFO o.a.j.t.JMeterThread: Stopping because end time detected by thread: Hilos de Modificar Apunte 1-35
2018-05-10 23:37:52,189 INFO o.a.j.t.JMeterThread: Thread finished: Hilos de Modificar Apunte 1-35
2018-05-10 23:37:52,383 INFO o.a.j.t.JMeterThread: Stopping because end time detected by thread: Hilos de Modificar Apunte 1-14
2018-05-10 23:37:52,383 INFO o.a.j.t.JMeterThread: Thread finished: Hilos de Modificar Apunte 1-14
2018-05-10 23:37:52,541 INFO o.a.j.t.JMeterThread: Stopping because end time detected by thread: Hilos de Modificar Apunte 1-19
2018-05-10 23:37:52,541 INFO o.a.j.t.JMeterThread: Thread finished: Hilos de Modificar Apunte 1-19
2018-05-10 23:37:52,751 INFO o.a.j.t.JMeterThread: Stopping because end time detected by thread: Hilos de Modificar Apunte 1-32
2018-05-10 23:37:52,751 INFO o.a.j.t.JMeterThread: Thread finished: Hilos de Modificar Apunte 1-32
2018-05-10 23:37:52,889 INFO o.a.j.t.JMeterThread: Stopping because end time detected by thread: Hilos de Modificar Apunte 1-29
2018-05-10 23:37:52,889 INFO o.a.j.t.JMeterThread: Thread finished: Hilos de Modificar Apunte 1-29
2018-05-10 23:37:53,028 INFO o.a.j.t.JMeterThread: Stopping because end time detected by thread: Hilos de Modificar Apunte 1-30
2018-05-10 23:37:53,028 INFO o.a.j.t.JMeterThread: Stopping because end time detected by thread: Hilos de Modificar Apunte 1-21
2018-05-10 23:37:53,028 INFO o.a.j.t.JMeterThread: Thread finished: Hilos de Modificar Apunte 1-30
2018-05-10 23:37:53,028 INFO o.a.j.t.JMeterThread: Thread finished: Hilos de Modificar Apunte 1-21
2018-05-10 23:37:53,097 INFO o.a.j.t.JMeterThread: Stopping because end time detected by thread: Hilos de Modificar Apunte 1-36
2018-05-10 23:37:53,097 INFO o.a.j.t.JMeterThread: Thread finished: Hilos de Modificar Apunte 1-36
2018-05-10 23:37:53,135 INFO o.a.j.t.JMeterThread: Stopping because end time detected by thread: Hilos de Modificar Apunte 1-23
2018-05-10 23:37:53,136 INFO o.a.j.t.JMeterThread: Thread finished: Hilos de Modificar Apunte 1-23
2018-05-10 23:37:53,306 INFO o.a.j.t.JMeterThread: Stopping because end time detected by thread: Hilos de Modificar Apunte 1-24
2018-05-10 23:37:53,307 INFO o.a.j.t.JMeterThread: Thread finished: Hilos de Modificar Apunte 1-24
2018-05-10 23:37:53,357 INFO o.a.j.t.JMeterThread: Stopping because end time detected by thread: Hilos de Modificar Apunte 1-38
2018-05-10 23:37:53,357 INFO o.a.j.t.JMeterThread: Thread finished: Hilos de Modificar Apunte 1-38
2018-05-10 23:37:53,413 INFO o.a.j.t.JMeterThread: Stopping because end time detected by thread: Hilos de Modificar Apunte 1-17
2018-05-10 23:37:53,413 INFO o.a.j.t.JMeterThread: Stopping because end time detected by thread: Hilos de Modificar Apunte 1-22
2018-05-10 23:37:53,413 INFO o.a.j.t.JMeterThread: Thread finished: Hilos de Modificar Apunte 1-17
2018-05-10 23:37:53,413 INFO o.a.j.t.JMeterThread: Thread finished: Hilos de Modificar Apunte 1-22
2018-05-10 23:37:53,425 INFO o.a.j.t.JMeterThread: Stopping because end time detected by thread: Hilos de Modificar Apunte 1-18
2018-05-10 23:37:53,425 INFO o.a.j.t.JMeterThread: Thread finished: Hilos de Modificar Apunte 1-18
2018-05-10 23:37:53,573 INFO o.a.j.t.JMeterThread: Stopping because end time detected by thread: Hilos de Modificar Apunte 1-60
2018-05-10 23:37:53,573 INFO o.a.j.t.JMeterThread: Thread finished: Hilos de Modificar Apunte 1-60
2018-05-10 23:37:53,582 INFO o.a.j.t.JMeterThread: Stopping because end time detected by thread: Hilos de Modificar Apunte 1-26
2018-05-10 23:37:53,582 INFO o.a.j.t.JMeterThread: Thread finished: Hilos de Modificar Apunte 1-26
2018-05-10 23:37:53,596 INFO o.a.j.t.JMeterThread: Stopping because end time detected by thread: Hilos de Modificar Apunte 1-125
2018-05-10 23:37:53,596 INFO o.a.j.t.JMeterThread: Thread finished: Hilos de Modificar Apunte 1-125
2018-05-10 23:37:53,608 INFO o.a.j.t.JMeterThread: Stopping because end time detected by thread: Hilos de Modificar Apunte 1-50
2018-05-10 23:37:53,608 INFO o.a.j.t.JMeterThread: Thread finished: Hilos de Modificar Apunte 1-50
2018-05-10 23:37:53,644 INFO o.a.j.t.JMeterThread: Stopping because end time detected by thread: Hilos de Modificar Apunte 1-25
2018-05-10 23:37:53,644 INFO o.a.j.t.JMeterThread: Thread finished: Hilos de Modificar Apunte 1-25
2018-05-10 23:37:53,656 INFO o.a.j.t.JMeterThread: Stopping because end time detected by thread: Hilos de Modificar Apunte 1-97
2018-05-10 23:37:53,656 INFO o.a.j.t.JMeterThread: Thread finished: Hilos de Modificar Apunte 1-97
2018-05-10 23:37:54,608 INFO o.a.j.t.JMeterThread: Stopping because end time detected by thread: Hilos de Modificar Apunte 1-90
2018-05-10 23:37:54,608 INFO o.a.j.t.JMeterThread: Thread finished: Hilos de Modificar Apunte 1-90
2018-05-10 23:37:54,647 INFO o.a.j.t.JMeterThread: Stopping because end time detected by thread: Hilos de Modificar Apunte 1-132
2018-05-10 23:37:54,647 INFO o.a.j.t.JMeterThread: Thread finished: Hilos de Modificar Apunte 1-132
2018-05-10 23:37:54,647 INFO o.a.j.e.StandardJMeterEngine: Notifying test listeners of end of test
2018-05-10 23:37:54,648 INFO o.a.j.r.Summariser: summary +     95 in 00:00:24 =    3,9/s Avg: 338277 Min: 162898 Max: 835170 Err:     0 (0,00%) Active: 0 Started: 240 Finished: 240
2018-05-10 23:37:54,648 INFO o.a.j.r.Summariser: summary =    878 in 00:14:03 =    1,0/s Avg: 211071 Min:    29 Max: 835170 Err:     0 (0,00%)
